<?xml version="1.0" encoding="UTF-8"?>
<coverage generated="1630724172886" clover="3.2.0">
  <project timestamp="1630724172886" name="All files">
    <metrics statements="114" coveredstatements="114" conditionals="102" coveredconditionals="102" methods="55" coveredmethods="55" elements="271" coveredelements="271" complexity="0" loc="114" ncloc="114" packages="5" files="12" classes="12"/>
    <package name="src">
      <metrics statements="17" coveredstatements="17" conditionals="0" coveredconditionals="0" methods="22" coveredmethods="22"/>
      <file name="index.tsx" path="F:\Projects\core\src\index.tsx">
        <metrics statements="17" coveredstatements="17" conditionals="0" coveredconditionals="0" methods="22" coveredmethods="22"/>
        <line num="1" count="23" type="stmt"/>
        <line num="2" count="24" type="stmt"/>
        <line num="3" count="24" type="stmt"/>
        <line num="4" count="28" type="stmt"/>
        <line num="5" count="24" type="stmt"/>
        <line num="6" count="27" type="stmt"/>
        <line num="7" count="32" type="stmt"/>
        <line num="8" count="26" type="stmt"/>
        <line num="9" count="23" type="stmt"/>
        <line num="10" count="23" type="stmt"/>
        <line num="11" count="23" type="stmt"/>
        <line num="12" count="25" type="stmt"/>
        <line num="13" count="24" type="stmt"/>
        <line num="14" count="24" type="stmt"/>
        <line num="15" count="23" type="stmt"/>
        <line num="16" count="26" type="stmt"/>
        <line num="17" count="25" type="stmt"/>
      </file>
    </package>
    <package name="src.components">
      <metrics statements="30" coveredstatements="30" conditionals="54" coveredconditionals="54" methods="7" coveredmethods="7"/>
      <file name="Menu.tsx" path="F:\Projects\core\src\components\Menu.tsx">
        <metrics statements="6" coveredstatements="6" conditionals="2" coveredconditionals="2" methods="1" coveredmethods="1"/>
        <line num="1" count="22" type="stmt"/>
        <line num="3" count="22" type="stmt"/>
        <line num="4" count="22" type="stmt"/>
        <line num="6" count="22" type="stmt"/>
        <line num="7" count="2" type="stmt"/>
        <line num="18" count="22" type="stmt"/>
      </file>
      <file name="TextBox.tsx" path="F:\Projects\core\src\components\TextBox.tsx">
        <metrics statements="24" coveredstatements="24" conditionals="52" coveredconditionals="52" methods="6" coveredmethods="6"/>
        <line num="1" count="1" type="stmt"/>
        <line num="2" count="1" type="stmt"/>
        <line num="3" count="1" type="stmt"/>
        <line num="6" count="1" type="stmt"/>
        <line num="26" count="32" type="stmt"/>
        <line num="28" count="32" type="stmt"/>
        <line num="30" count="32" type="cond" truecount="2" falsecount="0"/>
        <line num="32" count="32" type="stmt"/>
        <line num="33" count="32" type="cond" truecount="2" falsecount="0"/>
        <line num="34" count="31" type="stmt"/>
        <line num="36" count="4" type="stmt"/>
        <line num="39" count="27" type="stmt"/>
        <line num="42" count="32" type="stmt"/>
        <line num="43" count="96" type="cond" truecount="2" falsecount="0"/>
        <line num="44" count="93" type="stmt"/>
        <line num="46" count="12" type="stmt"/>
        <line num="49" count="81" type="stmt"/>
        <line num="52" count="32" type="stmt"/>
        <line num="53" count="4" type="cond" truecount="2" falsecount="0"/>
        <line num="54" count="4" type="cond" truecount="2" falsecount="0"/>
        <line num="55" count="3" type="stmt"/>
        <line num="56" count="3" type="cond" truecount="2" falsecount="0"/>
        <line num="59" count="32" type="stmt"/>
        <line num="141" count="1" type="stmt"/>
      </file>
    </package>
    <package name="src.components.List">
      <metrics statements="37" coveredstatements="37" conditionals="27" coveredconditionals="27" methods="14" coveredmethods="14"/>
      <file name="List.tsx" path="F:\Projects\core\src\components\List\List.tsx">
        <metrics statements="16" coveredstatements="16" conditionals="15" coveredconditionals="15" methods="6" coveredmethods="6"/>
        <line num="1" count="22" type="stmt"/>
        <line num="3" count="22" type="stmt"/>
        <line num="5" count="22" type="stmt"/>
        <line num="10" count="11" type="stmt"/>
        <line num="11" count="6" type="cond" truecount="2" falsecount="0"/>
        <line num="15" count="11" type="stmt"/>
        <line num="16" count="6" type="stmt"/>
        <line num="17" count="8" type="cond" truecount="2" falsecount="0"/>
        <line num="21" count="2" type="stmt"/>
        <line num="26" count="11" type="stmt"/>
        <line num="28" count="6" type="stmt"/>
        <line num="29" count="9" type="cond" truecount="2" falsecount="0"/>
        <line num="30" count="1" type="stmt"/>
        <line num="38" count="8" type="stmt"/>
        <line num="46" count="11" type="stmt"/>
        <line num="53" count="22" type="stmt"/>
      </file>
      <file name="ListGroup.tsx" path="F:\Projects\core\src\components\List\ListGroup.tsx">
        <metrics statements="21" coveredstatements="21" conditionals="12" coveredconditionals="12" methods="8" coveredmethods="8"/>
        <line num="1" count="22" type="stmt"/>
        <line num="4" count="22" type="stmt"/>
        <line num="5" count="22" type="stmt"/>
        <line num="7" count="22" type="stmt"/>
        <line num="12" count="7" type="stmt"/>
        <line num="13" count="7" type="stmt"/>
        <line num="14" count="4" type="cond" truecount="2" falsecount="0"/>
        <line num="17" count="7" type="stmt"/>
        <line num="18" count="5" type="cond" truecount="2" falsecount="0"/>
        <line num="19" count="1" type="stmt"/>
        <line num="22" count="7" type="stmt"/>
        <line num="23" count="4" type="stmt"/>
        <line num="24" count="5" type="cond" truecount="2" falsecount="0"/>
        <line num="25" count="1" type="stmt"/>
        <line num="30" count="7" type="stmt"/>
        <line num="32" count="4" type="stmt"/>
        <line num="33" count="6" type="stmt"/>
        <line num="42" count="7" type="stmt"/>
        <line num="47" count="2" type="stmt"/>
        <line num="48" count="2" type="cond" truecount="2" falsecount="0"/>
        <line num="65" count="22" type="stmt"/>
      </file>
    </package>
    <package name="src.components.icons">
      <metrics statements="25" coveredstatements="25" conditionals="21" coveredconditionals="21" methods="10" coveredmethods="10"/>
      <file name="Copyright.tsx" path="F:\Projects\core\src\components\icons\Copyright.tsx">
        <metrics statements="4" coveredstatements="4" conditionals="4" coveredconditionals="4" methods="1" coveredmethods="1"/>
        <line num="1" count="23" type="stmt"/>
        <line num="3" count="23" type="stmt"/>
        <line num="5" count="23" type="stmt"/>
        <line num="10" count="1" type="stmt"/>
      </file>
      <file name="Cross.tsx" path="F:\Projects\core\src\components\icons\Cross.tsx">
        <metrics statements="4" coveredstatements="4" conditionals="2" coveredconditionals="2" methods="1" coveredmethods="1"/>
        <line num="1" count="23" type="stmt"/>
        <line num="3" count="23" type="stmt"/>
        <line num="5" count="23" type="stmt"/>
        <line num="10" count="1" type="stmt"/>
      </file>
      <file name="Google.tsx" path="F:\Projects\core\src\components\icons\Google.tsx">
        <metrics statements="4" coveredstatements="4" conditionals="0" coveredconditionals="0" methods="1" coveredmethods="1"/>
        <line num="1" count="23" type="stmt"/>
        <line num="3" count="23" type="stmt"/>
        <line num="5" count="23" type="stmt"/>
        <line num="6" count="4" type="stmt"/>
      </file>
      <file name="Key.tsx" path="F:\Projects\core\src\components\icons\Key.tsx">
        <metrics statements="4" coveredstatements="4" conditionals="4" coveredconditionals="4" methods="1" coveredmethods="1"/>
        <line num="1" count="23" type="stmt"/>
        <line num="3" count="23" type="stmt"/>
        <line num="5" count="23" type="stmt"/>
        <line num="10" count="2" type="stmt"/>
      </file>
      <file name="Lock.tsx" path="F:\Projects\core\src\components\icons\Lock.tsx">
        <metrics statements="4" coveredstatements="4" conditionals="11" coveredconditionals="11" methods="1" coveredmethods="1"/>
        <line num="1" count="23" type="stmt"/>
        <line num="3" count="23" type="stmt"/>
        <line num="5" count="23" type="stmt"/>
        <line num="13" count="3" type="stmt"/>
      </file>
      <file name="index.tsx" path="F:\Projects\core\src\components\icons\index.tsx">
        <metrics statements="5" coveredstatements="5" conditionals="0" coveredconditionals="0" methods="5" coveredmethods="5"/>
        <line num="1" count="24" type="stmt"/>
        <line num="2" count="25" type="stmt"/>
        <line num="3" count="28" type="stmt"/>
        <line num="4" count="24" type="stmt"/>
        <line num="5" count="24" type="stmt"/>
      </file>
    </package>
    <package name="src.tests">
      <metrics statements="5" coveredstatements="5" conditionals="0" coveredconditionals="0" methods="2" coveredmethods="2"/>
      <file name="expectToThrow.ts" path="F:\Projects\core\src\tests\expectToThrow.ts">
        <metrics statements="5" coveredstatements="5" conditionals="0" coveredconditionals="0" methods="2" coveredmethods="2"/>
        <line num="1" count="5" type="stmt"/>
        <line num="5" count="7" type="stmt"/>
        <line num="6" count="19" type="stmt"/>
        <line num="8" count="7" type="stmt"/>
        <line num="10" count="7" type="stmt"/>
      </file>
    </package>
  </project>
</coverage>
