{"F:\\Projects\\core\\src\\index.tsx": {"path":"F:\\Projects\\core\\src\\index.tsx","statementMap":{"0":{"start":{"line":1,"column":0},"end":{"line":1,"column":9}},"1":{"start":{"line":1,"column":9},"end":{"line":1,"column":26}},"2":{"start":{"line":2,"column":0},"end":{"line":2,"column":9}},"3":{"start":{"line":2,"column":9},"end":{"line":2,"column":26}},"4":{"start":{"line":3,"column":0},"end":{"line":3,"column":9}},"5":{"start":{"line":3,"column":9},"end":{"line":3,"column":24}},"6":{"start":{"line":4,"column":0},"end":{"line":4,"column":9}},"7":{"start":{"line":4,"column":9},"end":{"line":4,"column":23}},"8":{"start":{"line":5,"column":0},"end":{"line":5,"column":9}},"9":{"start":{"line":5,"column":9},"end":{"line":5,"column":24}},"10":{"start":{"line":6,"column":0},"end":{"line":6,"column":9}},"11":{"start":{"line":6,"column":9},"end":{"line":6,"column":28}},"12":{"start":{"line":7,"column":0},"end":{"line":7,"column":9}},"13":{"start":{"line":7,"column":9},"end":{"line":7,"column":28}},"14":{"start":{"line":8,"column":0},"end":{"line":8,"column":9}},"15":{"start":{"line":8,"column":9},"end":{"line":8,"column":29}},"16":{"start":{"line":9,"column":0},"end":{"line":9,"column":9}},"17":{"start":{"line":9,"column":9},"end":{"line":9,"column":25}},"18":{"start":{"line":10,"column":0},"end":{"line":10,"column":9}},"19":{"start":{"line":10,"column":9},"end":{"line":10,"column":24}},"20":{"start":{"line":11,"column":0},"end":{"line":11,"column":9}},"21":{"start":{"line":11,"column":9},"end":{"line":11,"column":31}},"22":{"start":{"line":12,"column":0},"end":{"line":12,"column":9}},"23":{"start":{"line":12,"column":9},"end":{"line":12,"column":17}},"24":{"start":{"line":12,"column":17},"end":{"line":12,"column":57}},"25":{"start":{"line":13,"column":0},"end":{"line":13,"column":9}},"26":{"start":{"line":13,"column":9},"end":{"line":13,"column":15}},"27":{"start":{"line":13,"column":15},"end":{"line":13,"column":20}},"28":{"start":{"line":13,"column":20},"end":{"line":13,"column":28}},"29":{"start":{"line":13,"column":28},"end":{"line":13,"column":35}},"30":{"start":{"line":13,"column":35},"end":{"line":13,"column":73}},"31":{"start":{"line":14,"column":0},"end":{"line":14,"column":9}},"32":{"start":{"line":14,"column":9},"end":{"line":14,"column":35}},"33":{"start":{"line":15,"column":0},"end":{"line":15,"column":9}},"34":{"start":{"line":15,"column":9},"end":{"line":15,"column":40}},"35":{"start":{"line":16,"column":0},"end":{"line":16,"column":9}},"36":{"start":{"line":16,"column":9},"end":{"line":16,"column":30}},"37":{"start":{"line":17,"column":0},"end":{"line":17,"column":9}},"38":{"start":{"line":17,"column":9},"end":{"line":17,"column":29}}},"fnMap":{"0":{"name":"(anonymous_1)","decl":{"start":{"line":1,"column":9},"end":{"line":1,"column":16}},"loc":{"start":{"line":1,"column":9},"end":{"line":1,"column":26}}},"1":{"name":"(anonymous_2)","decl":{"start":{"line":2,"column":9},"end":{"line":2,"column":16}},"loc":{"start":{"line":2,"column":9},"end":{"line":2,"column":26}}},"2":{"name":"(anonymous_3)","decl":{"start":{"line":3,"column":9},"end":{"line":3,"column":16}},"loc":{"start":{"line":3,"column":9},"end":{"line":3,"column":24}}},"3":{"name":"(anonymous_4)","decl":{"start":{"line":4,"column":9},"end":{"line":4,"column":16}},"loc":{"start":{"line":4,"column":9},"end":{"line":4,"column":23}}},"4":{"name":"(anonymous_5)","decl":{"start":{"line":5,"column":9},"end":{"line":5,"column":16}},"loc":{"start":{"line":5,"column":9},"end":{"line":5,"column":24}}},"5":{"name":"(anonymous_6)","decl":{"start":{"line":6,"column":9},"end":{"line":6,"column":16}},"loc":{"start":{"line":6,"column":9},"end":{"line":6,"column":28}}},"6":{"name":"(anonymous_7)","decl":{"start":{"line":7,"column":9},"end":{"line":7,"column":16}},"loc":{"start":{"line":7,"column":9},"end":{"line":7,"column":28}}},"7":{"name":"(anonymous_8)","decl":{"start":{"line":8,"column":9},"end":{"line":8,"column":16}},"loc":{"start":{"line":8,"column":9},"end":{"line":8,"column":29}}},"8":{"name":"(anonymous_9)","decl":{"start":{"line":9,"column":9},"end":{"line":9,"column":16}},"loc":{"start":{"line":9,"column":9},"end":{"line":9,"column":25}}},"9":{"name":"(anonymous_10)","decl":{"start":{"line":10,"column":9},"end":{"line":10,"column":16}},"loc":{"start":{"line":10,"column":9},"end":{"line":10,"column":24}}},"10":{"name":"(anonymous_11)","decl":{"start":{"line":11,"column":9},"end":{"line":11,"column":16}},"loc":{"start":{"line":11,"column":9},"end":{"line":11,"column":31}}},"11":{"name":"(anonymous_12)","decl":{"start":{"line":12,"column":9},"end":{"line":12,"column":15}},"loc":{"start":{"line":12,"column":9},"end":{"line":12,"column":17}}},"12":{"name":"(anonymous_13)","decl":{"start":{"line":12,"column":17},"end":{"line":12,"column":25}},"loc":{"start":{"line":12,"column":17},"end":{"line":12,"column":57}}},"13":{"name":"(anonymous_14)","decl":{"start":{"line":13,"column":9},"end":{"line":13,"column":13}},"loc":{"start":{"line":13,"column":9},"end":{"line":13,"column":15}}},"14":{"name":"(anonymous_15)","decl":{"start":{"line":13,"column":15},"end":{"line":13,"column":18}},"loc":{"start":{"line":13,"column":15},"end":{"line":13,"column":20}}},"15":{"name":"(anonymous_16)","decl":{"start":{"line":13,"column":20},"end":{"line":13,"column":26}},"loc":{"start":{"line":13,"column":20},"end":{"line":13,"column":28}}},"16":{"name":"(anonymous_17)","decl":{"start":{"line":13,"column":28},"end":{"line":13,"column":33}},"loc":{"start":{"line":13,"column":28},"end":{"line":13,"column":35}}},"17":{"name":"(anonymous_18)","decl":{"start":{"line":13,"column":35},"end":{"line":13,"column":44}},"loc":{"start":{"line":13,"column":35},"end":{"line":13,"column":73}}},"18":{"name":"(anonymous_19)","decl":{"start":{"line":14,"column":9},"end":{"line":14,"column":16}},"loc":{"start":{"line":14,"column":9},"end":{"line":14,"column":35}}},"19":{"name":"(anonymous_20)","decl":{"start":{"line":15,"column":9},"end":{"line":15,"column":16}},"loc":{"start":{"line":15,"column":9},"end":{"line":15,"column":40}}},"20":{"name":"(anonymous_21)","decl":{"start":{"line":16,"column":9},"end":{"line":16,"column":16}},"loc":{"start":{"line":16,"column":9},"end":{"line":16,"column":30}}},"21":{"name":"(anonymous_22)","decl":{"start":{"line":17,"column":9},"end":{"line":17,"column":16}},"loc":{"start":{"line":17,"column":9},"end":{"line":17,"column":29}}}},"branchMap":{},"s":{"0":22,"1":23,"2":22,"3":24,"4":22,"5":24,"6":22,"7":28,"8":22,"9":24,"10":22,"11":27,"12":22,"13":32,"14":22,"15":26,"16":22,"17":23,"18":22,"19":23,"20":22,"21":23,"22":22,"23":25,"24":24,"25":22,"26":23,"27":24,"28":23,"29":23,"30":23,"31":22,"32":24,"33":22,"34":23,"35":22,"36":26,"37":22,"38":25},"f":{"0":1,"1":2,"2":2,"3":6,"4":2,"5":5,"6":10,"7":4,"8":1,"9":1,"10":1,"11":3,"12":2,"13":1,"14":2,"15":1,"16":1,"17":1,"18":2,"19":1,"20":4,"21":3},"b":{}}
,"F:\\Projects\\core\\src\\components\\Menu.tsx": {"path":"F:\\Projects\\core\\src\\components\\Menu.tsx","statementMap":{"0":{"start":{"line":1,"column":0},"end":{"line":1,"column":26}},"1":{"start":{"line":3,"column":0},"end":{"line":3,"column":30}},"2":{"start":{"line":4,"column":0},"end":{"line":4,"column":44}},"3":{"start":{"line":6,"column":13},"end":{"line":15,"column":null}},"4":{"start":{"line":7,"column":4},"end":{"line":14,"column":null}},"5":{"start":{"line":18,"column":0},"end":{"line":18,"column":20}}},"fnMap":{"0":{"name":"(anonymous_1)","decl":{"start":{"line":6,"column":13},"end":{"line":6,"column":14}},"loc":{"start":{"line":7,"column":4},"end":{"line":14,"column":null}}}},"branchMap":{"0":{"loc":{"start":{"line":10,"column":33},"end":{"line":10,"column":39}},"type":"cond-expr","locations":[{"start":{"line":10,"column":33},"end":{"line":10,"column":39}},{"start":{"line":10,"column":42},"end":{"line":10,"column":48}}]}},"s":{"0":22,"1":22,"2":22,"3":22,"4":2,"5":22},"f":{"0":2},"b":{"0":[1,1]}}
,"F:\\Projects\\core\\src\\components\\TextBox.tsx": {"path":"F:\\Projects\\core\\src\\components\\TextBox.tsx","statementMap":{"0":{"start":{"line":1,"column":0},"end":{"line":1,"column":64}},"1":{"start":{"line":2,"column":0},"end":{"line":2,"column":30}},"2":{"start":{"line":3,"column":0},"end":{"line":3,"column":47}},"3":{"start":{"line":6,"column":16},"end":{"line":139,"column":1}},"4":{"start":{"line":26,"column":30},"end":{"line":26,"column":48}},"5":{"start":{"line":28,"column":4},"end":{"line":28,"column":52}},"6":{"start":{"line":28,"column":20},"end":{"line":28,"column":38}},"7":{"start":{"line":30,"column":21},"end":{"line":30,"column":52}},"8":{"start":{"line":30,"column":27},"end":{"line":30,"column":52}},"9":{"start":{"line":32,"column":22},"end":{"line":41,"column":5}},"10":{"start":{"line":33,"column":8},"end":{"line":33,"column":61}},"11":{"start":{"line":33,"column":19},"end":{"line":33,"column":61}},"12":{"start":{"line":34,"column":8},"end":{"line":40,"column":null}},"13":{"start":{"line":36,"column":16},"end":{"line":36,"column":41}},"14":{"start":{"line":39,"column":16},"end":{"line":39,"column":56}},"15":{"start":{"line":42,"column":23},"end":{"line":51,"column":5}},"16":{"start":{"line":43,"column":8},"end":{"line":43,"column":41}},"17":{"start":{"line":43,"column":20},"end":{"line":43,"column":41}},"18":{"start":{"line":44,"column":8},"end":{"line":50,"column":null}},"19":{"start":{"line":46,"column":16},"end":{"line":46,"column":30}},"20":{"start":{"line":49,"column":16},"end":{"line":49,"column":30}},"21":{"start":{"line":52,"column":25},"end":{"line":57,"column":5}},"22":{"start":{"line":53,"column":29},"end":{"line":53,"column":69}},"23":{"start":{"line":54,"column":8},"end":{"line":54,"column":34}},"24":{"start":{"line":54,"column":27},"end":{"line":54,"column":34}},"25":{"start":{"line":55,"column":8},"end":{"line":55,"column":35}},"26":{"start":{"line":56,"column":8},"end":{"line":56,"column":49}},"27":{"start":{"line":56,"column":22},"end":{"line":56,"column":49}},"28":{"start":{"line":59,"column":4},"end":{"line":138,"column":6}},"29":{"start":{"line":141,"column":0},"end":{"line":141,"column":23}}},"fnMap":{"0":{"name":"(anonymous_7)","decl":{"start":{"line":6,"column":16},"end":{"line":6,"column":17}},"loc":{"start":{"line":25,"column":32},"end":{"line":139,"column":1}}},"1":{"name":"(anonymous_8)","decl":{"start":{"line":28,"column":14},"end":{"line":28,"column":17}},"loc":{"start":{"line":28,"column":20},"end":{"line":28,"column":38}}},"2":{"name":"(anonymous_9)","decl":{"start":{"line":30,"column":21},"end":{"line":30,"column":24}},"loc":{"start":{"line":30,"column":27},"end":{"line":30,"column":52}}},"3":{"name":"(anonymous_10)","decl":{"start":{"line":32,"column":22},"end":{"line":32,"column":25}},"loc":{"start":{"line":32,"column":27},"end":{"line":41,"column":5}}},"4":{"name":"(anonymous_11)","decl":{"start":{"line":42,"column":23},"end":{"line":42,"column":26}},"loc":{"start":{"line":42,"column":28},"end":{"line":51,"column":5}}},"5":{"name":"(anonymous_12)","decl":{"start":{"line":52,"column":25},"end":{"line":52,"column":26}},"loc":{"start":{"line":52,"column":64},"end":{"line":57,"column":5}}}},"branchMap":{"0":{"loc":{"start":{"line":7,"column":12},"end":{"line":7,"column":14}},"type":"default-arg","locations":[{"start":{"line":7,"column":12},"end":{"line":7,"column":14}}]},"1":{"loc":{"start":{"line":8,"column":14},"end":{"line":8,"column":24}},"type":"default-arg","locations":[{"start":{"line":8,"column":14},"end":{"line":8,"column":24}}]},"2":{"loc":{"start":{"line":9,"column":11},"end":{"line":9,"column":51}},"type":"default-arg","locations":[{"start":{"line":9,"column":11},"end":{"line":9,"column":51}}]},"3":{"loc":{"start":{"line":9,"column":34},"end":{"line":9,"column":41}},"type":"cond-expr","locations":[{"start":{"line":9,"column":34},"end":{"line":9,"column":41}},{"start":{"line":9,"column":44},"end":{"line":9,"column":51}}]},"4":{"loc":{"start":{"line":10,"column":15},"end":{"line":10,"column":20}},"type":"default-arg","locations":[{"start":{"line":10,"column":15},"end":{"line":10,"column":20}}]},"5":{"loc":{"start":{"line":11,"column":19},"end":{"line":11,"column":28}},"type":"default-arg","locations":[{"start":{"line":11,"column":19},"end":{"line":11,"column":28}}]},"6":{"loc":{"start":{"line":12,"column":22},"end":{"line":12,"column":24}},"type":"default-arg","locations":[{"start":{"line":12,"column":22},"end":{"line":12,"column":24}}]},"7":{"loc":{"start":{"line":30,"column":28},"end":{"line":30,"column":37}},"type":"binary-expr","locations":[{"start":{"line":30,"column":28},"end":{"line":30,"column":37}},{"start":{"line":30,"column":41},"end":{"line":30,"column":42}}]},"8":{"loc":{"start":{"line":33,"column":8},"end":{"line":33,"column":61}},"type":"if","locations":[{"start":{"line":33,"column":8},"end":{"line":33,"column":61}},{"start":{"line":33,"column":8},"end":{"line":33,"column":61}}]},"9":{"loc":{"start":{"line":35,"column":12},"end":{"line":36,"column":41}},"type":"switch","locations":[{"start":{"line":35,"column":12},"end":{"line":36,"column":41}},{"start":{"line":37,"column":12},"end":{"line":37,"column":25}},{"start":{"line":38,"column":12},"end":{"line":39,"column":56}}]},"10":{"loc":{"start":{"line":43,"column":8},"end":{"line":43,"column":41}},"type":"if","locations":[{"start":{"line":43,"column":8},"end":{"line":43,"column":41}},{"start":{"line":43,"column":8},"end":{"line":43,"column":41}}]},"11":{"loc":{"start":{"line":45,"column":12},"end":{"line":46,"column":30}},"type":"switch","locations":[{"start":{"line":45,"column":12},"end":{"line":46,"column":30}},{"start":{"line":47,"column":12},"end":{"line":47,"column":25}},{"start":{"line":48,"column":12},"end":{"line":49,"column":30}}]},"12":{"loc":{"start":{"line":53,"column":38},"end":{"line":53,"column":62}},"type":"cond-expr","locations":[{"start":{"line":53,"column":38},"end":{"line":53,"column":62}},{"start":{"line":53,"column":65},"end":{"line":53,"column":69}}]},"13":{"loc":{"start":{"line":54,"column":8},"end":{"line":54,"column":34}},"type":"if","locations":[{"start":{"line":54,"column":8},"end":{"line":54,"column":34}},{"start":{"line":54,"column":8},"end":{"line":54,"column":34}}]},"14":{"loc":{"start":{"line":56,"column":8},"end":{"line":56,"column":49}},"type":"if","locations":[{"start":{"line":56,"column":8},"end":{"line":56,"column":49}},{"start":{"line":56,"column":8},"end":{"line":56,"column":49}}]},"15":{"loc":{"start":{"line":66,"column":16},"end":{"line":76,"column":null}},"type":"cond-expr","locations":[{"start":{"line":66,"column":16},"end":{"line":76,"column":null}},{"start":{"line":78,"column":16},"end":{"line":78,"column":20}}]},"16":{"loc":{"start":{"line":65,"column":13},"end":{"line":65,"column":18}},"type":"binary-expr","locations":[{"start":{"line":65,"column":13},"end":{"line":65,"column":18}},{"start":{"line":65,"column":22},"end":{"line":65,"column":30}}]},"17":{"loc":{"start":{"line":70,"column":28},"end":{"line":71,"column":null}},"type":"cond-expr","locations":[{"start":{"line":70,"column":28},"end":{"line":71,"column":null}},{"start":{"line":75,"column":28},"end":{"line":75,"column":32}}]},"18":{"loc":{"start":{"line":83,"column":38},"end":{"line":83,"column":47}},"type":"cond-expr","locations":[{"start":{"line":83,"column":38},"end":{"line":83,"column":47}},{"start":{"line":83,"column":50},"end":{"line":83,"column":59}}]},"19":{"loc":{"start":{"line":84,"column":59},"end":{"line":84,"column":64}},"type":"cond-expr","locations":[{"start":{"line":84,"column":59},"end":{"line":84,"column":64}},{"start":{"line":84,"column":67},"end":{"line":84,"column":70}}]},"20":{"loc":{"start":{"line":88,"column":30},"end":{"line":88,"column":57}},"type":"cond-expr","locations":[{"start":{"line":88,"column":30},"end":{"line":88,"column":57}},{"start":{"line":89,"column":30},"end":{"line":89,"column":36}}]},"21":{"loc":{"start":{"line":93,"column":20},"end":{"line":99,"column":null}},"type":"cond-expr","locations":[{"start":{"line":93,"column":20},"end":{"line":99,"column":null}},{"start":{"line":101,"column":20},"end":{"line":101,"column":24}}]},"22":{"loc":{"start":{"line":109,"column":43},"end":{"line":109,"column":56}},"type":"cond-expr","locations":[{"start":{"line":109,"column":43},"end":{"line":109,"column":56}},{"start":{"line":109,"column":59},"end":{"line":109,"column":65}}]},"23":{"loc":{"start":{"line":111,"column":51},"end":{"line":111,"column":60}},"type":"cond-expr","locations":[{"start":{"line":111,"column":51},"end":{"line":111,"column":60}},{"start":{"line":111,"column":63},"end":{"line":111,"column":76}}]},"24":{"loc":{"start":{"line":115,"column":31},"end":{"line":115,"column":40}},"type":"binary-expr","locations":[{"start":{"line":115,"column":31},"end":{"line":115,"column":40}},{"start":{"line":115,"column":44},"end":{"line":115,"column":46}}]},"25":{"loc":{"start":{"line":119,"column":20},"end":{"line":128,"column":null}},"type":"cond-expr","locations":[{"start":{"line":119,"column":20},"end":{"line":128,"column":null}},{"start":{"line":130,"column":20},"end":{"line":130,"column":24}}]},"26":{"loc":{"start":{"line":124,"column":38},"end":{"line":124,"column":47}},"type":"cond-expr","locations":[{"start":{"line":124,"column":38},"end":{"line":124,"column":47}},{"start":{"line":125,"column":38},"end":{"line":125,"column":51}}]},"27":{"loc":{"start":{"line":132,"column":20},"end":{"line":133,"column":null}},"type":"cond-expr","locations":[{"start":{"line":132,"column":20},"end":{"line":133,"column":null}},{"start":{"line":135,"column":20},"end":{"line":135,"column":24}}]}},"s":{"0":1,"1":1,"2":1,"3":1,"4":32,"5":32,"6":1,"7":32,"8":32,"9":32,"10":32,"11":1,"12":31,"13":4,"14":27,"15":32,"16":96,"17":3,"18":93,"19":12,"20":81,"21":32,"22":4,"23":4,"24":1,"25":3,"26":3,"27":2,"28":32,"29":1},"f":{"0":32,"1":1,"2":32,"3":32,"4":96,"5":4},"b":{"0":[30],"1":[9],"2":[27],"3":[2,25],"4":[3],"5":[32],"6":[32],"7":[32,32],"8":[1,31],"9":[4,27,27],"10":[3,93],"11":[12,81,81],"12":[2,2],"13":[1,3],"14":[2,1],"15":[2,30],"16":[32,30],"17":[1,1],"18":[1,31],"19":[30,2],"20":[30,2],"21":[5,27],"22":[1,31],"23":[2,30],"24":[32,32],"25":[3,29],"26":[1,2],"27":[1,31]}}
,"F:\\Projects\\core\\src\\components\\List\\List.tsx": {"path":"F:\\Projects\\core\\src\\components\\List\\List.tsx","statementMap":{"0":{"start":{"line":1,"column":0},"end":{"line":1,"column":64}},"1":{"start":{"line":3,"column":0},"end":{"line":3,"column":31}},"2":{"start":{"line":5,"column":13},"end":{"line":51,"column":1}},"3":{"start":{"line":10,"column":26},"end":{"line":12,"column":null}},"4":{"start":{"line":11,"column":15},"end":{"line":11,"column":62}},"5":{"start":{"line":15,"column":4},"end":{"line":24,"column":24}},"6":{"start":{"line":16,"column":8},"end":{"line":23,"column":11}},"7":{"start":{"line":17,"column":12},"end":{"line":22,"column":null}},"8":{"start":{"line":21,"column":16},"end":{"line":21,"column":69}},"9":{"start":{"line":26,"column":24},"end":{"line":43,"column":null}},"10":{"start":{"line":28,"column":12},"end":{"line":42,"column":14}},"11":{"start":{"line":29,"column":16},"end":{"line":37,"column":null}},"12":{"start":{"line":30,"column":20},"end":{"line":36,"column":23}},"13":{"start":{"line":38,"column":16},"end":{"line":41,"column":19}},"14":{"start":{"line":46,"column":4},"end":{"line":50,"column":6}},"15":{"start":{"line":53,"column":0},"end":{"line":53,"column":20}}},"fnMap":{"0":{"name":"(anonymous_7)","decl":{"start":{"line":5,"column":13},"end":{"line":5,"column":14}},"loc":{"start":{"line":9,"column":29},"end":{"line":51,"column":1}}},"1":{"name":"(anonymous_8)","decl":{"start":{"line":11,"column":8},"end":{"line":11,"column":11}},"loc":{"start":{"line":11,"column":15},"end":{"line":11,"column":62}}},"2":{"name":"(anonymous_9)","decl":{"start":{"line":15,"column":14},"end":{"line":15,"column":17}},"loc":{"start":{"line":15,"column":19},"end":{"line":24,"column":5}}},"3":{"name":"(anonymous_10)","decl":{"start":{"line":16,"column":30},"end":{"line":16,"column":35}},"loc":{"start":{"line":16,"column":38},"end":{"line":23,"column":9}}},"4":{"name":"(anonymous_11)","decl":{"start":{"line":27,"column":8},"end":{"line":27,"column":11}},"loc":{"start":{"line":28,"column":12},"end":{"line":42,"column":14}}},"5":{"name":"(anonymous_12)","decl":{"start":{"line":28,"column":30},"end":{"line":28,"column":35}},"loc":{"start":{"line":28,"column":38},"end":{"line":42,"column":13}}}},"branchMap":{"0":{"loc":{"start":{"line":7,"column":12},"end":{"line":7,"column":18}},"type":"default-arg","locations":[{"start":{"line":7,"column":12},"end":{"line":7,"column":18}}]},"1":{"loc":{"start":{"line":11,"column":41},"end":{"line":11,"column":49}},"type":"cond-expr","locations":[{"start":{"line":11,"column":41},"end":{"line":11,"column":49}},{"start":{"line":11,"column":52},"end":{"line":11,"column":62}}]},"2":{"loc":{"start":{"line":17,"column":12},"end":{"line":22,"column":null}},"type":"if","locations":[{"start":{"line":17,"column":12},"end":{"line":22,"column":null}},{"start":{"line":17,"column":12},"end":{"line":22,"column":null}}]},"3":{"loc":{"start":{"line":18,"column":16},"end":{"line":18,"column":46}},"type":"binary-expr","locations":[{"start":{"line":18,"column":16},"end":{"line":18,"column":46}},{"start":{"line":19,"column":16},"end":{"line":19,"column":47}}]},"4":{"loc":{"start":{"line":29,"column":16},"end":{"line":37,"column":null}},"type":"if","locations":[{"start":{"line":29,"column":16},"end":{"line":37,"column":null}},{"start":{"line":29,"column":16},"end":{"line":37,"column":null}}]},"5":{"loc":{"start":{"line":33,"column":28},"end":{"line":33,"column":53}},"type":"binary-expr","locations":[{"start":{"line":33,"column":28},"end":{"line":33,"column":53}},{"start":{"line":34,"column":28},"end":{"line":34,"column":40}},{"start":{"line":35,"column":28},"end":{"line":35,"column":37}}]},"6":{"loc":{"start":{"line":40,"column":30},"end":{"line":40,"column":50}},"type":"binary-expr","locations":[{"start":{"line":40,"column":30},"end":{"line":40,"column":50}},{"start":{"line":40,"column":54},"end":{"line":40,"column":66}},{"start":{"line":40,"column":70},"end":{"line":40,"column":79}}]}},"s":{"0":22,"1":22,"2":22,"3":11,"4":6,"5":11,"6":6,"7":8,"8":2,"9":11,"10":6,"11":9,"12":1,"13":8,"14":11,"15":22},"f":{"0":11,"1":6,"2":6,"3":8,"4":6,"5":9},"b":{"0":[9],"1":[5,1],"2":[2,6],"3":[8,3],"4":[1,8],"5":[1,1,1],"6":[8,8,8]}}
,"F:\\Projects\\core\\src\\components\\List\\ListGroup.tsx": {"path":"F:\\Projects\\core\\src\\components\\List\\ListGroup.tsx","statementMap":{"0":{"start":{"line":1,"column":0},"end":{"line":1,"column":74}},"1":{"start":{"line":4,"column":0},"end":{"line":4,"column":26}},"2":{"start":{"line":5,"column":0},"end":{"line":5,"column":47}},"3":{"start":{"line":7,"column":18},"end":{"line":63,"column":1}},"4":{"start":{"line":12,"column":38},"end":{"line":12,"column":53}},"5":{"start":{"line":13,"column":26},"end":{"line":15,"column":null}},"6":{"start":{"line":14,"column":15},"end":{"line":14,"column":62}},"7":{"start":{"line":17,"column":4},"end":{"line":21,"column":19}},"8":{"start":{"line":18,"column":8},"end":{"line":20,"column":null}},"9":{"start":{"line":19,"column":12},"end":{"line":19,"column":74}},"10":{"start":{"line":22,"column":4},"end":{"line":28,"column":24}},"11":{"start":{"line":23,"column":8},"end":{"line":27,"column":11}},"12":{"start":{"line":24,"column":12},"end":{"line":26,"column":null}},"13":{"start":{"line":25,"column":16},"end":{"line":25,"column":69}},"14":{"start":{"line":30,"column":18},"end":{"line":39,"column":null}},"15":{"start":{"line":32,"column":12},"end":{"line":37,"column":null}},"16":{"start":{"line":33,"column":16},"end":{"line":37,"column":18}},"17":{"start":{"line":42,"column":4},"end":{"line":62,"column":6}},"18":{"start":{"line":47,"column":20},"end":{"line":47,"column":45}},"19":{"start":{"line":48,"column":20},"end":{"line":48,"column":73}},"20":{"start":{"line":48,"column":48},"end":{"line":48,"column":73}},"21":{"start":{"line":65,"column":0},"end":{"line":65,"column":25}}},"fnMap":{"0":{"name":"(anonymous_7)","decl":{"start":{"line":7,"column":18},"end":{"line":7,"column":19}},"loc":{"start":{"line":11,"column":34},"end":{"line":63,"column":1}}},"1":{"name":"(anonymous_8)","decl":{"start":{"line":14,"column":8},"end":{"line":14,"column":11}},"loc":{"start":{"line":14,"column":15},"end":{"line":14,"column":62}}},"2":{"name":"(anonymous_9)","decl":{"start":{"line":17,"column":14},"end":{"line":17,"column":17}},"loc":{"start":{"line":17,"column":19},"end":{"line":21,"column":5}}},"3":{"name":"(anonymous_10)","decl":{"start":{"line":22,"column":14},"end":{"line":22,"column":17}},"loc":{"start":{"line":22,"column":19},"end":{"line":28,"column":5}}},"4":{"name":"(anonymous_11)","decl":{"start":{"line":23,"column":30},"end":{"line":23,"column":35}},"loc":{"start":{"line":23,"column":38},"end":{"line":27,"column":9}}},"5":{"name":"(anonymous_12)","decl":{"start":{"line":31,"column":8},"end":{"line":31,"column":11}},"loc":{"start":{"line":32,"column":12},"end":{"line":37,"column":null}}},"6":{"name":"(anonymous_13)","decl":{"start":{"line":32,"column":30},"end":{"line":32,"column":35}},"loc":{"start":{"line":33,"column":16},"end":{"line":37,"column":18}}},"7":{"name":"(anonymous_14)","decl":{"start":{"line":46,"column":25},"end":{"line":46,"column":28}},"loc":{"start":{"line":46,"column":30},"end":{"line":49,"column":17}}}},"branchMap":{"0":{"loc":{"start":{"line":14,"column":41},"end":{"line":14,"column":49}},"type":"cond-expr","locations":[{"start":{"line":14,"column":41},"end":{"line":14,"column":49}},{"start":{"line":14,"column":52},"end":{"line":14,"column":62}}]},"1":{"loc":{"start":{"line":18,"column":8},"end":{"line":20,"column":null}},"type":"if","locations":[{"start":{"line":18,"column":8},"end":{"line":20,"column":null}},{"start":{"line":18,"column":8},"end":{"line":20,"column":null}}]},"2":{"loc":{"start":{"line":24,"column":12},"end":{"line":26,"column":null}},"type":"if","locations":[{"start":{"line":24,"column":12},"end":{"line":26,"column":null}},{"start":{"line":24,"column":12},"end":{"line":26,"column":null}}]},"3":{"loc":{"start":{"line":36,"column":30},"end":{"line":36,"column":50}},"type":"binary-expr","locations":[{"start":{"line":36,"column":30},"end":{"line":36,"column":50}},{"start":{"line":36,"column":54},"end":{"line":36,"column":67}}]},"4":{"loc":{"start":{"line":48,"column":20},"end":{"line":48,"column":73}},"type":"if","locations":[{"start":{"line":48,"column":20},"end":{"line":48,"column":73}},{"start":{"line":48,"column":20},"end":{"line":48,"column":73}}]},"5":{"loc":{"start":{"line":56,"column":40},"end":{"line":56,"column":64}},"type":"cond-expr","locations":[{"start":{"line":56,"column":40},"end":{"line":56,"column":64}},{"start":{"line":56,"column":67},"end":{"line":56,"column":72}}]}},"s":{"0":22,"1":22,"2":22,"3":22,"4":7,"5":7,"6":4,"7":7,"8":5,"9":1,"10":7,"11":4,"12":5,"13":1,"14":7,"15":4,"16":6,"17":7,"18":2,"19":2,"20":1,"21":22},"f":{"0":7,"1":4,"2":5,"3":4,"4":5,"5":4,"6":6,"7":2},"b":{"0":[2,2],"1":[1,4],"2":[1,4],"3":[6,6],"4":[1,1],"5":[2,5]}}
,"F:\\Projects\\core\\src\\components\\icons\\Copyright.tsx": {"path":"F:\\Projects\\core\\src\\components\\icons\\Copyright.tsx","statementMap":{"0":{"start":{"line":1,"column":0},"end":{"line":1,"column":31}},"1":{"start":{"line":3,"column":0},"end":{"line":3,"column":48}},"2":{"start":{"line":5,"column":25},"end":{"line":36,"column":null}},"3":{"start":{"line":10,"column":4},"end":{"line":35,"column":null}},"4":{"start":{"line":5,"column":13},"end":{"line":5,"column":25}}},"fnMap":{"0":{"name":"(anonymous_7)","decl":{"start":{"line":5,"column":25},"end":{"line":5,"column":26}},"loc":{"start":{"line":10,"column":4},"end":{"line":35,"column":null}}}},"branchMap":{"0":{"loc":{"start":{"line":24,"column":18},"end":{"line":24,"column":27}},"type":"binary-expr","locations":[{"start":{"line":24,"column":18},"end":{"line":24,"column":27}},{"start":{"line":24,"column":31},"end":{"line":24,"column":37}}]},"1":{"loc":{"start":{"line":31,"column":18},"end":{"line":31,"column":27}},"type":"binary-expr","locations":[{"start":{"line":31,"column":18},"end":{"line":31,"column":27}},{"start":{"line":31,"column":31},"end":{"line":31,"column":37}}]}},"s":{"0":23,"1":23,"2":23,"3":1,"4":23},"f":{"0":1},"b":{"0":[1,1],"1":[1,1]}}
,"F:\\Projects\\core\\src\\components\\icons\\Cross.tsx": {"path":"F:\\Projects\\core\\src\\components\\icons\\Cross.tsx","statementMap":{"0":{"start":{"line":1,"column":0},"end":{"line":1,"column":31}},"1":{"start":{"line":3,"column":0},"end":{"line":3,"column":48}},"2":{"start":{"line":5,"column":21},"end":{"line":32,"column":null}},"3":{"start":{"line":10,"column":4},"end":{"line":31,"column":null}},"4":{"start":{"line":5,"column":13},"end":{"line":5,"column":21}}},"fnMap":{"0":{"name":"(anonymous_7)","decl":{"start":{"line":5,"column":21},"end":{"line":5,"column":22}},"loc":{"start":{"line":10,"column":4},"end":{"line":31,"column":null}}}},"branchMap":{"0":{"loc":{"start":{"line":20,"column":17},"end":{"line":20,"column":26}},"type":"binary-expr","locations":[{"start":{"line":20,"column":17},"end":{"line":20,"column":26}},{"start":{"line":20,"column":30},"end":{"line":20,"column":36}}]}},"s":{"0":23,"1":23,"2":23,"3":1,"4":23},"f":{"0":1},"b":{"0":[1,1]}}
,"F:\\Projects\\core\\src\\components\\icons\\Google.tsx": {"path":"F:\\Projects\\core\\src\\components\\icons\\Google.tsx","statementMap":{"0":{"start":{"line":1,"column":0},"end":{"line":1,"column":31}},"1":{"start":{"line":3,"column":0},"end":{"line":3,"column":48}},"2":{"start":{"line":5,"column":22},"end":{"line":41,"column":null}},"3":{"start":{"line":6,"column":4},"end":{"line":40,"column":null}},"4":{"start":{"line":5,"column":13},"end":{"line":5,"column":22}}},"fnMap":{"0":{"name":"(anonymous_7)","decl":{"start":{"line":5,"column":22},"end":{"line":5,"column":23}},"loc":{"start":{"line":6,"column":4},"end":{"line":40,"column":null}}}},"branchMap":{},"s":{"0":23,"1":23,"2":23,"3":4,"4":23},"f":{"0":4},"b":{}}
,"F:\\Projects\\core\\src\\components\\icons\\Key.tsx": {"path":"F:\\Projects\\core\\src\\components\\icons\\Key.tsx","statementMap":{"0":{"start":{"line":1,"column":0},"end":{"line":1,"column":31}},"1":{"start":{"line":3,"column":0},"end":{"line":3,"column":48}},"2":{"start":{"line":5,"column":19},"end":{"line":34,"column":null}},"3":{"start":{"line":10,"column":4},"end":{"line":33,"column":null}},"4":{"start":{"line":5,"column":13},"end":{"line":5,"column":19}}},"fnMap":{"0":{"name":"(anonymous_7)","decl":{"start":{"line":5,"column":19},"end":{"line":5,"column":20}},"loc":{"start":{"line":10,"column":4},"end":{"line":33,"column":null}}}},"branchMap":{"0":{"loc":{"start":{"line":24,"column":18},"end":{"line":24,"column":27}},"type":"binary-expr","locations":[{"start":{"line":24,"column":18},"end":{"line":24,"column":27}},{"start":{"line":24,"column":31},"end":{"line":24,"column":40}}]},"1":{"loc":{"start":{"line":31,"column":18},"end":{"line":31,"column":27}},"type":"binary-expr","locations":[{"start":{"line":31,"column":18},"end":{"line":31,"column":27}},{"start":{"line":31,"column":31},"end":{"line":31,"column":40}}]}},"s":{"0":23,"1":23,"2":23,"3":2,"4":23},"f":{"0":2},"b":{"0":[2,2],"1":[2,2]}}
,"F:\\Projects\\core\\src\\components\\icons\\Lock.tsx": {"path":"F:\\Projects\\core\\src\\components\\icons\\Lock.tsx","statementMap":{"0":{"start":{"line":1,"column":0},"end":{"line":1,"column":31}},"1":{"start":{"line":3,"column":0},"end":{"line":3,"column":48}},"2":{"start":{"line":5,"column":20},"end":{"line":43,"column":null}},"3":{"start":{"line":13,"column":4},"end":{"line":42,"column":null}},"4":{"start":{"line":5,"column":13},"end":{"line":5,"column":20}}},"fnMap":{"0":{"name":"(anonymous_7)","decl":{"start":{"line":5,"column":20},"end":{"line":5,"column":21}},"loc":{"start":{"line":13,"column":4},"end":{"line":42,"column":null}}}},"branchMap":{"0":{"loc":{"start":{"line":6,"column":13},"end":{"line":6,"column":17}},"type":"default-arg","locations":[{"start":{"line":6,"column":13},"end":{"line":6,"column":17}}]},"1":{"loc":{"start":{"line":26,"column":27},"end":{"line":26,"column":35}},"type":"cond-expr","locations":[{"start":{"line":26,"column":27},"end":{"line":26,"column":35}},{"start":{"line":26,"column":38},"end":{"line":26,"column":48}}]},"2":{"loc":{"start":{"line":29,"column":22},"end":{"line":29,"column":375}},"type":"cond-expr","locations":[{"start":{"line":29,"column":22},"end":{"line":29,"column":375}},{"start":{"line":30,"column":22},"end":{"line":30,"column":380}}]},"3":{"loc":{"start":{"line":28,"column":16},"end":{"line":28,"column":22}},"type":"binary-expr","locations":[{"start":{"line":28,"column":16},"end":{"line":28,"column":22}},{"start":{"line":28,"column":26},"end":{"line":28,"column":34}}]},"4":{"loc":{"start":{"line":32,"column":18},"end":{"line":32,"column":27}},"type":"binary-expr","locations":[{"start":{"line":32,"column":18},"end":{"line":32,"column":27}},{"start":{"line":32,"column":31},"end":{"line":32,"column":38}}]},"5":{"loc":{"start":{"line":36,"column":12},"end":{"line":40,"column":null}},"type":"cond-expr","locations":[{"start":{"line":36,"column":12},"end":{"line":40,"column":null}},{"start":{"line":42,"column":12},"end":{"line":42,"column":16}}]}},"s":{"0":23,"1":23,"2":23,"3":3,"4":23},"f":{"0":3},"b":{"0":[1],"1":[1,2],"2":[2,1],"3":[3,2],"4":[3,3],"5":[1,2]}}
,"F:\\Projects\\core\\src\\components\\icons\\index.tsx": {"path":"F:\\Projects\\core\\src\\components\\icons\\index.tsx","statementMap":{"0":{"start":{"line":1,"column":0},"end":{"line":1,"column":9}},"1":{"start":{"line":1,"column":9},"end":{"line":1,"column":30}},"2":{"start":{"line":2,"column":0},"end":{"line":2,"column":9}},"3":{"start":{"line":2,"column":9},"end":{"line":2,"column":28}},"4":{"start":{"line":3,"column":0},"end":{"line":3,"column":9}},"5":{"start":{"line":3,"column":9},"end":{"line":3,"column":34}},"6":{"start":{"line":4,"column":0},"end":{"line":4,"column":9}},"7":{"start":{"line":4,"column":9},"end":{"line":4,"column":32}},"8":{"start":{"line":5,"column":0},"end":{"line":5,"column":9}},"9":{"start":{"line":5,"column":9},"end":{"line":5,"column":40}}},"fnMap":{"0":{"name":"(anonymous_0)","decl":{"start":{"line":1,"column":9},"end":{"line":1,"column":13}},"loc":{"start":{"line":1,"column":9},"end":{"line":1,"column":30}}},"1":{"name":"(anonymous_1)","decl":{"start":{"line":2,"column":9},"end":{"line":2,"column":12}},"loc":{"start":{"line":2,"column":9},"end":{"line":2,"column":28}}},"2":{"name":"(anonymous_2)","decl":{"start":{"line":3,"column":9},"end":{"line":3,"column":15}},"loc":{"start":{"line":3,"column":9},"end":{"line":3,"column":34}}},"3":{"name":"(anonymous_3)","decl":{"start":{"line":4,"column":9},"end":{"line":4,"column":14}},"loc":{"start":{"line":4,"column":9},"end":{"line":4,"column":32}}},"4":{"name":"(anonymous_4)","decl":{"start":{"line":5,"column":9},"end":{"line":5,"column":18}},"loc":{"start":{"line":5,"column":9},"end":{"line":5,"column":40}}}},"branchMap":{},"s":{"0":23,"1":24,"2":23,"3":25,"4":23,"5":28,"6":23,"7":24,"8":23,"9":24},"f":{"0":1,"1":2,"2":5,"3":1,"4":1},"b":{}}
,"F:\\Projects\\core\\src\\tests\\expectToThrow.ts": {"path":"F:\\Projects\\core\\src\\tests\\expectToThrow.ts","statementMap":{"0":{"start":{"line":1,"column":29},"end":{"line":11,"column":1}},"1":{"start":{"line":5,"column":16},"end":{"line":5,"column":44}},"2":{"start":{"line":6,"column":4},"end":{"line":6,"column":39}},"3":{"start":{"line":6,"column":33},"end":{"line":6,"column":37}},"4":{"start":{"line":8,"column":4},"end":{"line":8,"column":32}},"5":{"start":{"line":10,"column":4},"end":{"line":10,"column":22}},"6":{"start":{"line":1,"column":13},"end":{"line":1,"column":29}}},"fnMap":{"0":{"name":"(anonymous_0)","decl":{"start":{"line":1,"column":29},"end":{"line":1,"column":null}},"loc":{"start":{"line":4,"column":10},"end":{"line":11,"column":1}}},"1":{"name":"(anonymous_1)","decl":{"start":{"line":6,"column":27},"end":{"line":6,"column":30}},"loc":{"start":{"line":6,"column":33},"end":{"line":6,"column":37}}}},"branchMap":{},"s":{"0":5,"1":7,"2":7,"3":19,"4":7,"5":7,"6":5},"f":{"0":7,"1":19},"b":{}}
}
