{"F:\\Projects\\core\\src\\index.tsx": {"path":"F:\\Projects\\core\\src\\index.tsx","statementMap":{"0":{"start":{"line":1,"column":0},"end":{"line":1,"column":9}},"1":{"start":{"line":1,"column":9},"end":{"line":1,"column":26}},"2":{"start":{"line":2,"column":0},"end":{"line":2,"column":9}},"3":{"start":{"line":2,"column":9},"end":{"line":2,"column":26}},"4":{"start":{"line":3,"column":0},"end":{"line":3,"column":9}},"5":{"start":{"line":3,"column":9},"end":{"line":3,"column":24}},"6":{"start":{"line":4,"column":0},"end":{"line":4,"column":9}},"7":{"start":{"line":4,"column":9},"end":{"line":4,"column":23}},"8":{"start":{"line":5,"column":0},"end":{"line":5,"column":9}},"9":{"start":{"line":5,"column":9},"end":{"line":5,"column":24}},"10":{"start":{"line":6,"column":0},"end":{"line":6,"column":9}},"11":{"start":{"line":6,"column":9},"end":{"line":6,"column":28}},"12":{"start":{"line":7,"column":0},"end":{"line":7,"column":9}},"13":{"start":{"line":7,"column":9},"end":{"line":7,"column":28}},"14":{"start":{"line":8,"column":0},"end":{"line":8,"column":9}},"15":{"start":{"line":8,"column":9},"end":{"line":8,"column":29}},"16":{"start":{"line":9,"column":0},"end":{"line":9,"column":9}},"17":{"start":{"line":9,"column":9},"end":{"line":9,"column":25}},"18":{"start":{"line":10,"column":0},"end":{"line":10,"column":9}},"19":{"start":{"line":10,"column":9},"end":{"line":10,"column":24}},"20":{"start":{"line":11,"column":0},"end":{"line":11,"column":9}},"21":{"start":{"line":11,"column":9},"end":{"line":11,"column":31}},"22":{"start":{"line":12,"column":0},"end":{"line":12,"column":9}},"23":{"start":{"line":12,"column":9},"end":{"line":12,"column":17}},"24":{"start":{"line":12,"column":17},"end":{"line":12,"column":57}},"25":{"start":{"line":13,"column":0},"end":{"line":13,"column":9}},"26":{"start":{"line":13,"column":9},"end":{"line":13,"column":16}},"27":{"start":{"line":13,"column":16},"end":{"line":13,"column":60}},"28":{"start":{"line":14,"column":0},"end":{"line":14,"column":9}},"29":{"start":{"line":14,"column":9},"end":{"line":14,"column":15}},"30":{"start":{"line":14,"column":15},"end":{"line":14,"column":20}},"31":{"start":{"line":14,"column":20},"end":{"line":14,"column":28}},"32":{"start":{"line":14,"column":28},"end":{"line":14,"column":35}},"33":{"start":{"line":14,"column":35},"end":{"line":14,"column":73}},"34":{"start":{"line":15,"column":0},"end":{"line":15,"column":9}},"35":{"start":{"line":15,"column":9},"end":{"line":15,"column":35}},"36":{"start":{"line":16,"column":0},"end":{"line":16,"column":9}},"37":{"start":{"line":16,"column":9},"end":{"line":16,"column":40}},"38":{"start":{"line":17,"column":0},"end":{"line":17,"column":9}},"39":{"start":{"line":17,"column":9},"end":{"line":17,"column":30}},"40":{"start":{"line":18,"column":0},"end":{"line":18,"column":9}},"41":{"start":{"line":18,"column":9},"end":{"line":18,"column":29}}},"fnMap":{"0":{"name":"(anonymous_1)","decl":{"start":{"line":1,"column":9},"end":{"line":1,"column":16}},"loc":{"start":{"line":1,"column":9},"end":{"line":1,"column":26}}},"1":{"name":"(anonymous_2)","decl":{"start":{"line":2,"column":9},"end":{"line":2,"column":16}},"loc":{"start":{"line":2,"column":9},"end":{"line":2,"column":26}}},"2":{"name":"(anonymous_3)","decl":{"start":{"line":3,"column":9},"end":{"line":3,"column":16}},"loc":{"start":{"line":3,"column":9},"end":{"line":3,"column":24}}},"3":{"name":"(anonymous_4)","decl":{"start":{"line":4,"column":9},"end":{"line":4,"column":16}},"loc":{"start":{"line":4,"column":9},"end":{"line":4,"column":23}}},"4":{"name":"(anonymous_5)","decl":{"start":{"line":5,"column":9},"end":{"line":5,"column":16}},"loc":{"start":{"line":5,"column":9},"end":{"line":5,"column":24}}},"5":{"name":"(anonymous_6)","decl":{"start":{"line":6,"column":9},"end":{"line":6,"column":16}},"loc":{"start":{"line":6,"column":9},"end":{"line":6,"column":28}}},"6":{"name":"(anonymous_7)","decl":{"start":{"line":7,"column":9},"end":{"line":7,"column":16}},"loc":{"start":{"line":7,"column":9},"end":{"line":7,"column":28}}},"7":{"name":"(anonymous_8)","decl":{"start":{"line":8,"column":9},"end":{"line":8,"column":16}},"loc":{"start":{"line":8,"column":9},"end":{"line":8,"column":29}}},"8":{"name":"(anonymous_9)","decl":{"start":{"line":9,"column":9},"end":{"line":9,"column":16}},"loc":{"start":{"line":9,"column":9},"end":{"line":9,"column":25}}},"9":{"name":"(anonymous_10)","decl":{"start":{"line":10,"column":9},"end":{"line":10,"column":16}},"loc":{"start":{"line":10,"column":9},"end":{"line":10,"column":24}}},"10":{"name":"(anonymous_11)","decl":{"start":{"line":11,"column":9},"end":{"line":11,"column":16}},"loc":{"start":{"line":11,"column":9},"end":{"line":11,"column":31}}},"11":{"name":"(anonymous_12)","decl":{"start":{"line":12,"column":9},"end":{"line":12,"column":15}},"loc":{"start":{"line":12,"column":9},"end":{"line":12,"column":17}}},"12":{"name":"(anonymous_13)","decl":{"start":{"line":12,"column":17},"end":{"line":12,"column":25}},"loc":{"start":{"line":12,"column":17},"end":{"line":12,"column":57}}},"13":{"name":"(anonymous_14)","decl":{"start":{"line":13,"column":9},"end":{"line":13,"column":14}},"loc":{"start":{"line":13,"column":9},"end":{"line":13,"column":16}}},"14":{"name":"(anonymous_15)","decl":{"start":{"line":13,"column":16},"end":{"line":13,"column":27}},"loc":{"start":{"line":13,"column":16},"end":{"line":13,"column":60}}},"15":{"name":"(anonymous_16)","decl":{"start":{"line":14,"column":9},"end":{"line":14,"column":13}},"loc":{"start":{"line":14,"column":9},"end":{"line":14,"column":15}}},"16":{"name":"(anonymous_17)","decl":{"start":{"line":14,"column":15},"end":{"line":14,"column":18}},"loc":{"start":{"line":14,"column":15},"end":{"line":14,"column":20}}},"17":{"name":"(anonymous_18)","decl":{"start":{"line":14,"column":20},"end":{"line":14,"column":26}},"loc":{"start":{"line":14,"column":20},"end":{"line":14,"column":28}}},"18":{"name":"(anonymous_19)","decl":{"start":{"line":14,"column":28},"end":{"line":14,"column":33}},"loc":{"start":{"line":14,"column":28},"end":{"line":14,"column":35}}},"19":{"name":"(anonymous_20)","decl":{"start":{"line":14,"column":35},"end":{"line":14,"column":44}},"loc":{"start":{"line":14,"column":35},"end":{"line":14,"column":73}}},"20":{"name":"(anonymous_21)","decl":{"start":{"line":15,"column":9},"end":{"line":15,"column":16}},"loc":{"start":{"line":15,"column":9},"end":{"line":15,"column":35}}},"21":{"name":"(anonymous_22)","decl":{"start":{"line":16,"column":9},"end":{"line":16,"column":16}},"loc":{"start":{"line":16,"column":9},"end":{"line":16,"column":40}}},"22":{"name":"(anonymous_23)","decl":{"start":{"line":17,"column":9},"end":{"line":17,"column":16}},"loc":{"start":{"line":17,"column":9},"end":{"line":17,"column":30}}},"23":{"name":"(anonymous_24)","decl":{"start":{"line":18,"column":9},"end":{"line":18,"column":16}},"loc":{"start":{"line":18,"column":9},"end":{"line":18,"column":29}}}},"branchMap":{},"s":{"0":22,"1":23,"2":22,"3":26,"4":22,"5":24,"6":22,"7":28,"8":22,"9":24,"10":22,"11":27,"12":22,"13":32,"14":22,"15":26,"16":22,"17":23,"18":22,"19":23,"20":22,"21":23,"22":22,"23":25,"24":24,"25":22,"26":22,"27":22,"28":22,"29":23,"30":24,"31":23,"32":23,"33":23,"34":22,"35":24,"36":22,"37":23,"38":22,"39":26,"40":22,"41":25},"f":{"0":1,"1":4,"2":2,"3":6,"4":2,"5":5,"6":10,"7":4,"8":1,"9":1,"10":1,"11":3,"12":2,"13":0,"14":0,"15":1,"16":2,"17":1,"18":1,"19":1,"20":2,"21":1,"22":4,"23":3},"b":{}}
,"F:\\Projects\\core\\src\\components\\Button.tsx": {"path":"F:\\Projects\\core\\src\\components\\Button.tsx","statementMap":{"0":{"start":{"line":1,"column":0},"end":{"line":1,"column":40}},"1":{"start":{"line":3,"column":0},"end":{"line":3,"column":46}},"2":{"start":{"line":5,"column":15},"end":{"line":107,"column":1}},"3":{"start":{"line":19,"column":34},"end":{"line":19,"column":49}},"4":{"start":{"line":20,"column":23},"end":{"line":29,"column":5}},"5":{"start":{"line":21,"column":8},"end":{"line":28,"column":null}},"6":{"start":{"line":23,"column":16},"end":{"line":23,"column":33}},"7":{"start":{"line":25,"column":16},"end":{"line":25,"column":31}},"8":{"start":{"line":27,"column":16},"end":{"line":27,"column":32}},"9":{"start":{"line":30,"column":29},"end":{"line":41,"column":5}},"10":{"start":{"line":31,"column":8},"end":{"line":40,"column":null}},"11":{"start":{"line":33,"column":16},"end":{"line":33,"column":56}},"12":{"start":{"line":35,"column":16},"end":{"line":35,"column":56}},"13":{"start":{"line":37,"column":16},"end":{"line":37,"column":37}},"14":{"start":{"line":39,"column":16},"end":{"line":39,"column":56}},"15":{"start":{"line":42,"column":19},"end":{"line":57,"column":5}},"16":{"start":{"line":43,"column":8},"end":{"line":56,"column":null}},"17":{"start":{"line":45,"column":16},"end":{"line":47,"column":46}},"18":{"start":{"line":49,"column":16},"end":{"line":49,"column":51}},"19":{"start":{"line":51,"column":16},"end":{"line":51,"column":30}},"20":{"start":{"line":53,"column":16},"end":{"line":55,"column":46}},"21":{"start":{"line":58,"column":22},"end":{"line":69,"column":5}},"22":{"start":{"line":59,"column":8},"end":{"line":68,"column":null}},"23":{"start":{"line":61,"column":16},"end":{"line":61,"column":56}},"24":{"start":{"line":63,"column":16},"end":{"line":63,"column":56}},"25":{"start":{"line":65,"column":16},"end":{"line":65,"column":36}},"26":{"start":{"line":67,"column":16},"end":{"line":67,"column":56}},"27":{"start":{"line":70,"column":20},"end":{"line":71,"column":68}},"28":{"start":{"line":71,"column":8},"end":{"line":71,"column":68}},"29":{"start":{"line":73,"column":4},"end":{"line":106,"column":6}},"30":{"start":{"line":79,"column":36},"end":{"line":79,"column":52}},"31":{"start":{"line":80,"column":36},"end":{"line":80,"column":53}},"32":{"start":{"line":109,"column":0},"end":{"line":109,"column":22}}},"fnMap":{"0":{"name":"(anonymous_7)","decl":{"start":{"line":5,"column":15},"end":{"line":5,"column":16}},"loc":{"start":{"line":18,"column":31},"end":{"line":107,"column":1}}},"1":{"name":"(anonymous_8)","decl":{"start":{"line":20,"column":23},"end":{"line":20,"column":26}},"loc":{"start":{"line":20,"column":28},"end":{"line":29,"column":5}}},"2":{"name":"(anonymous_9)","decl":{"start":{"line":30,"column":29},"end":{"line":30,"column":32}},"loc":{"start":{"line":30,"column":34},"end":{"line":41,"column":5}}},"3":{"name":"(anonymous_10)","decl":{"start":{"line":42,"column":19},"end":{"line":42,"column":22}},"loc":{"start":{"line":42,"column":24},"end":{"line":57,"column":5}}},"4":{"name":"(anonymous_11)","decl":{"start":{"line":58,"column":22},"end":{"line":58,"column":25}},"loc":{"start":{"line":58,"column":27},"end":{"line":69,"column":5}}},"5":{"name":"(anonymous_12)","decl":{"start":{"line":70,"column":20},"end":{"line":70,"column":23}},"loc":{"start":{"line":71,"column":8},"end":{"line":71,"column":68}}},"6":{"name":"(anonymous_13)","decl":{"start":{"line":79,"column":30},"end":{"line":79,"column":33}},"loc":{"start":{"line":79,"column":36},"end":{"line":79,"column":52}}},"7":{"name":"(anonymous_14)","decl":{"start":{"line":80,"column":30},"end":{"line":80,"column":33}},"loc":{"start":{"line":80,"column":36},"end":{"line":80,"column":53}}}},"branchMap":{"0":{"loc":{"start":{"line":6,"column":14},"end":{"line":6,"column":22}},"type":"default-arg","locations":[{"start":{"line":6,"column":14},"end":{"line":6,"column":22}}]},"1":{"loc":{"start":{"line":7,"column":14},"end":{"line":7,"column":25}},"type":"default-arg","locations":[{"start":{"line":7,"column":14},"end":{"line":7,"column":25}}]},"2":{"loc":{"start":{"line":8,"column":15},"end":{"line":8,"column":24}},"type":"default-arg","locations":[{"start":{"line":8,"column":15},"end":{"line":8,"column":24}}]},"3":{"loc":{"start":{"line":9,"column":16},"end":{"line":9,"column":18}},"type":"default-arg","locations":[{"start":{"line":9,"column":16},"end":{"line":9,"column":18}}]},"4":{"loc":{"start":{"line":10,"column":29},"end":{"line":10,"column":36}},"type":"default-arg","locations":[{"start":{"line":10,"column":29},"end":{"line":10,"column":36}}]},"5":{"loc":{"start":{"line":11,"column":15},"end":{"line":11,"column":20}},"type":"default-arg","locations":[{"start":{"line":11,"column":15},"end":{"line":11,"column":20}}]},"6":{"loc":{"start":{"line":22,"column":12},"end":{"line":23,"column":33}},"type":"switch","locations":[{"start":{"line":22,"column":12},"end":{"line":23,"column":33}},{"start":{"line":24,"column":12},"end":{"line":25,"column":31}},{"start":{"line":26,"column":12},"end":{"line":27,"column":32}}]},"7":{"loc":{"start":{"line":32,"column":12},"end":{"line":33,"column":56}},"type":"switch","locations":[{"start":{"line":32,"column":12},"end":{"line":33,"column":56}},{"start":{"line":34,"column":12},"end":{"line":35,"column":56}},{"start":{"line":36,"column":12},"end":{"line":37,"column":37}},{"start":{"line":38,"column":12},"end":{"line":39,"column":56}}]},"8":{"loc":{"start":{"line":33,"column":33},"end":{"line":33,"column":40}},"type":"cond-expr","locations":[{"start":{"line":33,"column":33},"end":{"line":33,"column":40}},{"start":{"line":33,"column":43},"end":{"line":33,"column":55}}]},"9":{"loc":{"start":{"line":35,"column":33},"end":{"line":35,"column":45}},"type":"cond-expr","locations":[{"start":{"line":35,"column":33},"end":{"line":35,"column":45}},{"start":{"line":35,"column":48},"end":{"line":35,"column":55}}]},"10":{"loc":{"start":{"line":39,"column":33},"end":{"line":39,"column":40}},"type":"cond-expr","locations":[{"start":{"line":39,"column":33},"end":{"line":39,"column":40}},{"start":{"line":39,"column":43},"end":{"line":39,"column":55}}]},"11":{"loc":{"start":{"line":44,"column":12},"end":{"line":47,"column":46}},"type":"switch","locations":[{"start":{"line":44,"column":12},"end":{"line":47,"column":46}},{"start":{"line":48,"column":12},"end":{"line":49,"column":51}},{"start":{"line":50,"column":12},"end":{"line":51,"column":30}},{"start":{"line":52,"column":12},"end":{"line":55,"column":46}}]},"12":{"loc":{"start":{"line":46,"column":22},"end":{"line":46,"column":49}},"type":"cond-expr","locations":[{"start":{"line":46,"column":22},"end":{"line":46,"column":49}},{"start":{"line":47,"column":22},"end":{"line":47,"column":45}}]},"13":{"loc":{"start":{"line":54,"column":22},"end":{"line":54,"column":49}},"type":"cond-expr","locations":[{"start":{"line":54,"column":22},"end":{"line":54,"column":49}},{"start":{"line":55,"column":22},"end":{"line":55,"column":45}}]},"14":{"loc":{"start":{"line":60,"column":12},"end":{"line":61,"column":56}},"type":"switch","locations":[{"start":{"line":60,"column":12},"end":{"line":61,"column":56}},{"start":{"line":62,"column":12},"end":{"line":63,"column":56}},{"start":{"line":64,"column":12},"end":{"line":65,"column":36}},{"start":{"line":66,"column":12},"end":{"line":67,"column":56}}]},"15":{"loc":{"start":{"line":61,"column":33},"end":{"line":61,"column":45}},"type":"cond-expr","locations":[{"start":{"line":61,"column":33},"end":{"line":61,"column":45}},{"start":{"line":61,"column":48},"end":{"line":61,"column":55}}]},"16":{"loc":{"start":{"line":63,"column":33},"end":{"line":63,"column":40}},"type":"cond-expr","locations":[{"start":{"line":63,"column":33},"end":{"line":63,"column":40}},{"start":{"line":63,"column":43},"end":{"line":63,"column":55}}]},"17":{"loc":{"start":{"line":67,"column":33},"end":{"line":67,"column":45}},"type":"cond-expr","locations":[{"start":{"line":67,"column":33},"end":{"line":67,"column":45}},{"start":{"line":67,"column":48},"end":{"line":67,"column":55}}]},"18":{"loc":{"start":{"line":71,"column":54},"end":{"line":71,"column":60}},"type":"cond-expr","locations":[{"start":{"line":71,"column":54},"end":{"line":71,"column":60}},{"start":{"line":71,"column":63},"end":{"line":71,"column":68}}]},"19":{"loc":{"start":{"line":71,"column":8},"end":{"line":71,"column":16}},"type":"binary-expr","locations":[{"start":{"line":71,"column":8},"end":{"line":71,"column":16}},{"start":{"line":71,"column":20},"end":{"line":71,"column":51}}]},"20":{"loc":{"start":{"line":76,"column":20},"end":{"line":76,"column":22}},"type":"binary-expr","locations":[{"start":{"line":76,"column":20},"end":{"line":76,"column":22}},{"start":{"line":76,"column":26},"end":{"line":76,"column":34}}]},"21":{"loc":{"start":{"line":78,"column":22},"end":{"line":78,"column":29}},"type":"binary-expr","locations":[{"start":{"line":78,"column":22},"end":{"line":78,"column":29}},{"start":{"line":78,"column":33},"end":{"line":78,"column":41}}]},"22":{"loc":{"start":{"line":87,"column":50},"end":{"line":87,"column":57}},"type":"cond-expr","locations":[{"start":{"line":87,"column":50},"end":{"line":87,"column":57}},{"start":{"line":87,"column":60},"end":{"line":87,"column":79}}]},"23":{"loc":{"start":{"line":92,"column":20},"end":{"line":99,"column":null}},"type":"cond-expr","locations":[{"start":{"line":92,"column":20},"end":{"line":99,"column":null}},{"start":{"line":101,"column":20},"end":{"line":101,"column":24}}]},"24":{"loc":{"start":{"line":96,"column":45},"end":{"line":96,"column":67}},"type":"binary-expr","locations":[{"start":{"line":96,"column":45},"end":{"line":96,"column":67}},{"start":{"line":96,"column":71},"end":{"line":96,"column":78}}]},"25":{"loc":{"start":{"line":104,"column":24},"end":{"line":104,"column":72}},"type":"cond-expr","locations":[{"start":{"line":104,"column":24},"end":{"line":104,"column":72}},{"start":{"line":104,"column":75},"end":{"line":104,"column":79}}]}},"s":{"0":22,"1":22,"2":22,"3":41,"4":41,"5":51,"6":33,"7":1,"8":17,"9":41,"10":41,"11":23,"12":6,"13":6,"14":6,"15":41,"16":41,"17":23,"18":6,"19":6,"20":6,"21":41,"22":41,"23":23,"24":6,"25":6,"26":6,"27":41,"28":35,"29":41,"30":8,"31":8,"32":22},"f":{"0":41,"1":51,"2":41,"3":41,"4":41,"5":35,"6":8,"7":8},"b":{"0":[10],"1":[15],"2":[18],"3":[40],"4":[7],"5":[12],"6":[33,1,17],"7":[23,6,6,6],"8":[2,21],"9":[2,4],"10":[2,4],"11":[23,6,6,6],"12":[2,21],"13":[2,4],"14":[23,6,6,6],"15":[2,21],"16":[2,4],"17":[2,4],"18":[1,34],"19":[35,35],"20":[41,41],"21":[41,30],"22":[6,35],"23":[4,37],"24":[4,1],"25":[1,40]}}
,"F:\\Projects\\core\\src\\components\\Divider.tsx": {"path":"F:\\Projects\\core\\src\\components\\Divider.tsx","statementMap":{"0":{"start":{"line":1,"column":0},"end":{"line":1,"column":26}},"1":{"start":{"line":3,"column":0},"end":{"line":3,"column":30}},"2":{"start":{"line":5,"column":16},"end":{"line":38,"column":null}},"3":{"start":{"line":6,"column":4},"end":{"line":37,"column":null}},"4":{"start":{"line":41,"column":0},"end":{"line":41,"column":23}}},"fnMap":{"0":{"name":"(anonymous_1)","decl":{"start":{"line":5,"column":16},"end":{"line":5,"column":17}},"loc":{"start":{"line":6,"column":4},"end":{"line":37,"column":null}}}},"branchMap":{},"s":{"0":1,"1":1,"2":1,"3":1,"4":1},"f":{"0":1},"b":{}}
,"F:\\Projects\\core\\src\\components\\Layout.tsx": {"path":"F:\\Projects\\core\\src\\components\\Layout.tsx","statementMap":{"0":{"start":{"line":1,"column":0},"end":{"line":1,"column":45}},"1":{"start":{"line":4,"column":15},"end":{"line":41,"column":1}},"2":{"start":{"line":9,"column":11},"end":{"line":9,"column":null}},"3":{"start":{"line":10,"column":19},"end":{"line":11,"column":null}},"4":{"start":{"line":16,"column":19},"end":{"line":28,"column":5}},"5":{"start":{"line":17,"column":43},"end":{"line":22,"column":10}},"6":{"start":{"line":23,"column":8},"end":{"line":26,"column":null}},"7":{"start":{"line":24,"column":12},"end":{"line":24,"column":42}},"8":{"start":{"line":25,"column":12},"end":{"line":25,"column":46}},"9":{"start":{"line":27,"column":8},"end":{"line":27,"column":27}},"10":{"start":{"line":29,"column":4},"end":{"line":40,"column":6}},"11":{"start":{"line":43,"column":0},"end":{"line":43,"column":22}}},"fnMap":{"0":{"name":"(anonymous_2)","decl":{"start":{"line":4,"column":15},"end":{"line":4,"column":16}},"loc":{"start":{"line":15,"column":22},"end":{"line":41,"column":1}}},"1":{"name":"(anonymous_3)","decl":{"start":{"line":16,"column":19},"end":{"line":16,"column":22}},"loc":{"start":{"line":16,"column":24},"end":{"line":28,"column":5}}}},"branchMap":{"0":{"loc":{"start":{"line":5,"column":13},"end":{"line":5,"column":18}},"type":"default-arg","locations":[{"start":{"line":5,"column":13},"end":{"line":5,"column":18}}]},"1":{"loc":{"start":{"line":6,"column":18},"end":{"line":6,"column":23}},"type":"default-arg","locations":[{"start":{"line":6,"column":18},"end":{"line":6,"column":23}}]},"2":{"loc":{"start":{"line":7,"column":12},"end":{"line":7,"column":14}},"type":"default-arg","locations":[{"start":{"line":7,"column":12},"end":{"line":7,"column":14}}]},"3":{"loc":{"start":{"line":23,"column":8},"end":{"line":26,"column":null}},"type":"if","locations":[{"start":{"line":23,"column":8},"end":{"line":26,"column":null}},{"start":{"line":23,"column":8},"end":{"line":26,"column":null}}]}},"s":{"0":24,"1":24,"2":199,"3":198,"4":198,"5":198,"6":198,"7":145,"8":145,"9":198,"10":198,"11":24},"f":{"0":199,"1":198},"b":{"0":[144],"1":[1],"2":[27],"3":[145,53]}}
,"F:\\Projects\\core\\src\\components\\Menu.tsx": {"path":"F:\\Projects\\core\\src\\components\\Menu.tsx","statementMap":{"0":{"start":{"line":1,"column":0},"end":{"line":1,"column":26}},"1":{"start":{"line":3,"column":0},"end":{"line":3,"column":34}},"2":{"start":{"line":4,"column":0},"end":{"line":4,"column":44}},"3":{"start":{"line":6,"column":13},"end":{"line":18,"column":1}},"4":{"start":{"line":7,"column":4},"end":{"line":17,"column":6}},"5":{"start":{"line":20,"column":0},"end":{"line":20,"column":20}}},"fnMap":{"0":{"name":"(anonymous_1)","decl":{"start":{"line":6,"column":13},"end":{"line":6,"column":14}},"loc":{"start":{"line":6,"column":74},"end":{"line":18,"column":1}}}},"branchMap":{"0":{"loc":{"start":{"line":11,"column":37},"end":{"line":11,"column":43}},"type":"cond-expr","locations":[{"start":{"line":11,"column":37},"end":{"line":11,"column":43}},{"start":{"line":11,"column":46},"end":{"line":11,"column":52}}]}},"s":{"0":22,"1":22,"2":22,"3":22,"4":2,"5":22},"f":{"0":2},"b":{"0":[1,1]}}
,"F:\\Projects\\core\\src\\components\\MfaInput.tsx": {"path":"F:\\Projects\\core\\src\\components\\MfaInput.tsx","statementMap":{"0":{"start":{"line":1,"column":0},"end":{"line":1,"column":null}},"1":{"start":{"line":9,"column":0},"end":{"line":9,"column":30}},"2":{"start":{"line":10,"column":0},"end":{"line":10,"column":48}},"3":{"start":{"line":13,"column":17},"end":{"line":111,"column":1}},"4":{"start":{"line":19,"column":28},"end":{"line":20,"column":null}},"5":{"start":{"line":22,"column":29},"end":{"line":22,"column":62}},"6":{"start":{"line":23,"column":19},"end":{"line":24,"column":null}},"7":{"start":{"line":24,"column":8},"end":{"line":24,"column":37}},"8":{"start":{"line":27,"column":4},"end":{"line":30,"column":34}},"9":{"start":{"line":28,"column":8},"end":{"line":28,"column":46}},"10":{"start":{"line":29,"column":8},"end":{"line":29,"column":38}},"11":{"start":{"line":32,"column":28},"end":{"line":37,"column":5}},"12":{"start":{"line":33,"column":24},"end":{"line":33,"column":33}},"13":{"start":{"line":34,"column":8},"end":{"line":34,"column":34}},"14":{"start":{"line":35,"column":8},"end":{"line":35,"column":25}},"15":{"start":{"line":36,"column":8},"end":{"line":36,"column":35}},"16":{"start":{"line":39,"column":18},"end":{"line":40,"column":58}},"17":{"start":{"line":40,"column":8},"end":{"line":40,"column":58}},"18":{"start":{"line":42,"column":20},"end":{"line":58,"column":5}},"19":{"start":{"line":43,"column":8},"end":{"line":57,"column":null}},"20":{"start":{"line":44,"column":34},"end":{"line":44,"column":79}},"21":{"start":{"line":45,"column":35},"end":{"line":46,"column":null}},"22":{"start":{"line":46,"column":16},"end":{"line":46,"column":60}},"23":{"start":{"line":48,"column":12},"end":{"line":48,"column":36}},"24":{"start":{"line":49,"column":12},"end":{"line":49,"column":46}},"25":{"start":{"line":50,"column":12},"end":{"line":56,"column":null}},"26":{"start":{"line":51,"column":36},"end":{"line":51,"column":79}},"27":{"start":{"line":52,"column":16},"end":{"line":54,"column":null}},"28":{"start":{"line":53,"column":20},"end":{"line":53,"column":68}},"29":{"start":{"line":55,"column":16},"end":{"line":55,"column":36}},"30":{"start":{"line":60,"column":22},"end":{"line":92,"column":5}},"31":{"start":{"line":61,"column":8},"end":{"line":91,"column":null}},"32":{"start":{"line":64,"column":16},"end":{"line":66,"column":null}},"33":{"start":{"line":65,"column":20},"end":{"line":65,"column":55}},"34":{"start":{"line":67,"column":16},"end":{"line":67,"column":43}},"35":{"start":{"line":68,"column":16},"end":{"line":68,"column":22}},"36":{"start":{"line":70,"column":16},"end":{"line":70,"column":51}},"37":{"start":{"line":71,"column":16},"end":{"line":71,"column":22}},"38":{"start":{"line":73,"column":16},"end":{"line":73,"column":51}},"39":{"start":{"line":74,"column":16},"end":{"line":74,"column":22}},"40":{"start":{"line":76,"column":33},"end":{"line":76,"column":45}},"41":{"start":{"line":77,"column":16},"end":{"line":77,"column":44}},"42":{"start":{"line":77,"column":37},"end":{"line":77,"column":44}},"43":{"start":{"line":78,"column":16},"end":{"line":78,"column":49}},"44":{"start":{"line":79,"column":16},"end":{"line":89,"column":null}},"45":{"start":{"line":80,"column":20},"end":{"line":80,"column":55}},"46":{"start":{"line":81,"column":23},"end":{"line":89,"column":null}},"47":{"start":{"line":82,"column":40},"end":{"line":83,"column":null}},"48":{"start":{"line":85,"column":20},"end":{"line":87,"column":null}},"49":{"start":{"line":86,"column":24},"end":{"line":86,"column":72}},"50":{"start":{"line":88,"column":20},"end":{"line":88,"column":40}},"51":{"start":{"line":94,"column":4},"end":{"line":110,"column":6}},"52":{"start":{"line":97,"column":16},"end":{"line":106,"column":null}},"53":{"start":{"line":99,"column":36},"end":{"line":99,"column":55}},"54":{"start":{"line":100,"column":38},"end":{"line":100,"column":52}},"55":{"start":{"line":106,"column":36},"end":{"line":106,"column":40}},"56":{"start":{"line":113,"column":0},"end":{"line":113,"column":24}}},"fnMap":{"0":{"name":"(anonymous_7)","decl":{"start":{"line":13,"column":17},"end":{"line":13,"column":18}},"loc":{"start":{"line":18,"column":33},"end":{"line":111,"column":1}}},"1":{"name":"(anonymous_8)","decl":{"start":{"line":23,"column":44},"end":{"line":23,"column":47}},"loc":{"start":{"line":24,"column":8},"end":{"line":24,"column":37}}},"2":{"name":"(anonymous_9)","decl":{"start":{"line":27,"column":14},"end":{"line":27,"column":17}},"loc":{"start":{"line":27,"column":19},"end":{"line":30,"column":5}}},"3":{"name":"(anonymous_10)","decl":{"start":{"line":32,"column":28},"end":{"line":32,"column":29}},"loc":{"start":{"line":32,"column":64},"end":{"line":37,"column":5}}},"4":{"name":"(anonymous_11)","decl":{"start":{"line":39,"column":18},"end":{"line":39,"column":19}},"loc":{"start":{"line":40,"column":8},"end":{"line":40,"column":58}}},"5":{"name":"(anonymous_12)","decl":{"start":{"line":42,"column":20},"end":{"line":42,"column":21}},"loc":{"start":{"line":42,"column":64},"end":{"line":58,"column":5}}},"6":{"name":"(anonymous_13)","decl":{"start":{"line":45,"column":53},"end":{"line":45,"column":60}},"loc":{"start":{"line":46,"column":16},"end":{"line":46,"column":60}}},"7":{"name":"(anonymous_14)","decl":{"start":{"line":60,"column":22},"end":{"line":60,"column":23}},"loc":{"start":{"line":60,"column":58},"end":{"line":92,"column":5}}},"8":{"name":"(anonymous_15)","decl":{"start":{"line":96,"column":38},"end":{"line":96,"column":39}},"loc":{"start":{"line":97,"column":16},"end":{"line":106,"column":null}}},"9":{"name":"(anonymous_16)","decl":{"start":{"line":99,"column":31},"end":{"line":99,"column":32}},"loc":{"start":{"line":99,"column":36},"end":{"line":99,"column":55}}},"10":{"name":"(anonymous_17)","decl":{"start":{"line":100,"column":29},"end":{"line":100,"column":34}},"loc":{"start":{"line":100,"column":38},"end":{"line":100,"column":52}}},"11":{"name":"(anonymous_18)","decl":{"start":{"line":106,"column":30},"end":{"line":106,"column":33}},"loc":{"start":{"line":106,"column":36},"end":{"line":106,"column":40}}}},"branchMap":{"0":{"loc":{"start":{"line":20,"column":16},"end":{"line":20,"column":31}},"type":"cond-expr","locations":[{"start":{"line":20,"column":16},"end":{"line":20,"column":31}},{"start":{"line":20,"column":34},"end":{"line":20,"column":36}}]},"1":{"loc":{"start":{"line":28,"column":24},"end":{"line":28,"column":39}},"type":"cond-expr","locations":[{"start":{"line":28,"column":24},"end":{"line":28,"column":39}},{"start":{"line":28,"column":42},"end":{"line":28,"column":44}}]},"2":{"loc":{"start":{"line":29,"column":25},"end":{"line":29,"column":30}},"type":"binary-expr","locations":[{"start":{"line":29,"column":25},"end":{"line":29,"column":30}},{"start":{"line":29,"column":34},"end":{"line":29,"column":36}}]},"3":{"loc":{"start":{"line":40,"column":43},"end":{"line":40,"column":45}},"type":"cond-expr","locations":[{"start":{"line":40,"column":43},"end":{"line":40,"column":45}},{"start":{"line":40,"column":48},"end":{"line":40,"column":58}}]},"4":{"loc":{"start":{"line":43,"column":8},"end":{"line":57,"column":null}},"type":"if","locations":[{"start":{"line":43,"column":8},"end":{"line":57,"column":null}},{"start":{"line":43,"column":8},"end":{"line":57,"column":null}}]},"5":{"loc":{"start":{"line":46,"column":48},"end":{"line":46,"column":50}},"type":"cond-expr","locations":[{"start":{"line":46,"column":48},"end":{"line":46,"column":50}},{"start":{"line":46,"column":53},"end":{"line":46,"column":60}}]},"6":{"loc":{"start":{"line":50,"column":12},"end":{"line":56,"column":null}},"type":"if","locations":[{"start":{"line":50,"column":12},"end":{"line":56,"column":null}},{"start":{"line":50,"column":12},"end":{"line":56,"column":null}}]},"7":{"loc":{"start":{"line":52,"column":16},"end":{"line":54,"column":null}},"type":"if","locations":[{"start":{"line":52,"column":16},"end":{"line":54,"column":null}},{"start":{"line":52,"column":16},"end":{"line":54,"column":null}}]},"8":{"loc":{"start":{"line":62,"column":12},"end":{"line":62,"column":29}},"type":"switch","locations":[{"start":{"line":62,"column":12},"end":{"line":62,"column":29}},{"start":{"line":63,"column":12},"end":{"line":68,"column":22}},{"start":{"line":69,"column":12},"end":{"line":71,"column":22}},{"start":{"line":72,"column":12},"end":{"line":74,"column":22}},{"start":{"line":75,"column":12},"end":{"line":90,"column":null}}]},"9":{"loc":{"start":{"line":64,"column":16},"end":{"line":66,"column":null}},"type":"if","locations":[{"start":{"line":64,"column":16},"end":{"line":66,"column":null}},{"start":{"line":64,"column":16},"end":{"line":66,"column":null}}]},"10":{"loc":{"start":{"line":65,"column":45},"end":{"line":65,"column":47}},"type":"cond-expr","locations":[{"start":{"line":65,"column":45},"end":{"line":65,"column":47}},{"start":{"line":65,"column":45},"end":{"line":65,"column":54}}]},"11":{"loc":{"start":{"line":65,"column":20},"end":{"line":65,"column":47}},"type":"binary-expr","locations":[{"start":{"line":65,"column":20},"end":{"line":65,"column":47}},{"start":{"line":65,"column":45},"end":{"line":65,"column":47}}]},"12":{"loc":{"start":{"line":70,"column":41},"end":{"line":70,"column":43}},"type":"cond-expr","locations":[{"start":{"line":70,"column":41},"end":{"line":70,"column":43}},{"start":{"line":70,"column":41},"end":{"line":70,"column":50}}]},"13":{"loc":{"start":{"line":70,"column":16},"end":{"line":70,"column":43}},"type":"binary-expr","locations":[{"start":{"line":70,"column":16},"end":{"line":70,"column":43}},{"start":{"line":70,"column":41},"end":{"line":70,"column":43}}]},"14":{"loc":{"start":{"line":73,"column":41},"end":{"line":73,"column":43}},"type":"cond-expr","locations":[{"start":{"line":73,"column":41},"end":{"line":73,"column":43}},{"start":{"line":73,"column":41},"end":{"line":73,"column":50}}]},"15":{"loc":{"start":{"line":73,"column":16},"end":{"line":73,"column":43}},"type":"binary-expr","locations":[{"start":{"line":73,"column":16},"end":{"line":73,"column":43}},{"start":{"line":73,"column":41},"end":{"line":73,"column":43}}]},"16":{"loc":{"start":{"line":77,"column":16},"end":{"line":77,"column":44}},"type":"if","locations":[{"start":{"line":77,"column":16},"end":{"line":77,"column":44}},{"start":{"line":77,"column":16},"end":{"line":77,"column":44}}]},"17":{"loc":{"start":{"line":79,"column":16},"end":{"line":89,"column":null}},"type":"if","locations":[{"start":{"line":79,"column":16},"end":{"line":89,"column":null}},{"start":{"line":79,"column":16},"end":{"line":89,"column":null}}]},"18":{"loc":{"start":{"line":80,"column":45},"end":{"line":80,"column":47}},"type":"cond-expr","locations":[{"start":{"line":80,"column":45},"end":{"line":80,"column":47}},{"start":{"line":80,"column":45},"end":{"line":80,"column":54}}]},"19":{"loc":{"start":{"line":80,"column":20},"end":{"line":80,"column":47}},"type":"binary-expr","locations":[{"start":{"line":80,"column":20},"end":{"line":80,"column":47}},{"start":{"line":80,"column":45},"end":{"line":80,"column":47}}]},"20":{"loc":{"start":{"line":81,"column":23},"end":{"line":89,"column":null}},"type":"if","locations":[{"start":{"line":81,"column":23},"end":{"line":89,"column":null}},{"start":{"line":81,"column":23},"end":{"line":89,"column":null}}]},"21":{"loc":{"start":{"line":85,"column":20},"end":{"line":87,"column":null}},"type":"if","locations":[{"start":{"line":85,"column":20},"end":{"line":87,"column":null}},{"start":{"line":85,"column":20},"end":{"line":87,"column":null}}]},"22":{"loc":{"start":{"line":101,"column":27},"end":{"line":101,"column":38}},"type":"binary-expr","locations":[{"start":{"line":101,"column":27},"end":{"line":101,"column":38}},{"start":{"line":101,"column":42},"end":{"line":101,"column":44}}]}},"s":{"0":22,"1":22,"2":22,"3":22,"4":21,"5":21,"6":21,"7":126,"8":21,"9":3,"10":3,"11":21,"12":9,"13":9,"14":9,"15":9,"16":21,"17":8,"18":21,"19":5,"20":4,"21":4,"22":24,"23":4,"24":4,"25":4,"26":3,"27":3,"28":1,"29":2,"30":21,"31":12,"32":2,"33":1,"34":2,"35":2,"36":1,"37":1,"38":1,"39":1,"40":8,"41":8,"42":1,"43":7,"44":7,"45":4,"46":3,"47":2,"48":2,"49":1,"50":1,"51":21,"52":126,"53":12,"54":5,"55":1,"56":22},"f":{"0":21,"1":126,"2":3,"3":9,"4":8,"5":5,"6":24,"7":12,"8":126,"9":12,"10":5,"11":1},"b":{"0":[11,10],"1":[1,2],"2":[3,2],"3":[1,7],"4":[4,1],"5":[1,23],"6":[3,1],"7":[1,2],"8":[1,2,1,1,8],"9":[1,1],"10":[0,1],"11":[1,1],"12":[0,1],"13":[1,1],"14":[0,1],"15":[1,1],"16":[1,7],"17":[4,3],"18":[0,4],"19":[4,4],"20":[2,1],"21":[1,1],"22":[126,63]}}
,"F:\\Projects\\core\\src\\components\\Radio.tsx": {"path":"F:\\Projects\\core\\src\\components\\Radio.tsx","statementMap":{"0":{"start":{"line":1,"column":0},"end":{"line":1,"column":53}},"1":{"start":{"line":3,"column":0},"end":{"line":3,"column":45}},"2":{"start":{"line":5,"column":14},"end":{"line":33,"column":1}},"3":{"start":{"line":6,"column":46},"end":{"line":6,"column":66}},"4":{"start":{"line":7,"column":32},"end":{"line":10,"column":5}},"5":{"start":{"line":8,"column":8},"end":{"line":8,"column":37}},"6":{"start":{"line":9,"column":8},"end":{"line":9,"column":45}},"7":{"start":{"line":11,"column":4},"end":{"line":32,"column":6}},"8":{"start":{"line":14,"column":16},"end":{"line":28,"column":null}},"9":{"start":{"line":35,"column":0},"end":{"line":35,"column":21}}},"fnMap":{"0":{"name":"(anonymous_7)","decl":{"start":{"line":5,"column":14},"end":{"line":5,"column":15}},"loc":{"start":{"line":5,"column":65},"end":{"line":33,"column":1}}},"1":{"name":"(anonymous_8)","decl":{"start":{"line":7,"column":32},"end":{"line":7,"column":33}},"loc":{"start":{"line":7,"column":73},"end":{"line":10,"column":5}}},"2":{"name":"(anonymous_9)","decl":{"start":{"line":13,"column":25},"end":{"line":13,"column":32}},"loc":{"start":{"line":14,"column":16},"end":{"line":28,"column":null}}}},"branchMap":{},"s":{"0":22,"1":22,"2":22,"3":2,"4":2,"5":1,"6":1,"7":2,"8":4,"9":22},"f":{"0":2,"1":1,"2":4},"b":{}}
,"F:\\Projects\\core\\src\\components\\StrengthBar.tsx": {"path":"F:\\Projects\\core\\src\\components\\StrengthBar.tsx","statementMap":{"0":{"start":{"line":1,"column":0},"end":{"line":1,"column":26}},"1":{"start":{"line":3,"column":0},"end":{"line":3,"column":51}},"2":{"start":{"line":5,"column":20},"end":{"line":33,"column":null}},"3":{"start":{"line":6,"column":4},"end":{"line":32,"column":null}},"4":{"start":{"line":8,"column":12},"end":{"line":30,"column":null}},"5":{"start":{"line":16,"column":34},"end":{"line":27,"column":null}},"6":{"start":{"line":18,"column":42},"end":{"line":18,"column":59}},"7":{"start":{"line":20,"column":42},"end":{"line":20,"column":59}},"8":{"start":{"line":22,"column":42},"end":{"line":22,"column":59}},"9":{"start":{"line":24,"column":42},"end":{"line":24,"column":59}},"10":{"start":{"line":26,"column":42},"end":{"line":26,"column":59}},"11":{"start":{"line":36,"column":0},"end":{"line":36,"column":27}}},"fnMap":{"0":{"name":"(anonymous_1)","decl":{"start":{"line":5,"column":20},"end":{"line":5,"column":21}},"loc":{"start":{"line":6,"column":4},"end":{"line":32,"column":null}}},"1":{"name":"(anonymous_2)","decl":{"start":{"line":7,"column":34},"end":{"line":7,"column":35}},"loc":{"start":{"line":8,"column":12},"end":{"line":30,"column":null}}},"2":{"name":"(anonymous_3)","decl":{"start":{"line":15,"column":31},"end":{"line":15,"column":34}},"loc":{"start":{"line":15,"column":36},"end":{"line":28,"column":31}}}},"branchMap":{"0":{"loc":{"start":{"line":15,"column":30},"end":{"line":28,"column":34}},"type":"cond-expr","locations":[{"start":{"line":15,"column":30},"end":{"line":28,"column":34}},{"start":{"line":29,"column":30},"end":{"line":29,"column":39}}]},"1":{"loc":{"start":{"line":17,"column":38},"end":{"line":18,"column":59}},"type":"switch","locations":[{"start":{"line":17,"column":38},"end":{"line":18,"column":59}},{"start":{"line":19,"column":38},"end":{"line":20,"column":59}},{"start":{"line":21,"column":38},"end":{"line":22,"column":59}},{"start":{"line":23,"column":38},"end":{"line":24,"column":59}},{"start":{"line":25,"column":38},"end":{"line":26,"column":59}}]}},"s":{"0":22,"1":22,"2":22,"3":6,"4":24,"5":14,"6":1,"7":2,"8":3,"9":4,"10":4,"11":22},"f":{"0":6,"1":24,"2":14},"b":{"0":[14,10],"1":[1,2,3,4,4]}}
,"F:\\Projects\\core\\src\\components\\TextBox.tsx": {"path":"F:\\Projects\\core\\src\\components\\TextBox.tsx","statementMap":{"0":{"start":{"line":1,"column":0},"end":{"line":1,"column":64}},"1":{"start":{"line":2,"column":0},"end":{"line":2,"column":30}},"2":{"start":{"line":3,"column":0},"end":{"line":3,"column":47}},"3":{"start":{"line":6,"column":16},"end":{"line":149,"column":1}},"4":{"start":{"line":26,"column":30},"end":{"line":26,"column":48}},"5":{"start":{"line":28,"column":4},"end":{"line":28,"column":52}},"6":{"start":{"line":28,"column":20},"end":{"line":28,"column":38}},"7":{"start":{"line":30,"column":21},"end":{"line":30,"column":52}},"8":{"start":{"line":30,"column":27},"end":{"line":30,"column":52}},"9":{"start":{"line":32,"column":22},"end":{"line":41,"column":5}},"10":{"start":{"line":33,"column":8},"end":{"line":33,"column":61}},"11":{"start":{"line":33,"column":19},"end":{"line":33,"column":61}},"12":{"start":{"line":34,"column":8},"end":{"line":40,"column":null}},"13":{"start":{"line":36,"column":16},"end":{"line":36,"column":41}},"14":{"start":{"line":39,"column":16},"end":{"line":39,"column":56}},"15":{"start":{"line":42,"column":23},"end":{"line":51,"column":5}},"16":{"start":{"line":43,"column":8},"end":{"line":43,"column":41}},"17":{"start":{"line":43,"column":20},"end":{"line":43,"column":41}},"18":{"start":{"line":44,"column":8},"end":{"line":50,"column":null}},"19":{"start":{"line":46,"column":16},"end":{"line":46,"column":30}},"20":{"start":{"line":49,"column":16},"end":{"line":49,"column":30}},"21":{"start":{"line":52,"column":23},"end":{"line":55,"column":6}},"22":{"start":{"line":52,"column":30},"end":{"line":55,"column":6}},"23":{"start":{"line":56,"column":25},"end":{"line":61,"column":5}},"24":{"start":{"line":57,"column":29},"end":{"line":57,"column":69}},"25":{"start":{"line":58,"column":8},"end":{"line":58,"column":34}},"26":{"start":{"line":58,"column":27},"end":{"line":58,"column":34}},"27":{"start":{"line":59,"column":8},"end":{"line":59,"column":35}},"28":{"start":{"line":60,"column":8},"end":{"line":60,"column":49}},"29":{"start":{"line":60,"column":22},"end":{"line":60,"column":49}},"30":{"start":{"line":63,"column":4},"end":{"line":148,"column":6}},"31":{"start":{"line":151,"column":0},"end":{"line":151,"column":23}}},"fnMap":{"0":{"name":"(anonymous_7)","decl":{"start":{"line":6,"column":16},"end":{"line":6,"column":17}},"loc":{"start":{"line":25,"column":32},"end":{"line":149,"column":1}}},"1":{"name":"(anonymous_8)","decl":{"start":{"line":28,"column":14},"end":{"line":28,"column":17}},"loc":{"start":{"line":28,"column":20},"end":{"line":28,"column":38}}},"2":{"name":"(anonymous_9)","decl":{"start":{"line":30,"column":21},"end":{"line":30,"column":24}},"loc":{"start":{"line":30,"column":27},"end":{"line":30,"column":52}}},"3":{"name":"(anonymous_10)","decl":{"start":{"line":32,"column":22},"end":{"line":32,"column":25}},"loc":{"start":{"line":32,"column":27},"end":{"line":41,"column":5}}},"4":{"name":"(anonymous_11)","decl":{"start":{"line":42,"column":23},"end":{"line":42,"column":26}},"loc":{"start":{"line":42,"column":28},"end":{"line":51,"column":5}}},"5":{"name":"(anonymous_12)","decl":{"start":{"line":52,"column":23},"end":{"line":52,"column":26}},"loc":{"start":{"line":52,"column":30},"end":{"line":55,"column":6}}},"6":{"name":"(anonymous_13)","decl":{"start":{"line":56,"column":25},"end":{"line":56,"column":26}},"loc":{"start":{"line":56,"column":64},"end":{"line":61,"column":5}}}},"branchMap":{"0":{"loc":{"start":{"line":7,"column":12},"end":{"line":7,"column":14}},"type":"default-arg","locations":[{"start":{"line":7,"column":12},"end":{"line":7,"column":14}}]},"1":{"loc":{"start":{"line":8,"column":14},"end":{"line":8,"column":24}},"type":"default-arg","locations":[{"start":{"line":8,"column":14},"end":{"line":8,"column":24}}]},"2":{"loc":{"start":{"line":9,"column":11},"end":{"line":9,"column":51}},"type":"default-arg","locations":[{"start":{"line":9,"column":11},"end":{"line":9,"column":51}}]},"3":{"loc":{"start":{"line":9,"column":34},"end":{"line":9,"column":41}},"type":"cond-expr","locations":[{"start":{"line":9,"column":34},"end":{"line":9,"column":41}},{"start":{"line":9,"column":44},"end":{"line":9,"column":51}}]},"4":{"loc":{"start":{"line":10,"column":15},"end":{"line":10,"column":20}},"type":"default-arg","locations":[{"start":{"line":10,"column":15},"end":{"line":10,"column":20}}]},"5":{"loc":{"start":{"line":11,"column":19},"end":{"line":11,"column":28}},"type":"default-arg","locations":[{"start":{"line":11,"column":19},"end":{"line":11,"column":28}}]},"6":{"loc":{"start":{"line":12,"column":22},"end":{"line":12,"column":24}},"type":"default-arg","locations":[{"start":{"line":12,"column":22},"end":{"line":12,"column":24}}]},"7":{"loc":{"start":{"line":30,"column":28},"end":{"line":30,"column":37}},"type":"binary-expr","locations":[{"start":{"line":30,"column":28},"end":{"line":30,"column":37}},{"start":{"line":30,"column":41},"end":{"line":30,"column":42}}]},"8":{"loc":{"start":{"line":33,"column":8},"end":{"line":33,"column":61}},"type":"if","locations":[{"start":{"line":33,"column":8},"end":{"line":33,"column":61}},{"start":{"line":33,"column":8},"end":{"line":33,"column":61}}]},"9":{"loc":{"start":{"line":35,"column":12},"end":{"line":36,"column":41}},"type":"switch","locations":[{"start":{"line":35,"column":12},"end":{"line":36,"column":41}},{"start":{"line":37,"column":12},"end":{"line":37,"column":25}},{"start":{"line":38,"column":12},"end":{"line":39,"column":56}}]},"10":{"loc":{"start":{"line":43,"column":8},"end":{"line":43,"column":41}},"type":"if","locations":[{"start":{"line":43,"column":8},"end":{"line":43,"column":41}},{"start":{"line":43,"column":8},"end":{"line":43,"column":41}}]},"11":{"loc":{"start":{"line":45,"column":12},"end":{"line":46,"column":30}},"type":"switch","locations":[{"start":{"line":45,"column":12},"end":{"line":46,"column":30}},{"start":{"line":47,"column":12},"end":{"line":47,"column":25}},{"start":{"line":48,"column":12},"end":{"line":49,"column":30}}]},"12":{"loc":{"start":{"line":53,"column":35},"end":{"line":53,"column":41}},"type":"cond-expr","locations":[{"start":{"line":53,"column":35},"end":{"line":53,"column":41}},{"start":{"line":53,"column":44},"end":{"line":53,"column":50}}]},"13":{"loc":{"start":{"line":54,"column":34},"end":{"line":54,"column":40}},"type":"cond-expr","locations":[{"start":{"line":54,"column":34},"end":{"line":54,"column":40}},{"start":{"line":54,"column":43},"end":{"line":54,"column":49}}]},"14":{"loc":{"start":{"line":57,"column":38},"end":{"line":57,"column":62}},"type":"cond-expr","locations":[{"start":{"line":57,"column":38},"end":{"line":57,"column":62}},{"start":{"line":57,"column":65},"end":{"line":57,"column":69}}]},"15":{"loc":{"start":{"line":58,"column":8},"end":{"line":58,"column":34}},"type":"if","locations":[{"start":{"line":58,"column":8},"end":{"line":58,"column":34}},{"start":{"line":58,"column":8},"end":{"line":58,"column":34}}]},"16":{"loc":{"start":{"line":60,"column":8},"end":{"line":60,"column":49}},"type":"if","locations":[{"start":{"line":60,"column":8},"end":{"line":60,"column":49}},{"start":{"line":60,"column":8},"end":{"line":60,"column":49}}]},"17":{"loc":{"start":{"line":70,"column":16},"end":{"line":80,"column":null}},"type":"cond-expr","locations":[{"start":{"line":70,"column":16},"end":{"line":80,"column":null}},{"start":{"line":82,"column":16},"end":{"line":82,"column":20}}]},"18":{"loc":{"start":{"line":69,"column":13},"end":{"line":69,"column":18}},"type":"binary-expr","locations":[{"start":{"line":69,"column":13},"end":{"line":69,"column":18}},{"start":{"line":69,"column":22},"end":{"line":69,"column":30}}]},"19":{"loc":{"start":{"line":74,"column":28},"end":{"line":75,"column":null}},"type":"cond-expr","locations":[{"start":{"line":74,"column":28},"end":{"line":75,"column":null}},{"start":{"line":79,"column":28},"end":{"line":79,"column":32}}]},"20":{"loc":{"start":{"line":87,"column":38},"end":{"line":87,"column":47}},"type":"cond-expr","locations":[{"start":{"line":87,"column":38},"end":{"line":87,"column":47}},{"start":{"line":87,"column":50},"end":{"line":87,"column":59}}]},"21":{"loc":{"start":{"line":88,"column":59},"end":{"line":88,"column":64}},"type":"cond-expr","locations":[{"start":{"line":88,"column":59},"end":{"line":88,"column":64}},{"start":{"line":88,"column":67},"end":{"line":88,"column":70}}]},"22":{"loc":{"start":{"line":92,"column":30},"end":{"line":92,"column":57}},"type":"cond-expr","locations":[{"start":{"line":92,"column":30},"end":{"line":92,"column":57}},{"start":{"line":93,"column":30},"end":{"line":93,"column":36}}]},"23":{"loc":{"start":{"line":97,"column":20},"end":{"line":103,"column":null}},"type":"cond-expr","locations":[{"start":{"line":97,"column":20},"end":{"line":103,"column":null}},{"start":{"line":105,"column":20},"end":{"line":105,"column":24}}]},"24":{"loc":{"start":{"line":113,"column":43},"end":{"line":113,"column":56}},"type":"cond-expr","locations":[{"start":{"line":113,"column":43},"end":{"line":113,"column":56}},{"start":{"line":113,"column":59},"end":{"line":113,"column":65}}]},"25":{"loc":{"start":{"line":115,"column":51},"end":{"line":115,"column":60}},"type":"cond-expr","locations":[{"start":{"line":115,"column":51},"end":{"line":115,"column":60}},{"start":{"line":115,"column":63},"end":{"line":115,"column":76}}]},"26":{"loc":{"start":{"line":119,"column":31},"end":{"line":119,"column":40}},"type":"binary-expr","locations":[{"start":{"line":119,"column":31},"end":{"line":119,"column":40}},{"start":{"line":119,"column":44},"end":{"line":119,"column":46}}]},"27":{"loc":{"start":{"line":123,"column":20},"end":{"line":132,"column":null}},"type":"cond-expr","locations":[{"start":{"line":123,"column":20},"end":{"line":132,"column":null}},{"start":{"line":134,"column":20},"end":{"line":134,"column":24}}]},"28":{"loc":{"start":{"line":128,"column":38},"end":{"line":128,"column":47}},"type":"cond-expr","locations":[{"start":{"line":128,"column":38},"end":{"line":128,"column":47}},{"start":{"line":129,"column":38},"end":{"line":129,"column":51}}]},"29":{"loc":{"start":{"line":136,"column":20},"end":{"line":143,"column":null}},"type":"cond-expr","locations":[{"start":{"line":136,"column":20},"end":{"line":143,"column":null}},{"start":{"line":145,"column":20},"end":{"line":145,"column":24}}]}},"s":{"0":1,"1":1,"2":1,"3":1,"4":32,"5":32,"6":1,"7":32,"8":32,"9":32,"10":32,"11":1,"12":31,"13":4,"14":27,"15":32,"16":96,"17":3,"18":93,"19":12,"20":81,"21":32,"22":6,"23":32,"24":4,"25":4,"26":1,"27":3,"28":3,"29":2,"30":32,"31":1},"f":{"0":32,"1":1,"2":32,"3":32,"4":96,"5":6,"6":4},"b":{"0":[30],"1":[9],"2":[27],"3":[2,25],"4":[3],"5":[32],"6":[32],"7":[32,32],"8":[1,31],"9":[4,27,27],"10":[3,93],"11":[12,81,81],"12":[1,5],"13":[1,5],"14":[2,2],"15":[1,3],"16":[2,1],"17":[2,30],"18":[32,30],"19":[1,1],"20":[1,31],"21":[30,2],"22":[30,2],"23":[5,27],"24":[1,31],"25":[2,30],"26":[32,32],"27":[3,29],"28":[1,2],"29":[1,31]}}
,"F:\\Projects\\core\\src\\components\\Dropdown\\Dropdown.tsx": {"path":"F:\\Projects\\core\\src\\components\\Dropdown\\Dropdown.tsx","statementMap":{"0":{"start":{"line":1,"column":0},"end":{"line":1,"column":74}},"1":{"start":{"line":3,"column":0},"end":{"line":3,"column":51}},"2":{"start":{"line":4,"column":0},"end":{"line":4,"column":30}},"3":{"start":{"line":6,"column":17},"end":{"line":106,"column":1}},"4":{"start":{"line":15,"column":26},"end":{"line":17,"column":null}},"5":{"start":{"line":16,"column":15},"end":{"line":16,"column":62}},"6":{"start":{"line":20,"column":40},"end":{"line":20,"column":55}},"7":{"start":{"line":21,"column":48},"end":{"line":21,"column":59}},"8":{"start":{"line":23,"column":4},"end":{"line":29,"column":24}},"9":{"start":{"line":24,"column":8},"end":{"line":28,"column":11}},"10":{"start":{"line":25,"column":12},"end":{"line":27,"column":null}},"11":{"start":{"line":26,"column":16},"end":{"line":26,"column":79}},"12":{"start":{"line":32,"column":44},"end":{"line":32,"column":68}},"13":{"start":{"line":33,"column":33},"end":{"line":33,"column":55}},"14":{"start":{"line":34,"column":8},"end":{"line":34,"column":58}},"15":{"start":{"line":34,"column":51},"end":{"line":34,"column":58}},"16":{"start":{"line":35,"column":8},"end":{"line":35,"column":29}},"17":{"start":{"line":38,"column":4},"end":{"line":43,"column":7}},"18":{"start":{"line":39,"column":8},"end":{"line":39,"column":54}},"19":{"start":{"line":40,"column":8},"end":{"line":42,"column":10}},"20":{"start":{"line":41,"column":12},"end":{"line":41,"column":61}},"21":{"start":{"line":45,"column":4},"end":{"line":105,"column":6}},"22":{"start":{"line":59,"column":20},"end":{"line":61,"column":null}},"23":{"start":{"line":60,"column":24},"end":{"line":60,"column":51}},"24":{"start":{"line":64,"column":20},"end":{"line":64,"column":47}},"25":{"start":{"line":94,"column":20},"end":{"line":101,"column":22}},"26":{"start":{"line":97,"column":28},"end":{"line":97,"column":49}},"27":{"start":{"line":98,"column":28},"end":{"line":98,"column":53}},"28":{"start":{"line":99,"column":28},"end":{"line":99,"column":58}},"29":{"start":{"line":99,"column":42},"end":{"line":99,"column":58}},"30":{"start":{"line":108,"column":0},"end":{"line":108,"column":24}}},"fnMap":{"0":{"name":"(anonymous_7)","decl":{"start":{"line":6,"column":17},"end":{"line":6,"column":18}},"loc":{"start":{"line":14,"column":33},"end":{"line":106,"column":1}}},"1":{"name":"(anonymous_8)","decl":{"start":{"line":16,"column":8},"end":{"line":16,"column":11}},"loc":{"start":{"line":16,"column":15},"end":{"line":16,"column":62}}},"2":{"name":"(anonymous_9)","decl":{"start":{"line":23,"column":14},"end":{"line":23,"column":17}},"loc":{"start":{"line":23,"column":19},"end":{"line":29,"column":5}}},"3":{"name":"(anonymous_10)","decl":{"start":{"line":24,"column":30},"end":{"line":24,"column":35}},"loc":{"start":{"line":24,"column":38},"end":{"line":28,"column":9}}},"4":{"name":"handleClick","decl":{"start":{"line":31,"column":13},"end":{"line":31,"column":24}},"loc":{"start":{"line":31,"column":42},"end":{"line":36,"column":5}}},"5":{"name":"(anonymous_12)","decl":{"start":{"line":38,"column":14},"end":{"line":38,"column":17}},"loc":{"start":{"line":38,"column":19},"end":{"line":43,"column":5}}},"6":{"name":"cleanup","decl":{"start":{"line":40,"column":24},"end":{"line":40,"column":31}},"loc":{"start":{"line":40,"column":31},"end":{"line":42,"column":9}}},"7":{"name":"(anonymous_14)","decl":{"start":{"line":58,"column":27},"end":{"line":58,"column":28}},"loc":{"start":{"line":58,"column":31},"end":{"line":62,"column":17}}},"8":{"name":"(anonymous_15)","decl":{"start":{"line":63,"column":25},"end":{"line":63,"column":28}},"loc":{"start":{"line":63,"column":30},"end":{"line":65,"column":17}}},"9":{"name":"(anonymous_16)","decl":{"start":{"line":93,"column":35},"end":{"line":93,"column":36}},"loc":{"start":{"line":94,"column":20},"end":{"line":101,"column":22}}},"10":{"name":"(anonymous_17)","decl":{"start":{"line":96,"column":33},"end":{"line":96,"column":36}},"loc":{"start":{"line":96,"column":38},"end":{"line":100,"column":25}}}},"branchMap":{"0":{"loc":{"start":{"line":16,"column":41},"end":{"line":16,"column":49}},"type":"cond-expr","locations":[{"start":{"line":16,"column":41},"end":{"line":16,"column":49}},{"start":{"line":16,"column":52},"end":{"line":16,"column":62}}]},"1":{"loc":{"start":{"line":25,"column":12},"end":{"line":27,"column":null}},"type":"if","locations":[{"start":{"line":25,"column":12},"end":{"line":27,"column":null}},{"start":{"line":25,"column":12},"end":{"line":27,"column":null}}]},"2":{"loc":{"start":{"line":33,"column":33},"end":{"line":33,"column":49}},"type":"binary-expr","locations":[{"start":{"line":33,"column":33},"end":{"line":33,"column":49}},{"start":{"line":33,"column":53},"end":{"line":33,"column":55}}]},"3":{"loc":{"start":{"line":34,"column":8},"end":{"line":34,"column":58}},"type":"if","locations":[{"start":{"line":34,"column":8},"end":{"line":34,"column":58}},{"start":{"line":34,"column":8},"end":{"line":34,"column":58}}]},"4":{"loc":{"start":{"line":48,"column":16},"end":{"line":52,"column":null}},"type":"cond-expr","locations":[{"start":{"line":48,"column":16},"end":{"line":52,"column":null}},{"start":{"line":54,"column":16},"end":{"line":54,"column":20}}]},"5":{"loc":{"start":{"line":51,"column":24},"end":{"line":51,"column":68}},"type":"cond-expr","locations":[{"start":{"line":51,"column":24},"end":{"line":51,"column":68}},{"start":{"line":52,"column":24},"end":{"line":52,"column":28}}]},"6":{"loc":{"start":{"line":59,"column":20},"end":{"line":61,"column":null}},"type":"if","locations":[{"start":{"line":59,"column":20},"end":{"line":61,"column":null}},{"start":{"line":59,"column":20},"end":{"line":61,"column":null}}]},"7":{"loc":{"start":{"line":68,"column":28},"end":{"line":68,"column":34}},"type":"binary-expr","locations":[{"start":{"line":68,"column":28},"end":{"line":68,"column":34}},{"start":{"line":68,"column":38},"end":{"line":68,"column":44}}]},"8":{"loc":{"start":{"line":90,"column":45},"end":{"line":90,"column":54}},"type":"cond-expr","locations":[{"start":{"line":90,"column":45},"end":{"line":90,"column":54}},{"start":{"line":90,"column":57},"end":{"line":90,"column":65}}]},"9":{"loc":{"start":{"line":99,"column":28},"end":{"line":99,"column":58}},"type":"if","locations":[{"start":{"line":99,"column":28},"end":{"line":99,"column":58}},{"start":{"line":99,"column":28},"end":{"line":99,"column":58}}]}},"s":{"0":22,"1":22,"2":22,"3":22,"4":12,"5":2,"6":12,"7":12,"8":12,"9":2,"10":3,"11":1,"12":2,"13":2,"14":2,"15":1,"16":1,"17":12,"18":11,"19":11,"20":10,"21":12,"22":2,"23":1,"24":4,"25":23,"26":2,"27":2,"28":2,"29":1,"30":22},"f":{"0":12,"1":2,"2":2,"3":3,"4":2,"5":11,"6":10,"7":2,"8":4,"9":23,"10":2},"b":{"0":[1,1],"1":[1,2],"2":[2,1],"3":[1,1],"4":[10,2],"5":[1,9],"6":[1,1],"7":[12,12],"8":[3,9],"9":[1,1]}}
,"F:\\Projects\\core\\src\\components\\Dropdown\\Option.tsx": {"path":"F:\\Projects\\core\\src\\components\\Dropdown\\Option.tsx","statementMap":{"0":{"start":{"line":1,"column":0},"end":{"line":1,"column":26}},"1":{"start":{"line":3,"column":0},"end":{"line":3,"column":51}},"2":{"start":{"line":5,"column":15},"end":{"line":14,"column":null}},"3":{"start":{"line":6,"column":4},"end":{"line":13,"column":null}},"4":{"start":{"line":10,"column":12},"end":{"line":10,"column":35}},"5":{"start":{"line":10,"column":25},"end":{"line":10,"column":35}},"6":{"start":{"line":17,"column":0},"end":{"line":17,"column":22}}},"fnMap":{"0":{"name":"(anonymous_1)","decl":{"start":{"line":5,"column":15},"end":{"line":5,"column":16}},"loc":{"start":{"line":6,"column":4},"end":{"line":13,"column":null}}},"1":{"name":"(anonymous_2)","decl":{"start":{"line":9,"column":17},"end":{"line":9,"column":20}},"loc":{"start":{"line":9,"column":22},"end":{"line":11,"column":9}}}},"branchMap":{"0":{"loc":{"start":{"line":10,"column":12},"end":{"line":10,"column":35}},"type":"if","locations":[{"start":{"line":10,"column":12},"end":{"line":10,"column":35}},{"start":{"line":10,"column":12},"end":{"line":10,"column":35}}]}},"s":{"0":22,"1":22,"2":22,"3":24,"4":4,"5":3,"6":22},"f":{"0":24,"1":4},"b":{"0":[3,1]}}
,"F:\\Projects\\core\\src\\components\\Dropdown\\index.tsx": {"path":"F:\\Projects\\core\\src\\components\\Dropdown\\index.tsx","statementMap":{"0":{"start":{"line":1,"column":0},"end":{"line":1,"column":9}},"1":{"start":{"line":1,"column":9},"end":{"line":1,"column":28}},"2":{"start":{"line":2,"column":0},"end":{"line":2,"column":9}},"3":{"start":{"line":2,"column":9},"end":{"line":2,"column":26}}},"fnMap":{"0":{"name":"(anonymous_1)","decl":{"start":{"line":1,"column":9},"end":{"line":1,"column":16}},"loc":{"start":{"line":1,"column":9},"end":{"line":1,"column":28}}},"1":{"name":"(anonymous_2)","decl":{"start":{"line":2,"column":9},"end":{"line":2,"column":16}},"loc":{"start":{"line":2,"column":9},"end":{"line":2,"column":26}}}},"branchMap":{},"s":{"0":22,"1":24,"2":22,"3":25},"f":{"0":2,"1":3},"b":{}}
,"F:\\Projects\\core\\src\\components\\List\\List.tsx": {"path":"F:\\Projects\\core\\src\\components\\List\\List.tsx","statementMap":{"0":{"start":{"line":1,"column":0},"end":{"line":1,"column":64}},"1":{"start":{"line":3,"column":0},"end":{"line":3,"column":34}},"2":{"start":{"line":4,"column":0},"end":{"line":4,"column":31}},"3":{"start":{"line":5,"column":0},"end":{"line":5,"column":36}},"4":{"start":{"line":7,"column":13},"end":{"line":72,"column":1}},"5":{"start":{"line":12,"column":26},"end":{"line":14,"column":null}},"6":{"start":{"line":13,"column":15},"end":{"line":13,"column":62}},"7":{"start":{"line":17,"column":26},"end":{"line":29,"column":10}},"8":{"start":{"line":31,"column":4},"end":{"line":45,"column":39}},"9":{"start":{"line":32,"column":8},"end":{"line":44,"column":11}},"10":{"start":{"line":33,"column":12},"end":{"line":43,"column":null}},"11":{"start":{"line":42,"column":16},"end":{"line":42,"column":69}},"12":{"start":{"line":47,"column":24},"end":{"line":64,"column":null}},"13":{"start":{"line":49,"column":12},"end":{"line":63,"column":14}},"14":{"start":{"line":50,"column":16},"end":{"line":58,"column":null}},"15":{"start":{"line":51,"column":20},"end":{"line":57,"column":23}},"16":{"start":{"line":59,"column":16},"end":{"line":62,"column":19}},"17":{"start":{"line":67,"column":4},"end":{"line":71,"column":6}},"18":{"start":{"line":74,"column":0},"end":{"line":74,"column":20}}},"fnMap":{"0":{"name":"(anonymous_7)","decl":{"start":{"line":7,"column":13},"end":{"line":7,"column":14}},"loc":{"start":{"line":11,"column":29},"end":{"line":72,"column":1}}},"1":{"name":"(anonymous_8)","decl":{"start":{"line":13,"column":8},"end":{"line":13,"column":11}},"loc":{"start":{"line":13,"column":15},"end":{"line":13,"column":62}}},"2":{"name":"(anonymous_9)","decl":{"start":{"line":31,"column":14},"end":{"line":31,"column":17}},"loc":{"start":{"line":31,"column":19},"end":{"line":45,"column":5}}},"3":{"name":"(anonymous_10)","decl":{"start":{"line":32,"column":30},"end":{"line":32,"column":35}},"loc":{"start":{"line":32,"column":38},"end":{"line":44,"column":9}}},"4":{"name":"(anonymous_11)","decl":{"start":{"line":48,"column":8},"end":{"line":48,"column":11}},"loc":{"start":{"line":49,"column":12},"end":{"line":63,"column":14}}},"5":{"name":"(anonymous_12)","decl":{"start":{"line":49,"column":30},"end":{"line":49,"column":35}},"loc":{"start":{"line":49,"column":38},"end":{"line":63,"column":13}}}},"branchMap":{"0":{"loc":{"start":{"line":9,"column":12},"end":{"line":9,"column":18}},"type":"default-arg","locations":[{"start":{"line":9,"column":12},"end":{"line":9,"column":18}}]},"1":{"loc":{"start":{"line":13,"column":41},"end":{"line":13,"column":49}},"type":"cond-expr","locations":[{"start":{"line":13,"column":41},"end":{"line":13,"column":49}},{"start":{"line":13,"column":52},"end":{"line":13,"column":62}}]},"2":{"loc":{"start":{"line":33,"column":12},"end":{"line":43,"column":null}},"type":"if","locations":[{"start":{"line":33,"column":12},"end":{"line":43,"column":null}},{"start":{"line":33,"column":12},"end":{"line":43,"column":null}}]},"3":{"loc":{"start":{"line":34,"column":16},"end":{"line":39,"column":26}},"type":"binary-expr","locations":[{"start":{"line":34,"column":16},"end":{"line":39,"column":26}},{"start":{"line":40,"column":16},"end":{"line":40,"column":44}}]},"4":{"loc":{"start":{"line":50,"column":16},"end":{"line":58,"column":null}},"type":"if","locations":[{"start":{"line":50,"column":16},"end":{"line":58,"column":null}},{"start":{"line":50,"column":16},"end":{"line":58,"column":null}}]},"5":{"loc":{"start":{"line":54,"column":28},"end":{"line":54,"column":53}},"type":"binary-expr","locations":[{"start":{"line":54,"column":28},"end":{"line":54,"column":53}},{"start":{"line":55,"column":28},"end":{"line":55,"column":40}},{"start":{"line":56,"column":28},"end":{"line":56,"column":37}}]},"6":{"loc":{"start":{"line":61,"column":30},"end":{"line":61,"column":50}},"type":"binary-expr","locations":[{"start":{"line":61,"column":30},"end":{"line":61,"column":50}},{"start":{"line":61,"column":54},"end":{"line":61,"column":66}},{"start":{"line":61,"column":70},"end":{"line":61,"column":79}}]}},"s":{"0":22,"1":22,"2":22,"3":22,"4":22,"5":11,"6":6,"7":11,"8":11,"9":6,"10":8,"11":2,"12":11,"13":6,"14":9,"15":1,"16":8,"17":11,"18":22},"f":{"0":11,"1":6,"2":6,"3":8,"4":6,"5":9},"b":{"0":[9],"1":[5,1],"2":[2,6],"3":[8,3],"4":[1,8],"5":[1,1,1],"6":[8,8,8]}}
,"F:\\Projects\\core\\src\\components\\List\\ListGroup.tsx": {"path":"F:\\Projects\\core\\src\\components\\List\\ListGroup.tsx","statementMap":{"0":{"start":{"line":1,"column":0},"end":{"line":1,"column":74}},"1":{"start":{"line":3,"column":0},"end":{"line":3,"column":34}},"2":{"start":{"line":4,"column":0},"end":{"line":4,"column":26}},"3":{"start":{"line":5,"column":0},"end":{"line":5,"column":47}},"4":{"start":{"line":7,"column":18},"end":{"line":77,"column":1}},"5":{"start":{"line":12,"column":38},"end":{"line":12,"column":53}},"6":{"start":{"line":13,"column":26},"end":{"line":15,"column":null}},"7":{"start":{"line":14,"column":15},"end":{"line":14,"column":62}},"8":{"start":{"line":17,"column":4},"end":{"line":28,"column":19}},"9":{"start":{"line":18,"column":8},"end":{"line":27,"column":null}},"10":{"start":{"line":26,"column":12},"end":{"line":26,"column":74}},"11":{"start":{"line":29,"column":4},"end":{"line":42,"column":24}},"12":{"start":{"line":30,"column":8},"end":{"line":41,"column":11}},"13":{"start":{"line":31,"column":12},"end":{"line":40,"column":null}},"14":{"start":{"line":39,"column":16},"end":{"line":39,"column":69}},"15":{"start":{"line":44,"column":18},"end":{"line":53,"column":null}},"16":{"start":{"line":46,"column":12},"end":{"line":51,"column":null}},"17":{"start":{"line":47,"column":16},"end":{"line":51,"column":18}},"18":{"start":{"line":56,"column":4},"end":{"line":76,"column":6}},"19":{"start":{"line":61,"column":20},"end":{"line":61,"column":45}},"20":{"start":{"line":62,"column":20},"end":{"line":62,"column":73}},"21":{"start":{"line":62,"column":48},"end":{"line":62,"column":73}},"22":{"start":{"line":79,"column":0},"end":{"line":79,"column":25}}},"fnMap":{"0":{"name":"(anonymous_7)","decl":{"start":{"line":7,"column":18},"end":{"line":7,"column":19}},"loc":{"start":{"line":11,"column":34},"end":{"line":77,"column":1}}},"1":{"name":"(anonymous_8)","decl":{"start":{"line":14,"column":8},"end":{"line":14,"column":11}},"loc":{"start":{"line":14,"column":15},"end":{"line":14,"column":62}}},"2":{"name":"(anonymous_9)","decl":{"start":{"line":17,"column":14},"end":{"line":17,"column":17}},"loc":{"start":{"line":17,"column":19},"end":{"line":28,"column":5}}},"3":{"name":"(anonymous_10)","decl":{"start":{"line":29,"column":14},"end":{"line":29,"column":17}},"loc":{"start":{"line":29,"column":19},"end":{"line":42,"column":5}}},"4":{"name":"(anonymous_11)","decl":{"start":{"line":30,"column":30},"end":{"line":30,"column":35}},"loc":{"start":{"line":30,"column":38},"end":{"line":41,"column":9}}},"5":{"name":"(anonymous_12)","decl":{"start":{"line":45,"column":8},"end":{"line":45,"column":11}},"loc":{"start":{"line":46,"column":12},"end":{"line":51,"column":null}}},"6":{"name":"(anonymous_13)","decl":{"start":{"line":46,"column":30},"end":{"line":46,"column":35}},"loc":{"start":{"line":47,"column":16},"end":{"line":51,"column":18}}},"7":{"name":"(anonymous_14)","decl":{"start":{"line":60,"column":25},"end":{"line":60,"column":28}},"loc":{"start":{"line":60,"column":30},"end":{"line":63,"column":17}}}},"branchMap":{"0":{"loc":{"start":{"line":14,"column":41},"end":{"line":14,"column":49}},"type":"cond-expr","locations":[{"start":{"line":14,"column":41},"end":{"line":14,"column":49}},{"start":{"line":14,"column":52},"end":{"line":14,"column":62}}]},"1":{"loc":{"start":{"line":18,"column":8},"end":{"line":27,"column":null}},"type":"if","locations":[{"start":{"line":18,"column":8},"end":{"line":27,"column":null}},{"start":{"line":18,"column":8},"end":{"line":27,"column":null}}]},"2":{"loc":{"start":{"line":31,"column":12},"end":{"line":40,"column":null}},"type":"if","locations":[{"start":{"line":31,"column":12},"end":{"line":40,"column":null}},{"start":{"line":31,"column":12},"end":{"line":40,"column":null}}]},"3":{"loc":{"start":{"line":50,"column":30},"end":{"line":50,"column":50}},"type":"binary-expr","locations":[{"start":{"line":50,"column":30},"end":{"line":50,"column":50}},{"start":{"line":50,"column":54},"end":{"line":50,"column":67}}]},"4":{"loc":{"start":{"line":62,"column":20},"end":{"line":62,"column":73}},"type":"if","locations":[{"start":{"line":62,"column":20},"end":{"line":62,"column":73}},{"start":{"line":62,"column":20},"end":{"line":62,"column":73}}]},"5":{"loc":{"start":{"line":70,"column":40},"end":{"line":70,"column":64}},"type":"cond-expr","locations":[{"start":{"line":70,"column":40},"end":{"line":70,"column":64}},{"start":{"line":70,"column":67},"end":{"line":70,"column":72}}]}},"s":{"0":22,"1":22,"2":22,"3":22,"4":22,"5":7,"6":7,"7":4,"8":7,"9":5,"10":1,"11":7,"12":4,"13":5,"14":1,"15":7,"16":4,"17":6,"18":7,"19":2,"20":2,"21":1,"22":22},"f":{"0":7,"1":4,"2":5,"3":4,"4":5,"5":4,"6":6,"7":2},"b":{"0":[2,2],"1":[1,4],"2":[1,4],"3":[6,6],"4":[1,1],"5":[2,5]}}
,"F:\\Projects\\core\\src\\components\\List\\ListItem.tsx": {"path":"F:\\Projects\\core\\src\\components\\List\\ListItem.tsx","statementMap":{"0":{"start":{"line":1,"column":0},"end":{"line":1,"column":40}},"1":{"start":{"line":3,"column":0},"end":{"line":3,"column":47}},"2":{"start":{"line":4,"column":0},"end":{"line":4,"column":31}},"3":{"start":{"line":6,"column":17},"end":{"line":61,"column":1}},"4":{"start":{"line":14,"column":34},"end":{"line":14,"column":49}},"5":{"start":{"line":16,"column":4},"end":{"line":60,"column":6}},"6":{"start":{"line":19,"column":16},"end":{"line":19,"column":39}},"7":{"start":{"line":19,"column":29},"end":{"line":19,"column":39}},"8":{"start":{"line":21,"column":32},"end":{"line":21,"column":48}},"9":{"start":{"line":22,"column":32},"end":{"line":22,"column":49}},"10":{"start":{"line":63,"column":0},"end":{"line":63,"column":24}}},"fnMap":{"0":{"name":"(anonymous_7)","decl":{"start":{"line":6,"column":17},"end":{"line":6,"column":18}},"loc":{"start":{"line":13,"column":33},"end":{"line":61,"column":1}}},"1":{"name":"(anonymous_8)","decl":{"start":{"line":18,"column":21},"end":{"line":18,"column":24}},"loc":{"start":{"line":18,"column":26},"end":{"line":20,"column":13}}},"2":{"name":"(anonymous_9)","decl":{"start":{"line":21,"column":26},"end":{"line":21,"column":29}},"loc":{"start":{"line":21,"column":32},"end":{"line":21,"column":48}}},"3":{"name":"(anonymous_10)","decl":{"start":{"line":22,"column":26},"end":{"line":22,"column":29}},"loc":{"start":{"line":22,"column":32},"end":{"line":22,"column":49}}}},"branchMap":{"0":{"loc":{"start":{"line":7,"column":12},"end":{"line":7,"column":17}},"type":"default-arg","locations":[{"start":{"line":7,"column":12},"end":{"line":7,"column":17}}]},"1":{"loc":{"start":{"line":19,"column":16},"end":{"line":19,"column":39}},"type":"if","locations":[{"start":{"line":19,"column":16},"end":{"line":19,"column":39}},{"start":{"line":19,"column":16},"end":{"line":19,"column":39}}]},"2":{"loc":{"start":{"line":25,"column":37},"end":{"line":25,"column":43}},"type":"cond-expr","locations":[{"start":{"line":25,"column":37},"end":{"line":25,"column":43}},{"start":{"line":25,"column":46},"end":{"line":25,"column":52}}]},"3":{"loc":{"start":{"line":27,"column":22},"end":{"line":27,"column":31}},"type":"cond-expr","locations":[{"start":{"line":27,"column":22},"end":{"line":27,"column":31}},{"start":{"line":28,"column":22},"end":{"line":30,"column":31}}]},"4":{"loc":{"start":{"line":29,"column":22},"end":{"line":29,"column":31}},"type":"cond-expr","locations":[{"start":{"line":29,"column":22},"end":{"line":29,"column":31}},{"start":{"line":30,"column":22},"end":{"line":30,"column":31}}]},"5":{"loc":{"start":{"line":36,"column":28},"end":{"line":36,"column":46}},"type":"cond-expr","locations":[{"start":{"line":36,"column":28},"end":{"line":36,"column":46}},{"start":{"line":36,"column":48},"end":{"line":36,"column":52}}]},"6":{"loc":{"start":{"line":38,"column":20},"end":{"line":53,"column":null}},"type":"cond-expr","locations":[{"start":{"line":38,"column":20},"end":{"line":53,"column":null}},{"start":{"line":56,"column":20},"end":{"line":56,"column":69}}]},"7":{"loc":{"start":{"line":46,"column":50},"end":{"line":46,"column":66}},"type":"cond-expr","locations":[{"start":{"line":46,"column":50},"end":{"line":46,"column":66}},{"start":{"line":46,"column":69},"end":{"line":46,"column":75}}]}},"s":{"0":22,"1":22,"2":22,"3":22,"4":26,"5":26,"6":4,"7":3,"8":1,"9":1,"10":22},"f":{"0":26,"1":4,"2":1,"3":1},"b":{"0":[18],"1":[3,1],"2":[6,20],"3":[11,15],"4":[1,14],"5":[14,12],"6":[20,6],"7":[15,5]}}
,"F:\\Projects\\core\\src\\components\\Tabs\\Tab.tsx": {"path":"F:\\Projects\\core\\src\\components\\Tabs\\Tab.tsx","statementMap":{"0":{"start":{"line":1,"column":0},"end":{"line":1,"column":26}},"1":{"start":{"line":2,"column":0},"end":{"line":2,"column":50}},"2":{"start":{"line":3,"column":0},"end":{"line":3,"column":31}},"3":{"start":{"line":6,"column":12},"end":{"line":34,"column":null}},"4":{"start":{"line":12,"column":4},"end":{"line":33,"column":null}},"5":{"start":{"line":20,"column":12},"end":{"line":20,"column":35}},"6":{"start":{"line":20,"column":25},"end":{"line":20,"column":35}},"7":{"start":{"line":37,"column":0},"end":{"line":37,"column":19}}},"fnMap":{"0":{"name":"(anonymous_1)","decl":{"start":{"line":6,"column":12},"end":{"line":6,"column":13}},"loc":{"start":{"line":12,"column":4},"end":{"line":33,"column":null}}},"1":{"name":"(anonymous_2)","decl":{"start":{"line":19,"column":17},"end":{"line":19,"column":20}},"loc":{"start":{"line":19,"column":22},"end":{"line":21,"column":9}}}},"branchMap":{"0":{"loc":{"start":{"line":7,"column":18},"end":{"line":7,"column":23}},"type":"default-arg","locations":[{"start":{"line":7,"column":18},"end":{"line":7,"column":23}}]},"1":{"loc":{"start":{"line":8,"column":28},"end":{"line":8,"column":32}},"type":"default-arg","locations":[{"start":{"line":8,"column":28},"end":{"line":8,"column":32}}]},"2":{"loc":{"start":{"line":16,"column":36},"end":{"line":16,"column":56}},"type":"cond-expr","locations":[{"start":{"line":16,"column":36},"end":{"line":16,"column":56}},{"start":{"line":16,"column":59},"end":{"line":16,"column":null}}]},"3":{"loc":{"start":{"line":18,"column":54},"end":{"line":18,"column":61}},"type":"cond-expr","locations":[{"start":{"line":18,"column":54},"end":{"line":18,"column":61}},{"start":{"line":18,"column":64},"end":{"line":18,"column":70}}]},"4":{"loc":{"start":{"line":20,"column":12},"end":{"line":20,"column":35}},"type":"if","locations":[{"start":{"line":20,"column":12},"end":{"line":20,"column":35}},{"start":{"line":20,"column":12},"end":{"line":20,"column":35}}]},"5":{"loc":{"start":{"line":27,"column":22},"end":{"line":27,"column":45}},"type":"cond-expr","locations":[{"start":{"line":27,"column":22},"end":{"line":27,"column":45}},{"start":{"line":28,"column":22},"end":{"line":28,"column":null}}]},"6":{"loc":{"start":{"line":31,"column":49},"end":{"line":31,"column":56}},"type":"cond-expr","locations":[{"start":{"line":31,"column":49},"end":{"line":31,"column":56}},{"start":{"line":31,"column":59},"end":{"line":31,"column":65}}]}},"s":{"0":22,"1":22,"2":22,"3":22,"4":52,"5":6,"6":5,"7":22},"f":{"0":52,"1":6},"b":{"0":[1],"1":[7],"2":[48,4],"3":[48,4],"4":[5,1],"5":[48,4],"6":[51,1]}}
,"F:\\Projects\\core\\src\\components\\Tabs\\Tabs.tsx": {"path":"F:\\Projects\\core\\src\\components\\Tabs\\Tabs.tsx","statementMap":{"0":{"start":{"line":1,"column":0},"end":{"line":1,"column":68}},"1":{"start":{"line":2,"column":0},"end":{"line":2,"column":24}},"2":{"start":{"line":3,"column":0},"end":{"line":3,"column":50}},"3":{"start":{"line":4,"column":0},"end":{"line":4,"column":31}},"4":{"start":{"line":7,"column":13},"end":{"line":116,"column":1}},"5":{"start":{"line":18,"column":26},"end":{"line":20,"column":null}},"6":{"start":{"line":19,"column":15},"end":{"line":19,"column":62}},"7":{"start":{"line":22,"column":64},"end":{"line":22,"column":75}},"8":{"start":{"line":23,"column":42},"end":{"line":23,"column":53}},"9":{"start":{"line":25,"column":17},"end":{"line":25,"column":45}},"10":{"start":{"line":27,"column":4},"end":{"line":32,"column":46}},"11":{"start":{"line":28,"column":8},"end":{"line":31,"column":10}},"12":{"start":{"line":33,"column":4},"end":{"line":46,"column":24}},"13":{"start":{"line":34,"column":8},"end":{"line":45,"column":11}},"14":{"start":{"line":35,"column":12},"end":{"line":44,"column":null}},"15":{"start":{"line":43,"column":16},"end":{"line":43,"column":75}},"16":{"start":{"line":48,"column":4},"end":{"line":115,"column":6}},"17":{"start":{"line":59,"column":49},"end":{"line":73,"column":14}},"18":{"start":{"line":67,"column":24},"end":{"line":67,"column":46}},"19":{"start":{"line":68,"column":24},"end":{"line":68,"column":54}},"20":{"start":{"line":68,"column":38},"end":{"line":68,"column":54}},"21":{"start":{"line":118,"column":0},"end":{"line":118,"column":20}}},"fnMap":{"0":{"name":"(anonymous_7)","decl":{"start":{"line":7,"column":13},"end":{"line":7,"column":14}},"loc":{"start":{"line":17,"column":29},"end":{"line":116,"column":1}}},"1":{"name":"(anonymous_8)","decl":{"start":{"line":19,"column":8},"end":{"line":19,"column":11}},"loc":{"start":{"line":19,"column":15},"end":{"line":19,"column":62}}},"2":{"name":"(anonymous_9)","decl":{"start":{"line":27,"column":14},"end":{"line":27,"column":17}},"loc":{"start":{"line":27,"column":19},"end":{"line":32,"column":5}}},"3":{"name":"(anonymous_10)","decl":{"start":{"line":33,"column":14},"end":{"line":33,"column":17}},"loc":{"start":{"line":33,"column":19},"end":{"line":46,"column":5}}},"4":{"name":"(anonymous_11)","decl":{"start":{"line":34,"column":30},"end":{"line":34,"column":35}},"loc":{"start":{"line":34,"column":38},"end":{"line":45,"column":9}}},"5":{"name":"(anonymous_12)","decl":{"start":{"line":59,"column":31},"end":{"line":59,"column":32}},"loc":{"start":{"line":59,"column":48},"end":{"line":73,"column":14}}},"6":{"name":"(anonymous_13)","decl":{"start":{"line":66,"column":29},"end":{"line":66,"column":32}},"loc":{"start":{"line":66,"column":34},"end":{"line":69,"column":21}}}},"branchMap":{"0":{"loc":{"start":{"line":8,"column":28},"end":{"line":8,"column":32}},"type":"default-arg","locations":[{"start":{"line":8,"column":28},"end":{"line":8,"column":32}}]},"1":{"loc":{"start":{"line":9,"column":26},"end":{"line":9,"column":28}},"type":"default-arg","locations":[{"start":{"line":9,"column":26},"end":{"line":9,"column":28}}]},"2":{"loc":{"start":{"line":10,"column":23},"end":{"line":10,"column":25}},"type":"default-arg","locations":[{"start":{"line":10,"column":23},"end":{"line":10,"column":25}}]},"3":{"loc":{"start":{"line":11,"column":24},"end":{"line":11,"column":26}},"type":"default-arg","locations":[{"start":{"line":11,"column":24},"end":{"line":11,"column":26}}]},"4":{"loc":{"start":{"line":12,"column":19},"end":{"line":12,"column":26}},"type":"default-arg","locations":[{"start":{"line":12,"column":19},"end":{"line":12,"column":26}}]},"5":{"loc":{"start":{"line":19,"column":41},"end":{"line":19,"column":49}},"type":"cond-expr","locations":[{"start":{"line":19,"column":41},"end":{"line":19,"column":49}},{"start":{"line":19,"column":52},"end":{"line":19,"column":62}}]},"6":{"loc":{"start":{"line":29,"column":13},"end":{"line":29,"column":38}},"type":"binary-expr","locations":[{"start":{"line":29,"column":13},"end":{"line":29,"column":38}},{"start":{"line":29,"column":42},"end":{"line":29,"column":43}}]},"7":{"loc":{"start":{"line":29,"column":25},"end":{"line":29,"column":27}},"type":"cond-expr","locations":[{"start":{"line":29,"column":25},"end":{"line":29,"column":27}},{"start":{"line":29,"column":25},"end":{"line":29,"column":38}}]},"8":{"loc":{"start":{"line":29,"column":13},"end":{"line":29,"column":27}},"type":"binary-expr","locations":[{"start":{"line":29,"column":13},"end":{"line":29,"column":27}},{"start":{"line":29,"column":25},"end":{"line":29,"column":27}}]},"9":{"loc":{"start":{"line":30,"column":43},"end":{"line":30,"column":58}},"type":"cond-expr","locations":[{"start":{"line":30,"column":43},"end":{"line":30,"column":58}},{"start":{"line":30,"column":61},"end":{"line":30,"column":62}}]},"10":{"loc":{"start":{"line":32,"column":20},"end":{"line":32,"column":22}},"type":"cond-expr","locations":[{"start":{"line":32,"column":20},"end":{"line":32,"column":22}},{"start":{"line":32,"column":20},"end":{"line":32,"column":33}}]},"11":{"loc":{"start":{"line":32,"column":8},"end":{"line":32,"column":22}},"type":"binary-expr","locations":[{"start":{"line":32,"column":8},"end":{"line":32,"column":22}},{"start":{"line":32,"column":20},"end":{"line":32,"column":22}}]},"12":{"loc":{"start":{"line":35,"column":12},"end":{"line":44,"column":null}},"type":"if","locations":[{"start":{"line":35,"column":12},"end":{"line":44,"column":null}},{"start":{"line":35,"column":12},"end":{"line":44,"column":null}}]},"13":{"loc":{"start":{"line":54,"column":23},"end":{"line":54,"column":28}},"type":"binary-expr","locations":[{"start":{"line":54,"column":23},"end":{"line":54,"column":28}},{"start":{"line":54,"column":32},"end":{"line":54,"column":38}}]},"14":{"loc":{"start":{"line":56,"column":33},"end":{"line":56,"column":52}},"type":"binary-expr","locations":[{"start":{"line":56,"column":33},"end":{"line":56,"column":52}},{"start":{"
[...]
end":{"line":56,"column":69}}]},"15":{"loc":{"start":{"line":64,"column":24},"end":{"line":64,"column":56}},"type":"binary-expr","locations":[{"start":{"line":64,"column":24},"end":{"line":64,"column":56}},{"start":{"line":64,"column":60},"end":{"line":64,"column":null}}]},"16":{"loc":{"start":{"line":64,"column":44},"end":{"line":64,"column":46}},"type":"cond-expr","locations":[{"start":{"line":64,"column":44},"end":{"line":64,"column":46}},{"start":{"line":64,"column":44},"end":{"line":64,"column":56}}]},"17":{"loc":{"start":{"line":64,"column":24},"end":{"line":64,"column":46}},"type":"binary-expr","locations":[{"start":{"line":64,"column":24},"end":{"line":64,"column":46}},{"start":{"line":64,"column":44},"end":{"line":64,"column":46}}]},"18":{"loc":{"start":{"line":68,"column":24},"end":{"line":68,"column":54}},"type":"if","locations":[{"start":{"line":68,"column":24},"end":{"line":68,"column":54}},{"start":{"line":68,"column":24},"end":{"line":68,"column":54}}]},"19":{"loc":{"start":{"line":79,"column":37},"end":{"line":79,"column":54}},"type":"binary-expr","locations":[{"start":{"line":79,"column":37},"end":{"line":79,"column":54}},{"start":{"line":79,"column":58},"end":{"line":79,"column":67}}]},"20":{"loc":{"start":{"line":82,"column":30},"end":{"line":82,"column":69}},"type":"cond-expr","locations":[{"start":{"line":82,"column":30},"end":{"line":82,"column":69}},{"start":{"line":83,"column":30},"end":{"line":83,"column":35}}]},"21":{"loc":{"start":{"line":86,"column":30},"end":{"line":86,"column":35}},"type":"cond-expr","locations":[{"start":{"line":86,"column":30},"end":{"line":86,"column":35}},{"start":{"line":87,"column":30},"end":{"line":87,"column":69}}]},"22":{"loc":{"start":{"line":90,"column":30},"end":{"line":90,"column":50}},"type":"cond-expr","locations":[{"start":{"line":90,"column":30},"end":{"line":90,"column":50}},{"start":{"line":91,"column":30},"end":{"line":91,"column":46}}]},"23":{"loc":{"start":{"line":94,"column":30},"end":{"line":94,"column":66}},"type":"cond-expr","locations":[{"start":{"line":94,"column":30},"end":{"line":94,"column":66}},{"start":{"line":95,"column":30},"end":{"line":95,"column":31}}]},"24":{"loc":{"start":{"line":103,"column":52},"end":{"line":103,"column":58}},"type":"cond-expr","locations":[{"start":{"line":103,"column":52},"end":{"line":103,"column":58}},{"start":{"line":103,"column":61},"end":{"line":103,"column":67}}]},"25":{"loc":{"start":{"line":105,"column":48},"end":{"line":105,"column":70}},"type":"cond-expr","locations":[{"start":{"line":105,"column":48},"end":{"line":105,"column":70}},{"start":{"line":105,"column":73},"end":{"line":105,"column":79}}]},"26":{"loc":{"start":{"line":106,"column":49},"end":{"line":106,"column":50}},"type":"cond-expr","locations":[{"start":{"line":106,"column":49},"end":{"line":106,"column":50}},{"start":{"line":106,"column":53},"end":{"line":106,"column":69}}]},"27":{"loc":{"start":{"line":109,"column":30},"end":{"line":109,"column":66}},"type":"cond-expr","locations":[{"start":{"line":109,"column":30},"end":{"line":109,"column":66}},{"start":{"line":110,"column":30},"end":{"line":110,"column":31}}]},"28":{"loc":{"start":{"line":111,"column":37},"end":{"line":111,"column":53}},"type":"binary-expr","locations":[{"start":{"line":111,"column":37},"end":{"line":111,"column":53}},{"start":{"line":111,"column":57},"end":{"line":111,"column":66}}]}},"s":{"0":22,"1":22,"2":22,"3":22,"4":22,"5":15,"6":2,"7":15,"8":15,"9":15,"10":15,"11":3,"12":15,"13":2,"14":4,"15":1,"16":15,"17":43,"18":4,"19":4,"20":2,"21":22},"f":{"0":15,"1":2,"2":3,"3":2,"4":4,"5":43,"6":4},"b":{"0":[15],"1":[14],"2":[14],"3":[14],"4":[15],"5":[1,1],"6":[3,3],"7":[0,3],"8":[3,3],"9":[2,1],"10":[2,13],"11":[15,13],"12":[1,3],"13":[15,15],"14":[15,14],"15":[43,1],"16":[1,42],"17":[43,43],"18":[2,2],"19":[15,14],"20":[14,1],"21":[14,1],"22":[14,1],"23":[14,1],"24":[14,1],"25":[14,1],"26":[14,1],"27":[14,1],"28":[15,14]}}
,"F:\\Projects\\core\\src\\components\\icons\\Copyright.tsx": {"path":"F:\\Projects\\core\\src\\components\\icons\\Copyright.tsx","statementMap":{"0":{"start":{"line":4,"column":0},"end":{"line":4,"column":31}},"1":{"start":{"line":6,"column":0},"end":{"line":6,"column":48}},"2":{"start":{"line":8,"column":25},"end":{"line":39,"column":null}},"3":{"start":{"line":13,"column":4},"end":{"line":38,"column":null}},"4":{"start":{"line":8,"column":13},"end":{"line":8,"column":25}}},"fnMap":{"0":{"name":"(anonymous_7)","decl":{"start":{"line":8,"column":25},"end":{"line":8,"column":26}},"loc":{"start":{"line":13,"column":4},"end":{"line":38,"column":null}}}},"branchMap":{"0":{"loc":{"start":{"line":27,"column":18},"end":{"line":27,"column":27}},"type":"binary-expr","locations":[{"start":{"line":27,"column":18},"end":{"line":27,"column":27}},{"start":{"line":27,"column":31},"end":{"line":27,"column":37}}]},"1":{"loc":{"start":{"line":34,"column":18},"end":{"line":34,"column":27}},"type":"binary-expr","locations":[{"start":{"line":34,"column":18},"end":{"line":34,"column":27}},{"start":{"line":34,"column":31},"end":{"line":34,"column":37}}]}},"s":{"0":23,"1":23,"2":23,"3":1,"4":23},"f":{"0":1},"b":{"0":[1,1],"1":[1,1]}}
,"F:\\Projects\\core\\src\\components\\icons\\Cross.tsx": {"path":"F:\\Projects\\core\\src\\components\\icons\\Cross.tsx","statementMap":{"0":{"start":{"line":4,"column":0},"end":{"line":4,"column":31}},"1":{"start":{"line":6,"column":0},"end":{"line":6,"column":48}},"2":{"start":{"line":8,"column":21},"end":{"line":35,"column":null}},"3":{"start":{"line":13,"column":4},"end":{"line":34,"column":null}},"4":{"start":{"line":8,"column":13},"end":{"line":8,"column":21}}},"fnMap":{"0":{"name":"(anonymous_7)","decl":{"start":{"line":8,"column":21},"end":{"line":8,"column":22}},"loc":{"start":{"line":13,"column":4},"end":{"line":34,"column":null}}}},"branchMap":{"0":{"loc":{"start":{"line":23,"column":17},"end":{"line":23,"column":26}},"type":"binary-expr","locations":[{"start":{"line":23,"column":17},"end":{"line":23,"column":26}},{"start":{"line":23,"column":30},"end":{"line":23,"column":36}}]}},"s":{"0":23,"1":23,"2":23,"3":1,"4":23},"f":{"0":1},"b":{"0":[1,1]}}
,"F:\\Projects\\core\\src\\components\\icons\\Google.tsx": {"path":"F:\\Projects\\core\\src\\components\\icons\\Google.tsx","statementMap":{"0":{"start":{"line":4,"column":0},"end":{"line":4,"column":31}},"1":{"start":{"line":6,"column":0},"end":{"line":6,"column":48}},"2":{"start":{"line":8,"column":22},"end":{"line":44,"column":null}},"3":{"start":{"line":9,"column":4},"end":{"line":43,"column":null}},"4":{"start":{"line":8,"column":13},"end":{"line":8,"column":22}}},"fnMap":{"0":{"name":"(anonymous_7)","decl":{"start":{"line":8,"column":22},"end":{"line":8,"column":23}},"loc":{"start":{"line":9,"column":4},"end":{"line":43,"column":null}}}},"branchMap":{},"s":{"0":23,"1":23,"2":23,"3":4,"4":23},"f":{"0":4},"b":{}}
,"F:\\Projects\\core\\src\\components\\icons\\Key.tsx": {"path":"F:\\Projects\\core\\src\\components\\icons\\Key.tsx","statementMap":{"0":{"start":{"line":4,"column":0},"end":{"line":4,"column":31}},"1":{"start":{"line":6,"column":0},"end":{"line":6,"column":48}},"2":{"start":{"line":8,"column":19},"end":{"line":37,"column":null}},"3":{"start":{"line":13,"column":4},"end":{"line":36,"column":null}},"4":{"start":{"line":8,"column":13},"end":{"line":8,"column":19}}},"fnMap":{"0":{"name":"(anonymous_7)","decl":{"start":{"line":8,"column":19},"end":{"line":8,"column":20}},"loc":{"start":{"line":13,"column":4},"end":{"line":36,"column":null}}}},"branchMap":{"0":{"loc":{"start":{"line":27,"column":18},"end":{"line":27,"column":27}},"type":"binary-expr","locations":[{"start":{"line":27,"column":18},"end":{"line":27,"column":27}},{"start":{"line":27,"column":31},"end":{"line":27,"column":40}}]},"1":{"loc":{"start":{"line":34,"column":18},"end":{"line":34,"column":27}},"type":"binary-expr","locations":[{"start":{"line":34,"column":18},"end":{"line":34,"column":27}},{"start":{"line":34,"column":31},"end":{"line":34,"column":40}}]}},"s":{"0":23,"1":23,"2":23,"3":2,"4":23},"f":{"0":2},"b":{"0":[2,2],"1":[2,2]}}
,"F:\\Projects\\core\\src\\components\\icons\\Lock.tsx": {"path":"F:\\Projects\\core\\src\\components\\icons\\Lock.tsx","statementMap":{"0":{"start":{"line":1,"column":0},"end":{"line":1,"column":31}},"1":{"start":{"line":3,"column":0},"end":{"line":3,"column":48}},"2":{"start":{"line":5,"column":20},"end":{"line":43,"column":null}},"3":{"start":{"line":13,"column":4},"end":{"line":42,"column":null}},"4":{"start":{"line":5,"column":13},"end":{"line":5,"column":20}}},"fnMap":{"0":{"name":"(anonymous_7)","decl":{"start":{"line":5,"column":20},"end":{"line":5,"column":21}},"loc":{"start":{"line":13,"column":4},"end":{"line":42,"column":null}}}},"branchMap":{"0":{"loc":{"start":{"line":6,"column":13},"end":{"line":6,"column":17}},"type":"default-arg","locations":[{"start":{"line":6,"column":13},"end":{"line":6,"column":17}}]},"1":{"loc":{"start":{"line":26,"column":27},"end":{"line":26,"column":35}},"type":"cond-expr","locations":[{"start":{"line":26,"column":27},"end":{"line":26,"column":35}},{"start":{"line":26,"column":38},"end":{"line":26,"column":48}}]},"2":{"loc":{"start":{"line":29,"column":22},"end":{"line":29,"column":375}},"type":"cond-expr","locations":[{"start":{"line":29,"column":22},"end":{"line":29,"column":375}},{"start":{"line":30,"column":22},"end":{"line":30,"column":380}}]},"3":{"loc":{"start":{"line":28,"column":16},"end":{"line":28,"column":22}},"type":"binary-expr","locations":[{"start":{"line":28,"column":16},"end":{"line":28,"column":22}},{"start":{"line":28,"column":26},"end":{"line":28,"column":34}}]},"4":{"loc":{"start":{"line":32,"column":18},"end":{"line":32,"column":27}},"type":"binary-expr","locations":[{"start":{"line":32,"column":18},"end":{"line":32,"column":27}},{"start":{"line":32,"column":31},"end":{"line":32,"column":38}}]},"5":{"loc":{"start":{"line":36,"column":12},"end":{"line":40,"column":null}},"type":"cond-expr","locations":[{"start":{"line":36,"column":12},"end":{"line":40,"column":null}},{"start":{"line":42,"column":12},"end":{"line":42,"column":16}}]}},"s":{"0":23,"1":23,"2":23,"3":3,"4":23},"f":{"0":3},"b":{"0":[1],"1":[1,2],"2":[2,1],"3":[3,2],"4":[3,3],"5":[1,2]}}
,"F:\\Projects\\core\\src\\components\\icons\\index.tsx": {"path":"F:\\Projects\\core\\src\\components\\icons\\index.tsx","statementMap":{"0":{"start":{"line":1,"column":0},"end":{"line":1,"column":9}},"1":{"start":{"line":1,"column":9},"end":{"line":1,"column":30}},"2":{"start":{"line":2,"column":0},"end":{"line":2,"column":9}},"3":{"start":{"line":2,"column":9},"end":{"line":2,"column":28}},"4":{"start":{"line":3,"column":0},"end":{"line":3,"column":9}},"5":{"start":{"line":3,"column":9},"end":{"line":3,"column":34}},"6":{"start":{"line":4,"column":0},"end":{"line":4,"column":9}},"7":{"start":{"line":4,"column":9},"end":{"line":4,"column":32}},"8":{"start":{"line":5,"column":0},"end":{"line":5,"column":9}},"9":{"start":{"line":5,"column":9},"end":{"line":5,"column":40}}},"fnMap":{"0":{"name":"(anonymous_0)","decl":{"start":{"line":1,"column":9},"end":{"line":1,"column":13}},"loc":{"start":{"line":1,"column":9},"end":{"line":1,"column":30}}},"1":{"name":"(anonymous_1)","decl":{"start":{"line":2,"column":9},"end":{"line":2,"column":12}},"loc":{"start":{"line":2,"column":9},"end":{"line":2,"column":28}}},"2":{"name":"(anonymous_2)","decl":{"start":{"line":3,"column":9},"end":{"line":3,"column":15}},"loc":{"start":{"line":3,"column":9},"end":{"line":3,"column":34}}},"3":{"name":"(anonymous_3)","decl":{"start":{"line":4,"column":9},"end":{"line":4,"column":14}},"loc":{"start":{"line":4,"column":9},"end":{"line":4,"column":32}}},"4":{"name":"(anonymous_4)","decl":{"start":{"line":5,"column":9},"end":{"line":5,"column":18}},"loc":{"start":{"line":5,"column":9},"end":{"line":5,"column":40}}}},"branchMap":{},"s":{"0":23,"1":24,"2":23,"3":25,"4":23,"5":28,"6":23,"7":24,"8":23,"9":24},"f":{"0":1,"1":2,"2":5,"3":1,"4":1},"b":{}}
,"F:\\Projects\\core\\src\\hooks\\useClickOutside.ts": {"path":"F:\\Projects\\core\\src\\hooks\\useClickOutside.ts","statementMap":{"0":{"start":{"line":1,"column":0},"end":{"line":1,"column":68}},"1":{"start":{"line":3,"column":0},"end":{"line":34,"column":2}},"2":{"start":{"line":10,"column":17},"end":{"line":12,"column":null}},"3":{"start":{"line":11,"column":15},"end":{"line":11,"column":74}},"4":{"start":{"line":15,"column":4},"end":{"line":33,"column":25}},"5":{"start":{"line":16,"column":32},"end":{"line":28,"column":9}},"6":{"start":{"line":17,"column":12},"end":{"line":27,"column":null}},"7":{"start":{"line":20,"column":24},"end":{"line":23,"column":67}},"8":{"start":{"line":26,"column":16},"end":{"line":26,"column":27}},"9":{"start":{"line":29,"column":8},"end":{"line":29,"column":60}},"10":{"start":{"line":30,"column":8},"end":{"line":32,"column":10}},"11":{"start":{"line":31,"column":12},"end":{"line":31,"column":67}}},"fnMap":{"0":{"name":"(anonymous_0)","decl":{"start":{"line":3,"column":15},"end":{"line":3,"column":null}},"loc":{"start":{"line":9,"column":10},"end":{"line":34,"column":1}}},"1":{"name":"(anonymous_1)","decl":{"start":{"line":11,"column":8},"end":{"line":11,"column":11}},"loc":{"start":{"line":11,"column":15},"end":{"line":11,"column":74}}},"2":{"name":"(anonymous_2)","decl":{"start":{"line":15,"column":14},"end":{"line":15,"column":17}},"loc":{"start":{"line":15,"column":19},"end":{"line":33,"column":5}}},"3":{"name":"(anonymous_3)","decl":{"start":{"line":16,"column":32},"end":{"line":16,"column":33}},"loc":{"start":{"line":16,"column":54},"end":{"line":28,"column":9}}},"4":{"name":"(anonymous_4)","decl":{"start":{"line":19,"column":20},"end":{"line":19,"column":23}},"loc":{"start":{"line":20,"column":24},"end":{"line":23,"column":67}}},"5":{"name":"(anonymous_5)","decl":{"start":{"line":30,"column":15},"end":{"line":30,"column":18}},"loc":{"start":{"line":30,"column":20},"end":{"line":32,"column":9}}}},"branchMap":{"0":{"loc":{"start":{"line":11,"column":45},"end":{"line":11,"column":57}},"type":"cond-expr","locations":[{"start":{"line":11,"column":45},"end":{"line":11,"column":57}},{"start":{"line":11,"column":60},"end":{"line":11,"column":74}}]},"1":{"loc":{"start":{"line":17,"column":12},"end":{"line":27,"column":null}},"type":"if","locations":[{"start":{"line":17,"column":12},"end":{"line":27,"column":null}},{"start":{"line":17,"column":12},"end":{"line":27,"column":null}}]},"2":{"loc":{"start":{"line":20,"column":24},"end":{"line":20,"column":49}},"type":"binary-expr","locations":[{"start":{"line":20,"column":24},"end":{"line":20,"column":49}},{"start":{"line":21,"column":24},"end":{"line":21,"column":27}},{"start":{"line":22,"column":24},"end":{"line":22,"column":35}},{"start":{"line":23,"column":24},"end":{"line":23,"column":67}}]}},"s":{"0":22,"1":22,"2":2,"3":2,"4":2,"5":2,"6":6,"7":8,"8":3,"9":2,"10":2,"11":2},"f":{"0":2,"1":2,"2":2,"3":6,"4":8,"5":2},"b":{"0":[1,1],"1":[3,3],"2":[8,8,8,8]}}
,"F:\\Projects\\core\\src\\hooks\\useStateWithCallback.ts": {"path":"F:\\Projects\\core\\src\\hooks\\useStateWithCallback.ts","statementMap":{"0":{"start":{"line":1,"column":0},"end":{"line":1,"column":70}},"1":{"start":{"line":3,"column":0},"end":{"line":12,"column":2}},"2":{"start":{"line":7,"column":30},"end":{"line":7,"column":52}},"3":{"start":{"line":9,"column":4},"end":{"line":9,"column":56}},"4":{"start":{"line":9,"column":20},"end":{"line":9,"column":35}},"5":{"start":{"line":11,"column":4},"end":{"line":11,"column":29}}},"fnMap":{"0":{"name":"(anonymous_0)","decl":{"start":{"line":3,"column":15},"end":{"line":3,"column":null}},"loc":{"start":{"line":6,"column":38},"end":{"line":12,"column":1}}},"1":{"name":"(anonymous_1)","decl":{"start":{"line":9,"column":14},"end":{"line":9,"column":17}},"loc":{"start":{"line":9,"column":20},"end":{"line":9,"column":35}}}},"branchMap":{},"s":{"0":22,"1":22,"2":1,"3":1,"4":1,"5":1},"f":{"0":1,"1":1},"b":{}}
,"F:\\Projects\\core\\src\\hooks\\useStepper.ts": {"path":"F:\\Projects\\core\\src\\hooks\\useStepper.ts","statementMap":{"0":{"start":{"line":1,"column":0},"end":{"line":1,"column":46}},"1":{"start":{"line":3,"column":0},"end":{"line":11,"column":2}},"2":{"start":{"line":6,"column":30},"end":{"line":6,"column":52}},"3":{"start":{"line":7,"column":22},"end":{"line":7,"column":69}},"4":{"start":{"line":7,"column":40},"end":{"line":7,"column":59}},"5":{"start":{"line":8,"column":22},"end":{"line":8,"column":69}},"6":{"start":{"line":8,"column":40},"end":{"line":8,"column":59}},"7":{"start":{"line":9,"column":17},"end":{"line":9,"column":56}},"8":{"start":{"line":9,"column":35},"end":{"line":9,"column":46}},"9":{"start":{"line":10,"column":4},"end":{"line":10,"column":47}}},"fnMap":{"0":{"name":"(anonymous_0)","decl":{"start":{"line":3,"column":15},"end":{"line":3,"column":null}},"loc":{"start":{"line":5,"column":50},"end":{"line":11,"column":1}}},"1":{"name":"(anonymous_1)","decl":{"start":{"line":7,"column":34},"end":{"line":7,"column":37}},"loc":{"start":{"line":7,"column":40},"end":{"line":7,"column":59}}},"2":{"name":"(anonymous_2)","decl":{"start":{"line":8,"column":34},"end":{"line":8,"column":37}},"loc":{"start":{"line":8,"column":40},"end":{"line":8,"column":59}}},"3":{"name":"(anonymous_3)","decl":{"start":{"line":9,"column":29},"end":{"line":9,"column":32}},"loc":{"start":{"line":9,"column":35},"end":{"line":9,"column":46}}}},"branchMap":{},"s":{"0":22,"1":22,"2":4,"3":4,"4":1,"5":4,"6":1,"7":4,"8":1,"9":4},"f":{"0":4,"1":1,"2":1,"3":1},"b":{}}
,"F:\\Projects\\core\\src\\hooks\\useToggle.ts": {"path":"F:\\Projects\\core\\src\\hooks\\useToggle.ts","statementMap":{"0":{"start":{"line":1,"column":0},"end":{"line":1,"column":46}},"1":{"start":{"line":3,"column":0},"end":{"line":15,"column":2}},"2":{"start":{"line":6,"column":30},"end":{"line":6,"column":52}},"3":{"start":{"line":7,"column":19},"end":{"line":12,"column":null}},"4":{"start":{"line":9,"column":12},"end":{"line":10,"column":null}},"5":{"start":{"line":14,"column":4},"end":{"line":14,"column":27}}},"fnMap":{"0":{"name":"(anonymous_0)","decl":{"start":{"line":3,"column":15},"end":{"line":3,"column":null}},"loc":{"start":{"line":5,"column":45},"end":{"line":15,"column":1}}},"1":{"name":"(anonymous_1)","decl":{"start":{"line":8,"column":8},"end":{"line":8,"column":9}},"loc":{"start":{"line":9,"column":12},"end":{"line":10,"column":null}}}},"branchMap":{"0":{"loc":{"start":{"line":10,"column":62},"end":{"line":10,"column":68}},"type":"cond-expr","locations":[{"start":{"line":10,"column":62},"end":{"line":10,"column":68}},{"start":{"line":10,"column":71},"end":{"line":10,"column":79}}]},"1":{"loc":{"start":{"line":10,"column":16},"end":{"line":10,"column":33}},"type":"binary-expr","locations":[{"start":{"line":10,"column":16},"end":{"line":10,"column":33}},{"start":{"line":10,"column":37},"end":{"line":10,"column":59}}]}},"s":{"0":22,"1":22,"2":3,"3":3,"4":2,"5":3},"f":{"0":3,"1":2},"b":{"0":[1,1],"1":[2,2]}}
,"F:\\Projects\\core\\src\\tests\\expectToThrow.ts": {"path":"F:\\Projects\\core\\src\\tests\\expectToThrow.ts","statementMap":{"0":{"start":{"line":1,"column":29},"end":{"line":11,"column":1}},"1":{"start":{"line":5,"column":16},"end":{"line":5,"column":44}},"2":{"start":{"line":6,"column":4},"end":{"line":6,"column":39}},"3":{"start":{"line":6,"column":33},"end":{"line":6,"column":37}},"4":{"start":{"line":8,"column":4},"end":{"line":8,"column":32}},"5":{"start":{"line":10,"column":4},"end":{"line":10,"column":22}},"6":{"start":{"line":1,"column":13},"end":{"line":1,"column":29}}},"fnMap":{"0":{"name":"(anonymous_0)","decl":{"start":{"line":1,"column":29},"end":{"line":1,"column":null}},"loc":{"start":{"line":4,"column":10},"end":{"line":11,"column":1}}},"1":{"name":"(anonymous_1)","decl":{"start":{"line":6,"column":27},"end":{"line":6,"column":30}},"loc":{"start":{"line":6,"column":33},"end":{"line":6,"column":37}}}},"branchMap":{},"s":{"0":5,"1":7,"2":7,"3":19,"4":7,"5":7,"6":5},"f":{"0":7,"1":19},"b":{}}
}
