TN:
SF:src\index.tsx
FN:1,(anonymous_1)
FN:2,(anonymous_2)
FN:3,(anonymous_3)
FN:4,(anonymous_4)
FN:5,(anonymous_5)
FN:6,(anonymous_6)
FN:7,(anonymous_7)
FN:8,(anonymous_8)
FN:9,(anonymous_9)
FN:10,(anonymous_10)
FN:11,(anonymous_11)
FN:12,(anonymous_12)
FN:12,(anonymous_13)
FN:13,(anonymous_14)
FN:13,(anonymous_15)
FN:14,(anonymous_16)
FN:14,(anonymous_17)
FN:14,(anonymous_18)
FN:14,(anonymous_19)
FN:14,(anonymous_20)
FN:15,(anonymous_21)
FN:16,(anonymous_22)
FN:17,(anonymous_23)
FN:18,(anonymous_24)
FNF:24
FNH:22
FNDA:1,(anonymous_1)
FNDA:4,(anonymous_2)
FNDA:2,(anonymous_3)
FNDA:6,(anonymous_4)
FNDA:2,(anonymous_5)
FNDA:5,(anonymous_6)
FNDA:10,(anonymous_7)
FNDA:4,(anonymous_8)
FNDA:1,(anonymous_9)
FNDA:1,(anonymous_10)
FNDA:1,(anonymous_11)
FNDA:3,(anonymous_12)
FNDA:2,(anonymous_13)
FNDA:0,(anonymous_14)
FNDA:0,(anonymous_15)
FNDA:1,(anonymous_16)
FNDA:2,(anonymous_17)
FNDA:1,(anonymous_18)
FNDA:1,(anonymous_19)
FNDA:1,(anonymous_20)
FNDA:2,(anonymous_21)
FNDA:1,(anonymous_22)
FNDA:4,(anonymous_23)
FNDA:3,(anonymous_24)
DA:1,23
DA:2,26
DA:3,24
DA:4,28
DA:5,24
DA:6,27
DA:7,32
DA:8,26
DA:9,23
DA:10,23
DA:11,23
DA:12,25
DA:13,22
DA:14,24
DA:15,24
DA:16,23
DA:17,26
DA:18,25
LF:18
LH:18
BRF:0
BRH:0
end_of_record
TN:
SF:src\components\Button.tsx
FN:5,(anonymous_7)
FN:20,(anonymous_8)
FN:30,(anonymous_9)
FN:42,(anonymous_10)
FN:58,(anonymous_11)
FN:70,(anonymous_12)
FN:79,(anonymous_13)
FN:80,(anonymous_14)
FNF:8
FNH:8
FNDA:41,(anonymous_7)
FNDA:51,(anonymous_8)
FNDA:41,(anonymous_9)
FNDA:41,(anonymous_10)
FNDA:41,(anonymous_11)
FNDA:35,(anonymous_12)
FNDA:8,(anonymous_13)
FNDA:8,(anonymous_14)
DA:1,22
DA:3,22
DA:5,22
DA:19,41
DA:20,41
DA:21,51
DA:23,33
DA:25,1
DA:27,17
DA:30,41
DA:31,41
DA:33,23
DA:35,6
DA:37,6
DA:39,6
DA:42,41
DA:43,41
DA:45,23
DA:49,6
DA:51,6
DA:53,6
DA:58,41
DA:59,41
DA:61,23
DA:63,6
DA:65,6
DA:67,6
DA:70,41
DA:71,35
DA:73,41
DA:79,8
DA:80,8
DA:109,22
LF:33
LH:33
BRDA:6,0,0,10
BRDA:7,1,0,15
BRDA:8,2,0,18
BRDA:9,3,0,40
BRDA:10,4,0,7
BRDA:11,5,0,12
BRDA:22,6,0,33
BRDA:22,6,1,1
BRDA:22,6,2,17
BRDA:32,7,0,23
BRDA:32,7,1,6
BRDA:32,7,2,6
BRDA:32,7,3,6
BRDA:33,8,0,2
BRDA:33,8,1,21
BRDA:35,9,0,2
BRDA:35,9,1,4
BRDA:39,10,0,2
BRDA:39,10,1,4
BRDA:44,11,0,23
BRDA:44,11,1,6
BRDA:44,11,2,6
BRDA:44,11,3,6
BRDA:46,12,0,2
BRDA:46,12,1,21
BRDA:54,13,0,2
BRDA:54,13,1,4
BRDA:60,14,0,23
BRDA:60,14,1,6
BRDA:60,14,2,6
BRDA:60,14,3,6
BRDA:61,15,0,2
BRDA:61,15,1,21
BRDA:63,16,0,2
BRDA:63,16,1,4
BRDA:67,17,0,2
BRDA:67,17,1,4
BRDA:71,18,0,1
BRDA:71,18,1,34
BRDA:71,19,0,35
BRDA:71,19,1,35
BRDA:76,20,0,41
BRDA:76,20,1,41
BRDA:78,21,0,41
BRDA:78,21,1,30
BRDA:87,22,0,6
BRDA:87,22,1,35
BRDA:92,23,0,4
BRDA:92,23,1,37
BRDA:96,24,0,4
BRDA:96,24,1,1
BRDA:104,25,0,1
BRDA:104,25,1,40
BRF:53
BRH:53
end_of_record
TN:
SF:src\components\Divider.tsx
FN:5,(anonymous_1)
FNF:1
FNH:1
FNDA:1,(anonymous_1)
DA:1,1
DA:3,1
DA:5,1
DA:6,1
DA:41,1
LF:5
LH:5
BRF:0
BRH:0
end_of_record
TN:
SF:src\components\Layout.tsx
FN:4,(anonymous_2)
FN:16,(anonymous_3)
FNF:2
FNH:2
FNDA:199,(anonymous_2)
FNDA:198,(anonymous_3)
DA:1,24
DA:4,24
DA:9,199
DA:10,198
DA:16,198
DA:17,198
DA:23,198
DA:24,145
DA:25,145
DA:27,198
DA:29,198
DA:43,24
LF:12
LH:12
BRDA:5,0,0,144
BRDA:6,1,0,1
BRDA:7,2,0,27
BRDA:23,3,0,145
BRDA:23,3,1,53
BRF:5
BRH:5
end_of_record
TN:
SF:src\components\Menu.tsx
FN:6,(anonymous_1)
FNF:1
FNH:1
FNDA:2,(anonymous_1)
DA:1,22
DA:3,22
DA:4,22
DA:6,22
DA:7,2
DA:20,22
LF:6
LH:6
BRDA:11,0,0,1
BRDA:11,0,1,1
BRF:2
BRH:2
end_of_record
TN:
SF:src\components\MfaInput.tsx
FN:13,(anonymous_7)
FN:23,(anonymous_8)
FN:27,(anonymous_9)
FN:32,(anonymous_10)
FN:39,(anonymous_11)
FN:42,(anonymous_12)
FN:45,(anonymous_13)
FN:60,(anonymous_14)
FN:96,(anonymous_15)
FN:99,(anonymous_16)
FN:100,(anonymous_17)
FN:106,(anonymous_18)
FNF:12
FNH:12
FNDA:21,(anonymous_7)
FNDA:126,(anonymous_8)
FNDA:3,(anonymous_9)
FNDA:9,(anonymous_10)
FNDA:8,(anonymous_11)
FNDA:5,(anonymous_12)
FNDA:24,(anonymous_13)
FNDA:12,(anonymous_14)
FNDA:126,(anonymous_15)
FNDA:12,(anonymous_16)
FNDA:5,(anonymous_17)
FNDA:1,(anonymous_18)
DA:1,22
DA:9,22
DA:10,22
DA:13,22
DA:19,21
DA:22,21
DA:23,21
DA:24,126
DA:27,21
DA:28,3
DA:29,3
DA:32,21
DA:33,9
DA:34,9
DA:35,9
DA:36,9
DA:39,21
DA:40,8
DA:42,21
DA:43,5
DA:44,4
DA:45,4
DA:46,24
DA:48,4
DA:49,4
DA:50,4
DA:51,3
DA:52,3
DA:53,1
DA:55,2
DA:60,21
DA:61,12
DA:64,2
DA:65,1
DA:67,2
DA:68,2
DA:70,1
DA:71,1
DA:73,1
DA:74,1
DA:76,8
DA:77,8
DA:78,7
DA:79,7
DA:80,4
DA:81,3
DA:82,2
DA:85,2
DA:86,1
DA:88,1
DA:94,21
DA:97,126
DA:99,12
DA:100,5
DA:106,1
DA:113,22
LF:56
LH:56
BRDA:20,0,0,11
BRDA:20,0,1,10
BRDA:28,1,0,1
BRDA:28,1,1,2
BRDA:29,2,0,3
BRDA:29,2,1,2
BRDA:40,3,0,1
BRDA:40,3,1,7
BRDA:43,4,0,4
BRDA:43,4,1,1
BRDA:46,5,0,1
BRDA:46,5,1,23
BRDA:50,6,0,3
BRDA:50,6,1,1
BRDA:52,7,0,1
BRDA:52,7,1,2
BRDA:62,8,0,1
BRDA:62,8,1,2
BRDA:62,8,2,1
BRDA:62,8,3,1
BRDA:62,8,4,8
BRDA:64,9,0,1
BRDA:64,9,1,1
BRDA:65,10,0,0
BRDA:65,10,1,1
BRDA:65,11,0,1
BRDA:65,11,1,1
BRDA:70,12,0,0
BRDA:70,12,1,1
BRDA:70,13,0,1
BRDA:70,13,1,1
BRDA:73,14,0,0
BRDA:73,14,1,1
BRDA:73,15,0,1
BRDA:73,15,1,1
BRDA:77,16,0,1
BRDA:77,16,1,7
BRDA:79,17,0,4
BRDA:79,17,1,3
BRDA:80,18,0,0
BRDA:80,18,1,4
BRDA:80,19,0,4
BRDA:80,19,1,4
BRDA:81,20,0,2
BRDA:81,20,1,1
BRDA:85,21,0,1
BRDA:85,21,1,1
BRDA:101,22,0,126
BRDA:101,22,1,63
BRF:49
BRH:45
end_of_record
TN:
SF:src\components\Radio.tsx
FN:5,(anonymous_7)
FN:7,(anonymous_8)
FN:13,(anonymous_9)
FNF:3
FNH:3
FNDA:2,(anonymous_7)
FNDA:1,(anonymous_8)
FNDA:4,(anonymous_9)
DA:1,22
DA:3,22
DA:5,22
DA:6,2
DA:7,2
DA:8,1
DA:9,1
DA:11,2
DA:14,4
DA:35,22
LF:10
LH:10
BRF:0
BRH:0
end_of_record
TN:
SF:src\components\StrengthBar.tsx
FN:5,(anonymous_1)
FN:7,(anonymous_2)
FN:15,(anonymous_3)
FNF:3
FNH:3
FNDA:6,(anonymous_1)
FNDA:24,(anonymous_2)
FNDA:14,(anonymous_3)
DA:1,22
DA:3,22
DA:5,22
DA:6,6
DA:8,24
DA:16,14
DA:18,1
DA:20,2
DA:22,3
DA:24,4
DA:26,4
DA:36,22
LF:12
LH:12
BRDA:15,0,0,14
BRDA:15,0,1,10
BRDA:17,1,0,1
BRDA:17,1,1,2
BRDA:17,1,2,3
BRDA:17,1,3,4
BRDA:17,1,4,4
BRF:7
BRH:7
end_of_record
TN:
SF:src\components\TextBox.tsx
FN:6,(anonymous_7)
FN:28,(anonymous_8)
FN:30,(anonymous_9)
FN:32,(anonymous_10)
FN:42,(anonymous_11)
FN:52,(anonymous_12)
FN:56,(anonymous_13)
FNF:7
FNH:7
FNDA:32,(anonymous_7)
FNDA:1,(anonymous_8)
FNDA:32,(anonymous_9)
FNDA:32,(anonymous_10)
FNDA:96,(anonymous_11)
FNDA:6,(anonymous_12)
FNDA:4,(anonymous_13)
DA:1,1
DA:2,1
DA:3,1
DA:6,1
DA:26,32
DA:28,32
DA:30,32
DA:32,32
DA:33,32
DA:34,31
DA:36,4
DA:39,27
DA:42,32
DA:43,96
DA:44,93
DA:46,12
DA:49,81
DA:52,32
DA:56,32
DA:57,4
DA:58,4
DA:59,3
DA:60,3
DA:63,32
DA:151,1
LF:25
LH:25
BRDA:7,0,0,30
BRDA:8,1,0,9
BRDA:9,2,0,27
BRDA:9,3,0,2
BRDA:9,3,1,25
BRDA:10,4,0,3
BRDA:11,5,0,32
BRDA:12,6,0,32
BRDA:30,7,0,32
BRDA:30,7,1,32
BRDA:33,8,0,1
BRDA:33,8,1,31
BRDA:35,9,0,4
BRDA:35,9,1,27
BRDA:35,9,2,27
BRDA:43,10,0,3
BRDA:43,10,1,93
BRDA:45,11,0,12
BRDA:45,11,1,81
BRDA:45,11,2,81
BRDA:53,12,0,1
BRDA:53,12,1,5
BRDA:54,13,0,1
BRDA:54,13,1,5
BRDA:57,14,0,2
BRDA:57,14,1,2
BRDA:58,15,0,1
BRDA:58,15,1,3
BRDA:60,16,0,2
BRDA:60,16,1,1
BRDA:70,17,0,2
BRDA:70,17,1,30
BRDA:69,18,0,32
BRDA:69,18,1,30
BRDA:74,19,0,1
BRDA:74,19,1,1
BRDA:87,20,0,1
BRDA:87,20,1,31
BRDA:88,21,0,30
BRDA:88,21,1,2
BRDA:92,22,0,30
BRDA:92,22,1,2
BRDA:97,23,0,5
BRDA:97,23,1,27
BRDA:113,24,0,1
BRDA:113,24,1,31
BRDA:115,25,0,2
BRDA:115,25,1,30
BRDA:119,26,0,32
BRDA:119,26,1,32
BRDA:123,27,0,3
BRDA:123,27,1,29
BRDA:128,28,0,1
BRDA:128,28,1,2
BRDA:136,29,0,1
BRDA:136,29,1,31
BRF:56
BRH:56
end_of_record
TN:
SF:src\components\Dropdown\Dropdown.tsx
FN:6,(anonymous_7)
FN:16,(anonymous_8)
FN:23,(anonymous_9)
FN:24,(anonymous_10)
FN:31,handleClick
FN:38,(anonymous_12)
FN:40,cleanup
FN:58,(anonymous_14)
FN:63,(anonymous_15)
FN:93,(anonymous_16)
FN:96,(anonymous_17)
FNF:11
FNH:11
FNDA:12,(anonymous_7)
FNDA:2,(anonymous_8)
FNDA:2,(anonymous_9)
FNDA:3,(anonymous_10)
FNDA:2,handleClick
FNDA:11,(anonymous_12)
FNDA:10,cleanup
FNDA:2,(anonymous_14)
FNDA:4,(anonymous_15)
FNDA:23,(anonymous_16)
FNDA:2,(anonymous_17)
DA:1,22
DA:3,22
DA:4,22
DA:6,22
DA:15,12
DA:16,2
DA:20,12
DA:21,12
DA:23,12
DA:24,2
DA:25,3
DA:26,1
DA:32,2
DA:33,2
DA:34,2
DA:35,1
DA:38,12
DA:39,11
DA:40,11
DA:41,10
DA:45,12
DA:59,2
DA:60,1
DA:64,4
DA:94,23
DA:97,2
DA:98,2
DA:99,2
DA:108,22
LF:29
LH:29
BRDA:16,0,0,1
BRDA:16,0,1,1
BRDA:25,1,0,1
BRDA:25,1,1,2
BRDA:33,2,0,2
BRDA:33,2,1,1
BRDA:34,3,0,1
BRDA:34,3,1,1
BRDA:48,4,0,10
BRDA:48,4,1,2
BRDA:51,5,0,1
BRDA:51,5,1,9
BRDA:59,6,0,1
BRDA:59,6,1,1
BRDA:68,7,0,12
BRDA:68,7,1,12
BRDA:90,8,0,3
BRDA:90,8,1,9
BRDA:99,9,0,1
BRDA:99,9,1,1
BRF:20
BRH:20
end_of_record
TN:
SF:src\components\Dropdown\Option.tsx
FN:5,(anonymous_1)
FN:9,(anonymous_2)
FNF:2
FNH:2
FNDA:24,(anonymous_1)
FNDA:4,(anonymous_2)
DA:1,22
DA:3,22
DA:5,22
DA:6,24
DA:10,4
DA:17,22
LF:6
LH:6
BRDA:10,0,0,3
BRDA:10,0,1,1
BRF:2
BRH:2
end_of_record
TN:
SF:src\components\Dropdown\index.tsx
FN:1,(anonymous_1)
FN:2,(anonymous_2)
FNF:2
FNH:2
FNDA:2,(anonymous_1)
FNDA:3,(anonymous_2)
DA:1,24
DA:2,25
LF:2
LH:2
BRF:0
BRH:0
end_of_record
TN:
SF:src\components\List\List.tsx
FN:7,(anonymous_7)
FN:13,(anonymous_8)
FN:31,(anonymous_9)
FN:32,(anonymous_10)
FN:48,(anonymous_11)
FN:49,(anonymous_12)
FNF:6
FNH:6
FNDA:11,(anonymous_7)
FNDA:6,(anonymous_8)
FNDA:6,(anonymous_9)
FNDA:8,(anonymous_10)
FNDA:6,(anonymous_11)
FNDA:9,(anonymous_12)
DA:1,22
DA:3,22
DA:4,22
DA:5,22
DA:7,22
DA:12,11
DA:13,6
DA:17,11
DA:31,11
DA:32,6
DA:33,8
DA:42,2
DA:47,11
DA:49,6
DA:50,9
DA:51,1
DA:59,8
DA:67,11
DA:74,22
LF:19
LH:19
BRDA:9,0,0,9
BRDA:13,1,0,5
BRDA:13,1,1,1
BRDA:33,2,0,2
BRDA:33,2,1,6
BRDA:34,3,0,8
BRDA:34,3,1,3
BRDA:50,4,0,1
BRDA:50,4,1,8
BRDA:54,5,0,1
BRDA:54,5,1,1
BRDA:54,5,2,1
BRDA:61,6,0,8
BRDA:61,6,1,8
BRDA:61,6,2,8
BRF:15
BRH:15
end_of_record
TN:
SF:src\components\List\ListGroup.tsx
FN:7,(anonymous_7)
FN:14,(anonymous_8)
FN:17,(anonymous_9)
FN:29,(anonymous_10)
FN:30,(anonymous_11)
FN:45,(anonymous_12)
FN:46,(anonymous_13)
FN:60,(anonymous_14)
FNF:8
FNH:8
FNDA:7,(anonymous_7)
FNDA:4,(anonymous_8)
FNDA:5,(anonymous_9)
FNDA:4,(anonymous_10)
FNDA:5,(anonymous_11)
FNDA:4,(anonymous_12)
FNDA:6,(anonymous_13)
FNDA:2,(anonymous_14)
DA:1,22
DA:3,22
DA:4,22
DA:5,22
DA:7,22
DA:12,7
DA:13,7
DA:14,4
DA:17,7
DA:18,5
DA:26,1
DA:29,7
DA:30,4
DA:31,5
DA:39,1
DA:44,7
DA:46,4
DA:47,6
DA:56,7
DA:61,2
DA:62,2
DA:79,22
LF:22
LH:22
BRDA:14,0,0,2
BRDA:14,0,1,2
BRDA:18,1,0,1
BRDA:18,1,1,4
BRDA:31,2,0,1
BRDA:31,2,1,4
BRDA:50,3,0,6
BRDA:50,3,1,6
BRDA:62,4,0,1
BRDA:62,4,1,1
BRDA:70,5,0,2
BRDA:70,5,1,5
BRF:12
BRH:12
end_of_record
TN:
SF:src\components\List\ListItem.tsx
FN:6,(anonymous_7)
FN:18,(anonymous_8)
FN:21,(anonymous_9)
FN:22,(anonymous_10)
FNF:4
FNH:4
FNDA:26,(anonymous_7)
FNDA:4,(anonymous_8)
FNDA:1,(anonymous_9)
FNDA:1,(anonymous_10)
DA:1,22
DA:3,22
DA:4,22
DA:6,22
DA:14,26
DA:16,26
DA:19,4
DA:21,1
DA:22,1
DA:63,22
LF:10
LH:10
BRDA:7,0,0,18
BRDA:19,1,0,3
BRDA:19,1,1,1
BRDA:25,2,0,6
BRDA:25,2,1,20
BRDA:27,3,0,11
BRDA:27,3,1,15
BRDA:29,4,0,1
BRDA:29,4,1,14
BRDA:36,5,0,14
BRDA:36,5,1,12
BRDA:38,6,0,20
BRDA:38,6,1,6
BRDA:46,7,0,15
BRDA:46,7,1,5
BRF:15
BRH:15
end_of_record
TN:
SF:src\components\Tabs\Tab.tsx
FN:6,(anonymous_1)
FN:19,(anonymous_2)
FNF:2
FNH:2
FNDA:52,(anonymous_1)
FNDA:6,(anonymous_2)
DA:1,22
DA:2,22
DA:3,22
DA:6,22
DA:12,52
DA:20,6
DA:37,22
LF:7
LH:7
BRDA:7,0,0,1
BRDA:8,1,0,7
BRDA:16,2,0,48
BRDA:16,2,1,4
BRDA:18,3,0,48
BRDA:18,3,1,4
BRDA:20,4,0,5
BRDA:20,4,1,1
BRDA:27,5,0,48
BRDA:27,5,1,4
BRDA:31,6,0,51
BRDA:31,6,1,1
BRF:12
BRH:12
end_of_record
TN:
SF:src\components\Tabs\Tabs.tsx
FN:7,(anonymous_7)
FN:19,(anonymous_8)
FN:27,(anonymous_9)
FN:33,(anonymous_10)
FN:34,(anonymous_11)
FN:59,(anonymous_12)
FN:66,(anonymous_13)
FNF:7
FNH:7
FNDA:15,(anonymous_7)
FNDA:2,(anonymous_8)
FNDA:3,(anonymous_9)
FNDA:2,(anonymous_10)
FNDA:4,(anonymous_11)
FNDA:43,(anonymous_12)
FNDA:4,(anonymous_13)
DA:1,22
DA:2,22
DA:3,22
DA:4,22
DA:7,22
DA:18,15
DA:19,2
DA:22,15
DA:23,15
DA:25,15
DA:27,15
DA:28,3
DA:33,15
DA:34,2
DA:35,4
DA:43,1
DA:48,15
DA:59,43
DA:67,4
DA:68,4
DA:118,22
LF:21
LH:21
BRDA:8,0,0,15
BRDA:9,1,0,14
BRDA:10,2,0,14
BRDA:11,3,0,14
BRDA:12,4,0,15
BRDA:19,5,0,1
BRDA:19,5,1,1
BRDA:29,6,0,3
BRDA:29,6,1,3
BRDA:29,7,0,0
BRDA:29,7,1,3
BRDA:29,8,0,3
BRDA:29,8,1,3
BRDA:30,9,0,2
BRDA:30,9,1,1
BRDA:32,10,0,2
BRDA:32,10,1,13
BRDA:32,11,0,15
BRDA:32,11,1,13
BRDA:35,12,0,1
BRDA:35,12,1,3
BRDA:54,13,0,15
BRDA:54,13,1,15
BRDA:56,14,0,15
BRDA:56,14,1,14
BRDA:64,15,0,43
BRDA:64,15,1,1
BRDA:64,16,0,1
BRDA:64,16,1,42
BRDA:64,17,0,43
BRDA:64,17,1,43
BRDA:68,18,0,2
BRDA:68,18,1,2
BRDA:79,19,0,15
BRDA:79,19,1,14
BRDA:82,20,0,14
BRDA:82,20,1,1
BRDA:86,21,0,14
BRDA:86,21,1,1
BRDA:90,22,0,14
BRDA:90,22,1,1
BRDA:94,23,0,14
BRDA:94,23,1,1
BRDA:103,24,0,14
BRDA:103,24,1,1
BRDA:105,25,0,14
BRDA:105,25,1,1
BRDA:106,26,0,14
BRDA:106,26,1,1
BRDA:109,27,0,14
BRDA:109,27,1,1
BRDA:111,28,0,15
BRDA:111,28,1,14
BRF:53
BRH:52
end_of_record
TN:
SF:src\components\icons\Copyright.tsx
FN:8,(anonymous_7)
FNF:1
FNH:1
FNDA:1,(anonymous_7)
DA:4,23
DA:6,23
DA:8,23
DA:13,1
LF:4
LH:4
BRDA:27,0,0,1
BRDA:27,0,1,1
BRDA:34,1,0,1
BRDA:34,1,1,1
BRF:4
BRH:4
end_of_record
TN:
SF:src\components\icons\Cross.tsx
FN:8,(anonymous_7)
FNF:1
FNH:1
FNDA:1,(anonymous_7)
DA:4,23
DA:6,23
DA:8,23
DA:13,1
LF:4
LH:4
BRDA:23,0,0,1
BRDA:23,0,1,1
BRF:2
BRH:2
end_of_record
TN:
SF:src\components\icons\Google.tsx
FN:8,(anonymous_7)
FNF:1
FNH:1
FNDA:4,(anonymous_7)
DA:4,23
DA:6,23
DA:8,23
DA:9,4
LF:4
LH:4
BRF:0
BRH:0
end_of_record
TN:
SF:src\components\icons\Key.tsx
FN:8,(anonymous_7)
FNF:1
FNH:1
FNDA:2,(anonymous_7)
DA:4,23
DA:6,23
DA:8,23
DA:13,2
LF:4
LH:4
BRDA:27,0,0,2
BRDA:27,0,1,2
BRDA:34,1,0,2
BRDA:34,1,1,2
BRF:4
BRH:4
end_of_record
TN:
SF:src\components\icons\Lock.tsx
FN:5,(anonymous_7)
FNF:1
FNH:1
FNDA:3,(anonymous_7)
DA:1,23
DA:3,23
DA:5,23
DA:13,3
LF:4
LH:4
BRDA:6,0,0,1
BRDA:26,1,0,1
BRDA:26,1,1,2
BRDA:29,2,0,2
BRDA:29,2,1,1
BRDA:28,3,0,3
BRDA:28,3,1,2
BRDA:32,4,0,3
BRDA:32,4,1,3
BRDA:36,5,0,1
BRDA:36,5,1,2
BRF:11
BRH:11
end_of_record
TN:
SF:src\components\icons\index.tsx
FN:1,(anonymous_0)
FN:2,(anonymous_1)
FN:3,(anonymous_2)
FN:4,(anonymous_3)
FN:5,(anonymous_4)
FNF:5
FNH:5
FNDA:1,(anonymous_0)
FNDA:2,(anonymous_1)
FNDA:5,(anonymous_2)
FNDA:1,(anonymous_3)
FNDA:1,(anonymous_4)
DA:1,24
DA:2,25
DA:3,28
DA:4,24
DA:5,24
LF:5
LH:5
BRF:0
BRH:0
end_of_record
TN:
SF:src\hooks\useClickOutside.ts
FN:3,(anonymous_0)
FN:11,(anonymous_1)
FN:15,(anonymous_2)
FN:16,(anonymous_3)
FN:19,(anonymous_4)
FN:30,(anonymous_5)
FNF:6
FNH:6
FNDA:2,(anonymous_0)
FNDA:2,(anonymous_1)
FNDA:2,(anonymous_2)
FNDA:6,(anonymous_3)
FNDA:8,(anonymous_4)
FNDA:2,(anonymous_5)
DA:1,22
DA:3,22
DA:10,2
DA:11,2
DA:15,2
DA:16,2
DA:17,6
DA:20,8
DA:26,3
DA:29,2
DA:30,2
DA:31,2
LF:12
LH:12
BRDA:11,0,0,1
BRDA:11,0,1,1
BRDA:17,1,0,3
BRDA:17,1,1,3
BRDA:20,2,0,8
BRDA:20,2,1,8
BRDA:20,2,2,8
BRDA:20,2,3,8
BRF:8
BRH:8
end_of_record
TN:
SF:src\hooks\useStateWithCallback.ts
FN:3,(anonymous_0)
FN:9,(anonymous_1)
FNF:2
FNH:2
FNDA:1,(anonymous_0)
FNDA:1,(anonymous_1)
DA:1,22
DA:3,22
DA:7,1
DA:9,1
DA:11,1
LF:5
LH:5
BRF:0
BRH:0
end_of_record
TN:
SF:src\hooks\useStepper.ts
FN:3,(anonymous_0)
FN:7,(anonymous_1)
FN:8,(anonymous_2)
FN:9,(anonymous_3)
FNF:4
FNH:4
FNDA:4,(anonymous_0)
FNDA:1,(anonymous_1)
FNDA:1,(anonymous_2)
FNDA:1,(anonymous_3)
DA:1,22
DA:3,22
DA:6,4
DA:7,4
DA:8,4
DA:9,4
DA:10,4
LF:7
LH:7
BRF:0
BRH:0
end_of_record
TN:
SF:src\hooks\useToggle.ts
FN:3,(anonymous_0)
FN:8,(anonymous_1)
FNF:2
FNH:2
FNDA:3,(anonymous_0)
FNDA:2,(anonymous_1)
DA:1,22
DA:3,22
DA:6,3
DA:7,3
DA:9,2
DA:14,3
LF:6
LH:6
BRDA:10,0,0,1
BRDA:10,0,1,1
BRDA:10,1,0,2
BRDA:10,1,1,2
BRF:4
BRH:4
end_of_record
TN:
SF:src\tests\expectToThrow.ts
FN:1,(anonymous_0)
FN:6,(anonymous_1)
FNF:2
FNH:2
FNDA:7,(anonymous_0)
FNDA:19,(anonymous_1)
DA:1,5
DA:5,7
DA:6,19
DA:8,7
DA:10,7
LF:5
LH:5
BRF:0
BRH:0
end_of_record
