TN:
SF:src\index.tsx
FN:1,(anonymous_1)
FN:2,(anonymous_2)
FN:3,(anonymous_3)
FN:4,(anonymous_4)
FN:5,(anonymous_5)
FN:6,(anonymous_6)
FN:7,(anonymous_7)
FN:8,(anonymous_8)
FN:9,(anonymous_9)
FN:10,(anonymous_10)
FN:11,(anonymous_11)
FN:12,(anonymous_12)
FN:12,(anonymous_13)
FN:13,(anonymous_14)
FN:13,(anonymous_15)
FN:13,(anonymous_16)
FN:13,(anonymous_17)
FN:13,(anonymous_18)
FN:14,(anonymous_19)
FN:15,(anonymous_20)
FN:16,(anonymous_21)
FN:17,(anonymous_22)
FNF:22
FNH:22
FNDA:1,(anonymous_1)
FNDA:2,(anonymous_2)
FNDA:2,(anonymous_3)
FNDA:6,(anonymous_4)
FNDA:2,(anonymous_5)
FNDA:5,(anonymous_6)
FNDA:10,(anonymous_7)
FNDA:4,(anonymous_8)
FNDA:1,(anonymous_9)
FNDA:1,(anonymous_10)
FNDA:1,(anonymous_11)
FNDA:3,(anonymous_12)
FNDA:2,(anonymous_13)
FNDA:1,(anonymous_14)
FNDA:2,(anonymous_15)
FNDA:1,(anonymous_16)
FNDA:1,(anonymous_17)
FNDA:1,(anonymous_18)
FNDA:2,(anonymous_19)
FNDA:1,(anonymous_20)
FNDA:4,(anonymous_21)
FNDA:3,(anonymous_22)
DA:1,23
DA:2,24
DA:3,24
DA:4,28
DA:5,24
DA:6,27
DA:7,32
DA:8,26
DA:9,23
DA:10,23
DA:11,23
DA:12,25
DA:13,24
DA:14,24
DA:15,23
DA:16,26
DA:17,25
LF:17
LH:17
BRF:0
BRH:0
end_of_record
TN:
SF:src\components\Menu.tsx
FN:6,(anonymous_1)
FNF:1
FNH:1
FNDA:2,(anonymous_1)
DA:1,22
DA:3,22
DA:4,22
DA:6,22
DA:7,2
DA:18,22
LF:6
LH:6
BRDA:10,0,0,1
BRDA:10,0,1,1
BRF:2
BRH:2
end_of_record
TN:
SF:src\components\TextBox.tsx
FN:6,(anonymous_7)
FN:28,(anonymous_8)
FN:30,(anonymous_9)
FN:32,(anonymous_10)
FN:42,(anonymous_11)
FN:52,(anonymous_12)
FNF:6
FNH:6
FNDA:32,(anonymous_7)
FNDA:1,(anonymous_8)
FNDA:32,(anonymous_9)
FNDA:32,(anonymous_10)
FNDA:96,(anonymous_11)
FNDA:4,(anonymous_12)
DA:1,1
DA:2,1
DA:3,1
DA:6,1
DA:26,32
DA:28,32
DA:30,32
DA:32,32
DA:33,32
DA:34,31
DA:36,4
DA:39,27
DA:42,32
DA:43,96
DA:44,93
DA:46,12
DA:49,81
DA:52,32
DA:53,4
DA:54,4
DA:55,3
DA:56,3
DA:59,32
DA:141,1
LF:24
LH:24
BRDA:7,0,0,30
BRDA:8,1,0,9
BRDA:9,2,0,27
BRDA:9,3,0,2
BRDA:9,3,1,25
BRDA:10,4,0,3
BRDA:11,5,0,32
BRDA:12,6,0,32
BRDA:30,7,0,32
BRDA:30,7,1,32
BRDA:33,8,0,1
BRDA:33,8,1,31
BRDA:35,9,0,4
BRDA:35,9,1,27
BRDA:35,9,2,27
BRDA:43,10,0,3
BRDA:43,10,1,93
BRDA:45,11,0,12
BRDA:45,11,1,81
BRDA:45,11,2,81
BRDA:53,12,0,2
BRDA:53,12,1,2
BRDA:54,13,0,1
BRDA:54,13,1,3
BRDA:56,14,0,2
BRDA:56,14,1,1
BRDA:66,15,0,2
BRDA:66,15,1,30
BRDA:65,16,0,32
BRDA:65,16,1,30
BRDA:70,17,0,1
BRDA:70,17,1,1
BRDA:83,18,0,1
BRDA:83,18,1,31
BRDA:84,19,0,30
BRDA:84,19,1,2
BRDA:88,20,0,30
BRDA:88,20,1,2
BRDA:93,21,0,5
BRDA:93,21,1,27
BRDA:109,22,0,1
BRDA:109,22,1,31
BRDA:111,23,0,2
BRDA:111,23,1,30
BRDA:115,24,0,32
BRDA:115,24,1,32
BRDA:119,25,0,3
BRDA:119,25,1,29
BRDA:124,26,0,1
BRDA:124,26,1,2
BRDA:132,27,0,1
BRDA:132,27,1,31
BRF:52
BRH:52
end_of_record
TN:
SF:src\components\List\List.tsx
FN:5,(anonymous_7)
FN:11,(anonymous_8)
FN:15,(anonymous_9)
FN:16,(anonymous_10)
FN:27,(anonymous_11)
FN:28,(anonymous_12)
FNF:6
FNH:6
FNDA:11,(anonymous_7)
FNDA:6,(anonymous_8)
FNDA:6,(anonymous_9)
FNDA:8,(anonymous_10)
FNDA:6,(anonymous_11)
FNDA:9,(anonymous_12)
DA:1,22
DA:3,22
DA:5,22
DA:10,11
DA:11,6
DA:15,11
DA:16,6
DA:17,8
DA:21,2
DA:26,11
DA:28,6
DA:29,9
DA:30,1
DA:38,8
DA:46,11
DA:53,22
LF:16
LH:16
BRDA:7,0,0,9
BRDA:11,1,0,5
BRDA:11,1,1,1
BRDA:17,2,0,2
BRDA:17,2,1,6
BRDA:18,3,0,8
BRDA:18,3,1,3
BRDA:29,4,0,1
BRDA:29,4,1,8
BRDA:33,5,0,1
BRDA:33,5,1,1
BRDA:33,5,2,1
BRDA:40,6,0,8
BRDA:40,6,1,8
BRDA:40,6,2,8
BRF:15
BRH:15
end_of_record
TN:
SF:src\components\List\ListGroup.tsx
FN:7,(anonymous_7)
FN:14,(anonymous_8)
FN:17,(anonymous_9)
FN:22,(anonymous_10)
FN:23,(anonymous_11)
FN:31,(anonymous_12)
FN:32,(anonymous_13)
FN:46,(anonymous_14)
FNF:8
FNH:8
FNDA:7,(anonymous_7)
FNDA:4,(anonymous_8)
FNDA:5,(anonymous_9)
FNDA:4,(anonymous_10)
FNDA:5,(anonymous_11)
FNDA:4,(anonymous_12)
FNDA:6,(anonymous_13)
FNDA:2,(anonymous_14)
DA:1,22
DA:4,22
DA:5,22
DA:7,22
DA:12,7
DA:13,7
DA:14,4
DA:17,7
DA:18,5
DA:19,1
DA:22,7
DA:23,4
DA:24,5
DA:25,1
DA:30,7
DA:32,4
DA:33,6
DA:42,7
DA:47,2
DA:48,2
DA:65,22
LF:21
LH:21
BRDA:14,0,0,2
BRDA:14,0,1,2
BRDA:18,1,0,1
BRDA:18,1,1,4
BRDA:24,2,0,1
BRDA:24,2,1,4
BRDA:36,3,0,6
BRDA:36,3,1,6
BRDA:48,4,0,1
BRDA:48,4,1,1
BRDA:56,5,0,2
BRDA:56,5,1,5
BRF:12
BRH:12
end_of_record
TN:
SF:src\components\icons\Copyright.tsx
FN:5,(anonymous_7)
FNF:1
FNH:1
FNDA:1,(anonymous_7)
DA:1,23
DA:3,23
DA:5,23
DA:10,1
LF:4
LH:4
BRDA:24,0,0,1
BRDA:24,0,1,1
BRDA:31,1,0,1
BRDA:31,1,1,1
BRF:4
BRH:4
end_of_record
TN:
SF:src\components\icons\Cross.tsx
FN:5,(anonymous_7)
FNF:1
FNH:1
FNDA:1,(anonymous_7)
DA:1,23
DA:3,23
DA:5,23
DA:10,1
LF:4
LH:4
BRDA:20,0,0,1
BRDA:20,0,1,1
BRF:2
BRH:2
end_of_record
TN:
SF:src\components\icons\Google.tsx
FN:5,(anonymous_7)
FNF:1
FNH:1
FNDA:4,(anonymous_7)
DA:1,23
DA:3,23
DA:5,23
DA:6,4
LF:4
LH:4
BRF:0
BRH:0
end_of_record
TN:
SF:src\components\icons\Key.tsx
FN:5,(anonymous_7)
FNF:1
FNH:1
FNDA:2,(anonymous_7)
DA:1,23
DA:3,23
DA:5,23
DA:10,2
LF:4
LH:4
BRDA:24,0,0,2
BRDA:24,0,1,2
BRDA:31,1,0,2
BRDA:31,1,1,2
BRF:4
BRH:4
end_of_record
TN:
SF:src\components\icons\Lock.tsx
FN:5,(anonymous_7)
FNF:1
FNH:1
FNDA:3,(anonymous_7)
DA:1,23
DA:3,23
DA:5,23
DA:13,3
LF:4
LH:4
BRDA:6,0,0,1
BRDA:26,1,0,1
BRDA:26,1,1,2
BRDA:29,2,0,2
BRDA:29,2,1,1
BRDA:28,3,0,3
BRDA:28,3,1,2
BRDA:32,4,0,3
BRDA:32,4,1,3
BRDA:36,5,0,1
BRDA:36,5,1,2
BRF:11
BRH:11
end_of_record
TN:
SF:src\components\icons\index.tsx
FN:1,(anonymous_0)
FN:2,(anonymous_1)
FN:3,(anonymous_2)
FN:4,(anonymous_3)
FN:5,(anonymous_4)
FNF:5
FNH:5
FNDA:1,(anonymous_0)
FNDA:2,(anonymous_1)
FNDA:5,(anonymous_2)
FNDA:1,(anonymous_3)
FNDA:1,(anonymous_4)
DA:1,24
DA:2,25
DA:3,28
DA:4,24
DA:5,24
LF:5
LH:5
BRF:0
BRH:0
end_of_record
TN:
SF:src\tests\expectToThrow.ts
FN:1,(anonymous_0)
FN:6,(anonymous_1)
FNF:2
FNH:2
FNDA:7,(anonymous_0)
FNDA:19,(anonymous_1)
DA:1,5
DA:5,7
DA:6,19
DA:8,7
DA:10,7
LF:5
LH:5
BRF:0
BRH:0
end_of_record
